#***************************************************************************

#sjplacer

#Version:            1.1

#Build Date:         Apr 25 2016 12:55:34

#File Generated:     Oct 8 2016 17:20:27

#Purpose:            

#Copyright (C) 2010-2011 by Softjin Technologies Pvt Ltd. All rights reserved.

#***************************************************************************

Executing : C:\Program Files (x86)\Cypress\PSoC Creator\3.3\PSoC Creator\bin/sjplacer.exe --proj-name Basic_Setup --netlist-vh2 Basic_Setup_p.vh2 --arch-file C:\Program Files (x86)\Cypress\PSoC Creator\3.3\PSoC Creator\dev/arch/p35_udb4x6.ark --rrg-file C:\Program Files (x86)\Cypress\PSoC Creator\3.3\PSoC Creator\dev/psoc5/psoc5lp/route_arch-rrg.cydata --irq-file C:\Program Files (x86)\Cypress\PSoC Creator\3.3\PSoC Creator\dev/psoc5/psoc5lp/irqconn.cydata --drq-file C:\Program Files (x86)\Cypress\PSoC Creator\3.3\PSoC Creator\dev/psoc5/psoc5lp/dmaconn.cydata --dsi-conn-file C:\Program Files (x86)\Cypress\PSoC Creator\3.3\PSoC Creator\dev/psoc5/psoc5lp/dsiconn.cydata --pins-file pins_100-TQFP.xml --lib-file Basic_Setup_p.lib --sdc-file Basic_Setup.sdc --io-pcf Basic_Setup.pci --outdir .

		Softjin Techologies Placer, Version 1.1

Build Date : Apr 25 2016	12:53:53

D2004: Option and Settings Summary
=============================================================
Netlist vh2 file          - Basic_Setup_p.vh2
Architecture file         - C:\Program Files (x86)\Cypress\PSoC Creator\3.3\PSoC Creator\dev/arch/p35_udb4x6.ark
Package                   - 
Defparam file             - 
SDC file                  - Basic_Setup.sdc
Output directory          - .
Timing library            - Basic_Setup_p.lib
IO Placement file         - Basic_Setup.pci

D2050: Starting reading inputs for placer
=============================================================
D2065: Reading netlist file : "Basic_Setup_p.vh2"
D2065: Reading arch file : "C:\Program Files (x86)\Cypress\PSoC Creator\3.3\PSoC Creator\dev/arch/p35_udb4x6.ark"
D2051: Reading of inputs for placer completed successfully

D2053: Starting placement of the design
=============================================================

Phase 2
Phase 3

Design Statistics after Packing
    Number of Combinational MCs 	:	51
    Number of Sequential MCs    	:	120
    Number of DPs               	:	19
    Number of Controls          	:	10
    Number of Status            	:	15
    Number of SyncCells         	:	0
    Number of count7cells       	:	6

Device Utilization Summary after Packing
    Macrocells                  :	171/192
    UDBS                        :	24/24
    IOs                         :	59/72


D2088: Phase 3, elapsed time : 0.0 (sec)

Phase 4
D2088: Phase 4, elapsed time : 0.0 (sec)

Phase 5
D2088: Phase 5, elapsed time : 0.0 (sec)

Phase 6

######################################################################
Placement Timing Summary

The timing summary is based on estimated routing delays after
placement. For final timing report, please carry out the timing
analysis after routing.
======================================================================

######################################################################
                     Clock Summary 
======================================================================
Number of clocks: 17
Clock: ADC_SAR_1_theACLK    | Frequency: N/A       | Target:   1.6 MHz
Clock: ADC_SAR_1_theACLK(routed) | Frequency: N/A       | Target:   1.6 MHz
Clock: ADC_SAR_2_theACLK    | Frequency: N/A       | Target:   1.6 MHz
Clock: ADC_SAR_2_theACLK(routed) | Frequency: N/A       | Target:   1.6 MHz
Clock: Clock_1              | Frequency:  85.3 MHz | Target:   0.0 MHz
Clock: Clock_2              | Frequency:  34.0 MHz | Target:   0.0 MHz
Clock: Clock_3              | Frequency:  56.6 MHz | Target:   0.0 MHz
Clock: CyBUS_CLK            | Frequency:  57.1 MHz | Target:  24.0 MHz
Clock: CyBUS_CLK(fixed-function) | Frequency: N/A       | Target:  24.0 MHz
Clock: CyILO                | Frequency: N/A       | Target:   0.1 MHz
Clock: CyIMO                | Frequency: N/A       | Target:  24.0 MHz
Clock: CyMASTER_CLK         | Frequency: N/A       | Target:  24.0 MHz
Clock: CyPLL_OUT            | Frequency: N/A       | Target:  24.0 MHz
Clock: CyScBoostClk         | Frequency: N/A       | Target:  12.0 MHz
Clock: UART_LINUX_0_IntClock | Frequency:  55.5 MHz | Target:   0.5 MHz
Clock: UART_STIM_0_IntClock | Frequency:  46.6 MHz | Target:   0.5 MHz
Clock: UART_STIM_1_IntClock | Frequency:  31.9 MHz | Target:   0.5 MHz

======================================================================
                     End of Clock Summary
######################################################################

D2088: Phase 6, elapsed time : 0.2 (sec)

Phase 7
######################################################################
                     Clock Summary 
======================================================================
Number of clocks: 17
Clock: ADC_SAR_1_theACLK    | Frequency: N/A       | Target:   1.6 MHz
Clock: ADC_SAR_1_theACLK(routed) | Frequency: N/A       | Target:   1.6 MHz
Clock: ADC_SAR_2_theACLK    | Frequency: N/A       | Target:   1.6 MHz
Clock: ADC_SAR_2_theACLK(routed) | Frequency: N/A       | Target:   1.6 MHz
Clock: Clock_1              | Frequency:  85.3 MHz | Target:   0.0 MHz
Clock: Clock_2              | Frequency:   2.7 MHz | Target:   0.0 MHz
Clock: Clock_3              | Frequency:   3.0 MHz | Target:   0.0 MHz
Clock: CyBUS_CLK            | Frequency:   2.7 MHz | Target:  24.0 MHz
Clock: CyBUS_CLK(fixed-function) | Frequency: N/A       | Target:  24.0 MHz
Clock: CyILO                | Frequency: N/A       | Target:   0.1 MHz
Clock: CyIMO                | Frequency: N/A       | Target:  24.0 MHz
Clock: CyMASTER_CLK         | Frequency: N/A       | Target:  24.0 MHz
Clock: CyPLL_OUT            | Frequency: N/A       | Target:  24.0 MHz
Clock: CyScBoostClk         | Frequency: N/A       | Target:  12.0 MHz
Clock: UART_LINUX_0_IntClock | Frequency:   3.1 MHz | Target:   0.5 MHz
Clock: UART_STIM_0_IntClock | Frequency:  46.6 MHz | Target:   0.5 MHz
Clock: UART_STIM_1_IntClock | Frequency:  31.9 MHz | Target:   0.5 MHz

======================================================================
                     End of Clock Summary
######################################################################
D2088: Phase 7, elapsed time : 2.4 (sec)

Final Design Statistics
    Number of Combinational MCs 	:	51
    Number of Sequential MCs    	:	120
    Number of DPs               	:	19
    Number of Controls          	:	10
    Number of Status            	:	15
    Number of SyncCells         	:	0
    Number of count7cells       	:	6
    Number of IOs       	:	59

Device Utilization Summary
    Macrocells                  :	171/192
    IOs                         :	59/72



######################################################################
Placement Timing Summary

The timing summary is based on estimated routing delays after
placement. For final timing report, please carry out the timing
analysis after routing.
======================================================================


######################################################################
                     Clock Summary 
======================================================================
Number of clocks: 17
Clock: ADC_SAR_1_theACLK    | Frequency: N/A       | Target:   1.6 MHz
Clock: ADC_SAR_1_theACLK(routed) | Frequency: N/A       | Target:   1.6 MHz
Clock: ADC_SAR_2_theACLK    | Frequency: N/A       | Target:   1.6 MHz
Clock: ADC_SAR_2_theACLK(routed) | Frequency: N/A       | Target:   1.6 MHz
Clock: Clock_1              | Frequency:  85.3 MHz | Target:   0.0 MHz
Clock: Clock_2              | Frequency:   2.9 MHz | Target:   0.0 MHz
Clock: Clock_3              | Frequency:   3.1 MHz | Target:   0.0 MHz
Clock: CyBUS_CLK            | Frequency:   2.9 MHz | Target:  24.0 MHz
Clock: CyBUS_CLK(fixed-function) | Frequency: N/A       | Target:  24.0 MHz
Clock: CyILO                | Frequency: N/A       | Target:   0.1 MHz
Clock: CyIMO                | Frequency: N/A       | Target:  24.0 MHz
Clock: CyMASTER_CLK         | Frequency: N/A       | Target:  24.0 MHz
Clock: CyPLL_OUT            | Frequency: N/A       | Target:  24.0 MHz
Clock: CyScBoostClk         | Frequency: N/A       | Target:  12.0 MHz
Clock: UART_LINUX_0_IntClock | Frequency:   3.3 MHz | Target:   0.5 MHz
Clock: UART_STIM_0_IntClock | Frequency:  49.2 MHz | Target:   0.5 MHz
Clock: UART_STIM_1_IntClock | Frequency:  57.2 MHz | Target:   0.5 MHz

======================================================================
                     End of Clock Summary
######################################################################

Phase 8
D2088: Phase 8, elapsed time : 0.0 (sec)

D2054: Placement of the design completed successfully

I2076: Total run-time: 3.6 sec.

