#***************************************************************************

#sjplacer

#Version:            1.1

#Build Date:         Apr 29 2016 09:00:55

#File Generated:     Jan 17 2017 00:24:53

#Purpose:            

#Copyright (C) 2010-2011 by Softjin Technologies Pvt Ltd. All rights reserved.

#***************************************************************************

Executing : C:\Program Files (x86)\Cypress\PSoC Creator\4.0\PSoC Creator\bin/sjplacer.exe --proj-name 02_USB_UART --netlist-vh2 02_USB_UART_p.vh2 --arch-file C:\Program Files (x86)\Cypress\PSoC Creator\4.0\PSoC Creator\dev/arch/p35_udb4x6.ark --rrg-file C:\Program Files (x86)\Cypress\PSoC Creator\4.0\PSoC Creator\dev/psoc5/psoc5lp/route_arch-rrg.cydata --irq-file C:\Program Files (x86)\Cypress\PSoC Creator\4.0\PSoC Creator\dev/psoc5/psoc5lp/irqconn.cydata --drq-file C:\Program Files (x86)\Cypress\PSoC Creator\4.0\PSoC Creator\dev/psoc5/psoc5lp/dmaconn.cydata --dsi-conn-file C:\Program Files (x86)\Cypress\PSoC Creator\4.0\PSoC Creator\dev/psoc5/psoc5lp/dsiconn.cydata --pins-file pins_100-TQFP.xml --lib-file 02_USB_UART_p.lib --sdc-file 02_USB_UART.sdc --io-pcf 02_USB_UART.pci --outdir .

		Softjin Techologies Placer, Version 1.1

Build Date : Apr 29 2016	08:58:44

D2004: Option and Settings Summary
=============================================================
Netlist vh2 file          - 02_USB_UART_p.vh2
Architecture file         - C:\Program Files (x86)\Cypress\PSoC Creator\4.0\PSoC Creator\dev/arch/p35_udb4x6.ark
Package                   - 
Defparam file             - 
SDC file                  - 02_USB_UART.sdc
Output directory          - .
Timing library            - 02_USB_UART_p.lib
IO Placement file         - 02_USB_UART.pci

D2050: Starting reading inputs for placer
=============================================================
D2065: Reading netlist file : "02_USB_UART_p.vh2"
D2065: Reading arch file : "C:\Program Files (x86)\Cypress\PSoC Creator\4.0\PSoC Creator\dev/arch/p35_udb4x6.ark"
D2051: Reading of inputs for placer completed successfully

D2053: Starting placement of the design
=============================================================

Phase 2
Phase 3

Design Statistics after Packing
    Number of Combinational MCs 	:	42
    Number of Sequential MCs    	:	83
    Number of DPs               	:	16
    Number of Controls          	:	6
    Number of Status            	:	11
    Number of SyncCells         	:	0
    Number of count7cells       	:	5

Device Utilization Summary after Packing
    Macrocells                  :	125/192
    UDBS                        :	20/24
    IOs                         :	69/72


D2088: Phase 3, elapsed time : 0.0 (sec)

Phase 4
D2088: Phase 4, elapsed time : 0.0 (sec)

Phase 5
D2088: Phase 5, elapsed time : 0.0 (sec)

Phase 6

######################################################################
Placement Timing Summary

The timing summary is based on estimated routing delays after
placement. For final timing report, please carry out the timing
analysis after routing.
======================================================================

######################################################################
                     Clock Summary 
======================================================================
Number of clocks: 9
Clock: Clock_1              | Frequency:  77.2 MHz | Target:   0.1 MHz
Clock: Clock_2              | Frequency:  41.9 MHz | Target:   0.0 MHz
Clock: CyBUS_CLK            | Frequency:  51.7 MHz | Target:  24.0 MHz
Clock: CyBUS_CLK(fixed-function) | Frequency: N/A       | Target:  24.0 MHz
Clock: CyILO                | Frequency: N/A       | Target:   0.1 MHz
Clock: CyIMO                | Frequency: N/A       | Target:  24.0 MHz
Clock: CyMASTER_CLK         | Frequency: N/A       | Target:  24.0 MHz
Clock: CyPLL_OUT            | Frequency: N/A       | Target:  24.0 MHz
Clock: CyScBoostClk         | Frequency: N/A       | Target:  12.0 MHz

======================================================================
                     End of Clock Summary
######################################################################

D2088: Phase 6, elapsed time : 0.1 (sec)

Phase 7
######################################################################
                     Clock Summary 
======================================================================
Number of clocks: 9
Clock: Clock_1              | Frequency:  61.5 MHz | Target:   0.1 MHz
Clock: Clock_2              | Frequency:   2.7 MHz | Target:   0.0 MHz
Clock: CyBUS_CLK            | Frequency:   2.7 MHz | Target:  24.0 MHz
Clock: CyBUS_CLK(fixed-function) | Frequency: N/A       | Target:  24.0 MHz
Clock: CyILO                | Frequency: N/A       | Target:   0.1 MHz
Clock: CyIMO                | Frequency: N/A       | Target:  24.0 MHz
Clock: CyMASTER_CLK         | Frequency: N/A       | Target:  24.0 MHz
Clock: CyPLL_OUT            | Frequency: N/A       | Target:  24.0 MHz
Clock: CyScBoostClk         | Frequency: N/A       | Target:  12.0 MHz

======================================================================
                     End of Clock Summary
######################################################################
D2088: Phase 7, elapsed time : 1.7 (sec)

Final Design Statistics
    Number of Combinational MCs 	:	42
    Number of Sequential MCs    	:	83
    Number of DPs               	:	16
    Number of Controls          	:	6
    Number of Status            	:	11
    Number of SyncCells         	:	0
    Number of count7cells       	:	5
    Number of IOs       	:	69

Device Utilization Summary
    Macrocells                  :	125/192
    IOs                         :	69/72



######################################################################
Placement Timing Summary

The timing summary is based on estimated routing delays after
placement. For final timing report, please carry out the timing
analysis after routing.
======================================================================


######################################################################
                     Clock Summary 
======================================================================
Number of clocks: 9
Clock: Clock_1              | Frequency:  75.8 MHz | Target:   0.1 MHz
Clock: Clock_2              | Frequency:   2.9 MHz | Target:   0.0 MHz
Clock: CyBUS_CLK            | Frequency:   2.9 MHz | Target:  24.0 MHz
Clock: CyBUS_CLK(fixed-function) | Frequency: N/A       | Target:  24.0 MHz
Clock: CyILO                | Frequency: N/A       | Target:   0.1 MHz
Clock: CyIMO                | Frequency: N/A       | Target:  24.0 MHz
Clock: CyMASTER_CLK         | Frequency: N/A       | Target:  24.0 MHz
Clock: CyPLL_OUT            | Frequency: N/A       | Target:  24.0 MHz
Clock: CyScBoostClk         | Frequency: N/A       | Target:  12.0 MHz

======================================================================
                     End of Clock Summary
######################################################################

Phase 8
D2088: Phase 8, elapsed time : 0.0 (sec)

D2054: Placement of the design completed successfully

I2076: Total run-time: 2.6 sec.

