--------------- Clean Started: 01/18/2017 17:23:56 Project: 02_USB_UART, Configuration: ARM GCC 4.9-2015-q1-update Debug ---------------
Deleting file ".\CortexM3\ARM_GCC_493\Debug\main.o"
Deleting file ".\CortexM3\ARM_GCC_493\Debug\cyfitter_cfg.o"
Deleting file ".\CortexM3\ARM_GCC_493\Debug\cymetadata.o"
Deleting file ".\CortexM3\ARM_GCC_493\Debug\Cm3Start.o"
Deleting file ".\CortexM3\ARM_GCC_493\Debug\CyBootAsmGnu.o"
Deleting file ".\CortexM3\ARM_GCC_493\Debug\CyDmac.o"
Deleting file ".\CortexM3\ARM_GCC_493\Debug\CyFlash.o"
Deleting file ".\CortexM3\ARM_GCC_493\Debug\CyLib.o"
Deleting file ".\CortexM3\ARM_GCC_493\Debug\cyPm.o"
Deleting file ".\CortexM3\ARM_GCC_493\Debug\CySpc.o"
Deleting file ".\CortexM3\ARM_GCC_493\Debug\cyutils.o"
Deleting file ".\CortexM3\ARM_GCC_493\Debug\AIO_0.o"
Deleting file ".\CortexM3\ARM_GCC_493\Debug\AIO_1.o"
Deleting file ".\CortexM3\ARM_GCC_493\Debug\AIO_2.o"
Deleting file ".\CortexM3\ARM_GCC_493\Debug\AIO_3.o"
Deleting file ".\CortexM3\ARM_GCC_493\Debug\AIO_4.o"
Deleting file ".\CortexM3\ARM_GCC_493\Debug\AIO_5.o"
Deleting file ".\CortexM3\ARM_GCC_493\Debug\AIO_6.o"
Deleting file ".\CortexM3\ARM_GCC_493\Debug\AIO_7.o"
Deleting file ".\CortexM3\ARM_GCC_493\Debug\AIO_8.o"
Deleting file ".\CortexM3\ARM_GCC_493\Debug\AIO_9.o"
Deleting file ".\CortexM3\ARM_GCC_493\Debug\AIO_10.o"
Deleting file ".\CortexM3\ARM_GCC_493\Debug\AIO_11.o"
Deleting file ".\CortexM3\ARM_GCC_493\Debug\AIO_12.o"
Deleting file ".\CortexM3\ARM_GCC_493\Debug\AIO_13.o"
Deleting file ".\CortexM3\ARM_GCC_493\Debug\AIO_14.o"
Deleting file ".\CortexM3\ARM_GCC_493\Debug\AIO_15.o"
Deleting file ".\CortexM3\ARM_GCC_493\Debug\DIO_0.o"
Deleting file ".\CortexM3\ARM_GCC_493\Debug\DIO_1.o"
Deleting file ".\CortexM3\ARM_GCC_493\Debug\DIO_2.o"
Deleting file ".\CortexM3\ARM_GCC_493\Debug\DIO_3.o"
Deleting file ".\CortexM3\ARM_GCC_493\Debug\DIO_4.o"
Deleting file ".\CortexM3\ARM_GCC_493\Debug\DIO_5.o"
Deleting file ".\CortexM3\ARM_GCC_493\Debug\DIO_6.o"
Deleting file ".\CortexM3\ARM_GCC_493\Debug\DIO_7.o"
Deleting file ".\CortexM3\ARM_GCC_493\Debug\DIO_8.o"
Deleting file ".\CortexM3\ARM_GCC_493\Debug\DIO_9.o"
Deleting file ".\CortexM3\ARM_GCC_493\Debug\DIO_10.o"
Deleting file ".\CortexM3\ARM_GCC_493\Debug\DIO_11.o"
Deleting file ".\CortexM3\ARM_GCC_493\Debug\DIO_12.o"
Deleting file ".\CortexM3\ARM_GCC_493\Debug\DIO_13.o"
Deleting file ".\CortexM3\ARM_GCC_493\Debug\DIO_14.o"
Deleting file ".\CortexM3\ARM_GCC_493\Debug\LED_B.o"
Deleting file ".\CortexM3\ARM_GCC_493\Debug\LED_G.o"
Deleting file ".\CortexM3\ARM_GCC_493\Debug\LED_R.o"
Deleting file ".\CortexM3\ARM_GCC_493\Debug\KEY_1.o"
Deleting file ".\CortexM3\ARM_GCC_493\Debug\KEY_2.o"
Deleting file ".\CortexM3\ARM_GCC_493\Debug\USBUART_1.o"
Deleting file ".\CortexM3\ARM_GCC_493\Debug\USBUART_1_audio.o"
Deleting file ".\CortexM3\ARM_GCC_493\Debug\USBUART_1_boot.o"
Deleting file ".\CortexM3\ARM_GCC_493\Debug\USBUART_1_cdc.o"
Deleting file ".\CortexM3\ARM_GCC_493\Debug\USBUART_1_cls.o"
Deleting file ".\CortexM3\ARM_GCC_493\Debug\USBUART_1_descr.o"
Deleting file ".\CortexM3\ARM_GCC_493\Debug\USBUART_1_drv.o"
Deleting file ".\CortexM3\ARM_GCC_493\Debug\USBUART_1_episr.o"
Deleting file ".\CortexM3\ARM_GCC_493\Debug\USBUART_1_hid.o"
Deleting file ".\CortexM3\ARM_GCC_493\Debug\USBUART_1_pm.o"
Deleting file ".\CortexM3\ARM_GCC_493\Debug\USBUART_1_std.o"
Deleting file ".\CortexM3\ARM_GCC_493\Debug\USBUART_1_vnd.o"
Deleting file ".\CortexM3\ARM_GCC_493\Debug\USBUART_1_midi.o"
Deleting file ".\CortexM3\ARM_GCC_493\Debug\USBUART_1_msc.o"
Deleting file ".\CortexM3\ARM_GCC_493\Debug\BUZZER.o"
Deleting file ".\CortexM3\ARM_GCC_493\Debug\CAN_1.o"
Deleting file ".\CortexM3\ARM_GCC_493\Debug\CAN_1_INT.o"
Deleting file ".\CortexM3\ARM_GCC_493\Debug\CAN_1_PM.o"
Deleting file ".\CortexM3\ARM_GCC_493\Debug\CAN_1_TX_RX_func.o"
Deleting file ".\CortexM3\ARM_GCC_493\Debug\CAN_TX.o"
Deleting file ".\CortexM3\ARM_GCC_493\Debug\CAN_RX.o"
Deleting file ".\CortexM3\ARM_GCC_493\Debug\UART_MODX_1.o"
Deleting file ".\CortexM3\ARM_GCC_493\Debug\UART_MODX_1_PM.o"
Deleting file ".\CortexM3\ARM_GCC_493\Debug\UART_MODX_1_INT.o"
Deleting file ".\CortexM3\ARM_GCC_493\Debug\UART_MODX_1_BOOT.o"
Deleting file ".\CortexM3\ARM_GCC_493\Debug\UART_MODX_0.o"
Deleting file ".\CortexM3\ARM_GCC_493\Debug\UART_MODX_0_PM.o"
Deleting file ".\CortexM3\ARM_GCC_493\Debug\UART_MODX_0_INT.o"
Deleting file ".\CortexM3\ARM_GCC_493\Debug\UART_MODX_0_BOOT.o"
Deleting file ".\CortexM3\ARM_GCC_493\Debug\UART_MODX_2.o"
Deleting file ".\CortexM3\ARM_GCC_493\Debug\UART_MODX_2_PM.o"
Deleting file ".\CortexM3\ARM_GCC_493\Debug\UART_MODX_2_INT.o"
Deleting file ".\CortexM3\ARM_GCC_493\Debug\UART_MODX_2_BOOT.o"
Deleting file ".\CortexM3\ARM_GCC_493\Debug\UART_STIM_0.o"
Deleting file ".\CortexM3\ARM_GCC_493\Debug\UART_STIM_0_PM.o"
Deleting file ".\CortexM3\ARM_GCC_493\Debug\UART_STIM_0_INT.o"
Deleting file ".\CortexM3\ARM_GCC_493\Debug\UART_STIM_0_BOOT.o"
Deleting file ".\CortexM3\ARM_GCC_493\Debug\UART_STIM_1.o"
Deleting file ".\CortexM3\ARM_GCC_493\Debug\UART_STIM_1_PM.o"
Deleting file ".\CortexM3\ARM_GCC_493\Debug\UART_STIM_1_INT.o"
Deleting file ".\CortexM3\ARM_GCC_493\Debug\UART_STIM_1_BOOT.o"
Deleting file ".\CortexM3\ARM_GCC_493\Debug\Clock_1.o"
Deleting file ".\CortexM3\ARM_GCC_493\Debug\Clock_2.o"
Deleting file ".\CortexM3\ARM_GCC_493\Debug\USBUART_1_Dm.o"
Deleting file ".\CortexM3\ARM_GCC_493\Debug\USBUART_1_Dp.o"
Deleting file ".\CortexM3\ARM_GCC_493\Debug\CyScBoostClk.o"
Deleting file ".\CortexM3\ARM_GCC_493\Debug\SAIO_0.o"
Deleting file ".\CortexM3\ARM_GCC_493\Debug\SAIO_1.o"
Deleting file ".\CortexM3\ARM_GCC_493\Debug\SDIO_0.o"
Deleting file ".\CortexM3\ARM_GCC_493\Debug\SDIO_1.o"
Deleting file ".\CortexM3\ARM_GCC_493\Debug\MODX_1_IO.o"
Deleting file ".\CortexM3\ARM_GCC_493\Debug\MODX_2_IO.o"
Deleting file ".\CortexM3\ARM_GCC_493\Debug\MODX_3_IO.o"
Deleting file ".\CortexM3\ARM_GCC_493\Debug\LIO_6.o"
Deleting file ".\CortexM3\ARM_GCC_493\Debug\LIO_5.o"
Deleting file ".\CortexM3\ARM_GCC_493\Debug\LIO_4.o"
Deleting file ".\CortexM3\ARM_GCC_493\Debug\LIO_3.o"
Deleting file ".\CortexM3\ARM_GCC_493\Debug\LIO_2.o"
Deleting file ".\CortexM3\ARM_GCC_493\Debug\LIO_0.o"
Deleting file ".\CortexM3\ARM_GCC_493\Debug\LIO_1.o"
Deleting file ".\CortexM3\ARM_GCC_493\Debug\LIO_7.o"
Deleting file ".\CortexM3\ARM_GCC_493\Debug\LIO_8.o"
Deleting file ".\CortexM3\ARM_GCC_493\Debug\LIO_9.o"
Deleting file ".\CortexM3\ARM_GCC_493\Debug\LIO_10.o"
Deleting file ".\CortexM3\ARM_GCC_493\Debug\LIO_11.o"
Deleting file ".\CortexM3\ARM_GCC_493\Debug\LIO_12.o"
Deleting file ".\CortexM3\ARM_GCC_493\Debug\LIO_13_RST.o"
Deleting file ".\CortexM3\ARM_GCC_493\Debug\PWM_LED.o"
Deleting file ".\CortexM3\ARM_GCC_493\Debug\PWM_LED_PM.o"
Deleting file ".\CortexM3\ARM_GCC_493\Debug\02_USB_UART.hex"
Deleting file ".\CortexM3\ARM_GCC_493\Debug\02_USB_UART.elf"
Deleting file ".\CortexM3\ARM_GCC_493\Debug\02_USB_UART.map"
Deleting file ".\02_USB_UART.cycdx"
Deleting file ".\02_USB_UART.svd"
Deleting file ".\02_USB_UART.rpt"
Deleting file ".\02_USB_UART_timing.html"
Deleting file ".\CortexM3\ARM_GCC_493\Debug\.deps\SOURCE_C__ARM_GCC_GENERIC.P"
Deleting file ".\CortexM3\ARM_GCC_493\Debug\.deps\SOURCE_ASM__ARM_GCC_GENERIC.P"
--------------- Clean Succeeded: 01/18/2017 17:23:56 ---------------
