ARM GAS  C:\Users\LL_W530\AppData\Local\Temp\cc5ysSah.s 			page 1


   1              		.syntax unified
   2              		.cpu cortex-m3
   3              		.fpu softvfp
   4              		.eabi_attribute 20, 1
   5              		.eabi_attribute 21, 1
   6              		.eabi_attribute 23, 3
   7              		.eabi_attribute 24, 1
   8              		.eabi_attribute 25, 1
   9              		.eabi_attribute 26, 1
  10              		.eabi_attribute 30, 1
  11              		.eabi_attribute 34, 1
  12              		.eabi_attribute 18, 4
  13              		.thumb
  14              		.file	"main.c"
  15              		.text
  16              	.Ltext0:
  17              		.cfi_sections	.debug_frame
  18              		.section	.text.main,"ax",%progbits
  19              		.align	2
  20              		.global	main
  21              		.thumb
  22              		.thumb_func
  23              		.type	main, %function
  24              	main:
  25              	.LFB63:
  26              		.file 1 "main.c"
   1:main.c        **** /* ========================================
   2:main.c        ****  *
   3:main.c        ****  * Copyright YOUR COMPANY, THE YEAR
   4:main.c        ****  * All Rights Reserved
   5:main.c        ****  * UNPUBLISHED, LICENSED SOFTWARE.
   6:main.c        ****  *
   7:main.c        ****  * CONFIDENTIAL AND PROPRIETARY INFORMATION
   8:main.c        ****  * WHICH IS THE PROPERTY OF your company.
   9:main.c        ****  *
  10:main.c        ****  * ========================================
  11:main.c        **** */ 
  12:main.c        **** #include <project.h>
  13:main.c        **** //#include <device.h>
  14:main.c        **** #include <stdio.h>  /* sprintf */
  15:main.c        **** #include <stdlib.h> /* atoi */
  16:main.c        **** 
  17:main.c        **** uint8 Count;
  18:main.c        **** uint8 Buffer[128];
  19:main.c        **** char8 str[80];
  20:main.c        **** char * pch;
  21:main.c        **** int led_value[2];
  22:main.c        **** uint8 data_count;
  23:main.c        **** 
  24:main.c        **** 
  25:main.c        **** int main()
  26:main.c        **** {
  27              		.loc 1 26 0
  28              		.cfi_startproc
  29              		@ Volatile: function does not return.
  30              		@ args = 0, pretend = 0, frame = 0
  31              		@ frame_needed = 0, uses_anonymous_args = 0
ARM GAS  C:\Users\LL_W530\AppData\Local\Temp\cc5ysSah.s 			page 2


  32 0000 08B5     		push	{r3, lr}
  33              		.cfi_def_cfa_offset 8
  34              		.cfi_offset 3, -8
  35              		.cfi_offset 14, -4
  27:main.c        ****     CyGlobalIntEnable; /* Enable global interrupts. */
  36              		.loc 1 27 0
  37              	@ 27 "main.c" 1
  38 0002 62B6     		CPSIE   i
  39              	@ 0 "" 2
  28:main.c        **** 
  29:main.c        ****     /* Place your initialization/startup code here (e.g. MyInst_Start()) */
  30:main.c        ****     USBUART_1_Start(0, USBUART_1_3V_OPERATION);//!!NOTE!! Make sure this matches your board voltage
  40              		.loc 1 30 0
  41              		.thumb
  42 0004 0020     		movs	r0, #0
  43 0006 0146     		mov	r1, r0
  44 0008 FFF7FEFF 		bl	USBUART_1_Start
  45              	.LVL0:
  46              	.L2:
  31:main.c        ****     while(!USBUART_1_bGetConfiguration());
  47              		.loc 1 31 0 discriminator 1
  48 000c FFF7FEFF 		bl	USBUART_1_GetConfiguration
  49              	.LVL1:
  50 0010 0028     		cmp	r0, #0
  51 0012 FBD0     		beq	.L2
  32:main.c        ****     USBUART_1_CDC_Init();
  52              		.loc 1 32 0
  53 0014 FFF7FEFF 		bl	USBUART_1_CDC_Init
  54              	.LVL2:
  33:main.c        ****     PWM_LED_Start();
  55              		.loc 1 33 0
  56 0018 FFF7FEFF 		bl	PWM_LED_Start
  57              	.LVL3:
  58              	.L3:
  34:main.c        ****     
  35:main.c        ****     for(;;)
  36:main.c        ****     {
  37:main.c        ****         /* Place your application code here. */
  38:main.c        ****         //Count = USBUART_1_bGetRxCount(); //OLD API
  39:main.c        ****         Count = USBUART_1_GetCount();
  59              		.loc 1 39 0
  60 001c FFF7FEFF 		bl	USBUART_1_GetCount
  61              	.LVL4:
  62 0020 C0B2     		uxtb	r0, r0
  63 0022 3C4B     		ldr	r3, .L10
  64 0024 1870     		strb	r0, [r3]
  40:main.c        ****         if(Count != 0) /* Check for input data from PC */
  65              		.loc 1 40 0
  66 0026 0028     		cmp	r0, #0
  67 0028 F8D0     		beq	.L3
  41:main.c        ****         {
  42:main.c        ****         	//USBUART_1_ReadAll(Buffer); //OLD API
  43:main.c        ****             USBUART_1_GetAll(Buffer);
  68              		.loc 1 43 0
  69 002a 3B4C     		ldr	r4, .L10+4
  70 002c 2046     		mov	r0, r4
  71 002e FFF7FEFF 		bl	USBUART_1_GetAll
ARM GAS  C:\Users\LL_W530\AppData\Local\Temp\cc5ysSah.s 			page 3


  72              	.LVL5:
  44:main.c        ****         	//USBUART_1_Write(Buffer, Count); /* Echo data back to PC */ //OLD API
  45:main.c        ****             USBUART_1_PutData(Buffer, Count);
  73              		.loc 1 45 0
  74 0032 2046     		mov	r0, r4
  75 0034 374B     		ldr	r3, .L10
  76 0036 1978     		ldrb	r1, [r3]	@ zero_extendqisi2
  77 0038 FFF7FEFF 		bl	USBUART_1_PutData
  78              	.LVL6:
  79              	.L4:
  46:main.c        ****         	//while(!USBUART_1_bTxIsReady()){} /* Wait for Tx to finish */ //OLD API
  47:main.c        ****             while(!USBUART_1_CDCIsReady()){}
  80              		.loc 1 47 0 discriminator 1
  81 003c FFF7FEFF 		bl	USBUART_1_CDCIsReady
  82              	.LVL7:
  83 0040 0028     		cmp	r0, #0
  84 0042 FBD0     		beq	.L4
  48:main.c        ****             
  49:main.c        ****             memset(str,0,strlen(str));
  85              		.loc 1 49 0
  86 0044 354C     		ldr	r4, .L10+8
  87 0046 2046     		mov	r0, r4
  88 0048 FFF7FEFF 		bl	strlen
  89              	.LVL8:
  90 004c 0246     		mov	r2, r0
  91 004e 2046     		mov	r0, r4
  92 0050 0021     		movs	r1, #0
  93 0052 FFF7FEFF 		bl	memset
  94              	.LVL9:
  50:main.c        ****             sprintf(str, ", Count = %u \r\n", Count);
  95              		.loc 1 50 0
  96 0056 2046     		mov	r0, r4
  97 0058 3149     		ldr	r1, .L10+12
  98 005a 2E4B     		ldr	r3, .L10
  99 005c 1A78     		ldrb	r2, [r3]	@ zero_extendqisi2
 100 005e FFF7FEFF 		bl	sprintf
 101              	.LVL10:
  51:main.c        ****             USBUART_1_PutString(str);
 102              		.loc 1 51 0
 103 0062 2046     		mov	r0, r4
 104 0064 FFF7FEFF 		bl	USBUART_1_PutString
 105              	.LVL11:
  52:main.c        ****             
  53:main.c        ****             data_count = 0;
 106              		.loc 1 53 0
 107 0068 0023     		movs	r3, #0
 108 006a 2E4A     		ldr	r2, .L10+16
 109 006c 1370     		strb	r3, [r2]
  54:main.c        ****             led_value[0] = 0;
 110              		.loc 1 54 0
 111 006e 2E4A     		ldr	r2, .L10+20
 112 0070 1360     		str	r3, [r2]
  55:main.c        ****             led_value[1] = 0;
 113              		.loc 1 55 0
 114 0072 5360     		str	r3, [r2, #4]
  56:main.c        ****             pch = NULL;
 115              		.loc 1 56 0
ARM GAS  C:\Users\LL_W530\AppData\Local\Temp\cc5ysSah.s 			page 4


 116 0074 2D4C     		ldr	r4, .L10+24
 117 0076 2360     		str	r3, [r4]
  57:main.c        ****             pch = strtok ((char *)Buffer," ,.-");
 118              		.loc 1 57 0
 119 0078 2748     		ldr	r0, .L10+4
 120 007a 2D49     		ldr	r1, .L10+28
 121 007c FFF7FEFF 		bl	strtok
 122              	.LVL12:
 123 0080 2060     		str	r0, [r4]
  58:main.c        ****              
  59:main.c        ****             while (pch != NULL)
 124              		.loc 1 59 0
 125 0082 0FE0     		b	.L5
 126              	.L6:
  60:main.c        ****             {
  61:main.c        ****             led_value[data_count] = atoi (pch);
 127              		.loc 1 61 0
 128 0084 274C     		ldr	r4, .L10+16
 129 0086 2578     		ldrb	r5, [r4]	@ zero_extendqisi2
 130 0088 FFF7FEFF 		bl	atoi
 131              	.LVL13:
 132 008c 264B     		ldr	r3, .L10+20
 133 008e 43F82500 		str	r0, [r3, r5, lsl #2]
  62:main.c        **** 
  63:main.c        ****             // memset(str,0,strlen(str));
  64:main.c        ****             // sprintf(str,"Str [%d] = %s\n",data_count, pch);
  65:main.c        ****             // USBUART_1_PutString(str);
  66:main.c        ****             // sprintf(str,"Data[%d] = %d\n",data_count, led_value[data_count]);
  67:main.c        ****             // USBUART_1_PutString(str);
  68:main.c        **** 
  69:main.c        ****             pch = strtok (NULL, " ,.-");
 134              		.loc 1 69 0
 135 0092 0020     		movs	r0, #0
 136 0094 2649     		ldr	r1, .L10+28
 137 0096 FFF7FEFF 		bl	strtok
 138              	.LVL14:
 139 009a 244B     		ldr	r3, .L10+24
 140 009c 1860     		str	r0, [r3]
  70:main.c        ****             data_count++;
 141              		.loc 1 70 0
 142 009e 2378     		ldrb	r3, [r4]	@ zero_extendqisi2
 143 00a0 0133     		adds	r3, r3, #1
 144 00a2 2370     		strb	r3, [r4]
 145              	.L5:
  59:main.c        ****             {
 146              		.loc 1 59 0
 147 00a4 214B     		ldr	r3, .L10+24
 148 00a6 1868     		ldr	r0, [r3]
 149 00a8 0028     		cmp	r0, #0
 150 00aa EBD1     		bne	.L6
  71:main.c        ****             }
  72:main.c        ****             
  73:main.c        ****             memset(str,0,strlen(str));
 151              		.loc 1 73 0
 152 00ac 1B4C     		ldr	r4, .L10+8
 153 00ae 2046     		mov	r0, r4
 154 00b0 FFF7FEFF 		bl	strlen
ARM GAS  C:\Users\LL_W530\AppData\Local\Temp\cc5ysSah.s 			page 5


 155              	.LVL15:
 156 00b4 0246     		mov	r2, r0
 157 00b6 2046     		mov	r0, r4
 158 00b8 0021     		movs	r1, #0
 159 00ba FFF7FEFF 		bl	memset
 160              	.LVL16:
  74:main.c        ****             sprintf(str,"data_count = %d\n",data_count);
 161              		.loc 1 74 0
 162 00be 194D     		ldr	r5, .L10+16
 163 00c0 2046     		mov	r0, r4
 164 00c2 1C49     		ldr	r1, .L10+32
 165 00c4 2A78     		ldrb	r2, [r5]	@ zero_extendqisi2
 166 00c6 FFF7FEFF 		bl	sprintf
 167              	.LVL17:
  75:main.c        ****             USBUART_1_PutString(str);
 168              		.loc 1 75 0
 169 00ca 2046     		mov	r0, r4
 170 00cc FFF7FEFF 		bl	USBUART_1_PutString
 171              	.LVL18:
  76:main.c        ****             
  77:main.c        ****             if(data_count == 2){
 172              		.loc 1 77 0
 173 00d0 2B78     		ldrb	r3, [r5]	@ zero_extendqisi2
 174 00d2 022B     		cmp	r3, #2
 175 00d4 A2D1     		bne	.L3
  78:main.c        ****                 PWM_LED_WriteCompare1((uint8)led_value[0]);
 176              		.loc 1 78 0
 177 00d6 144C     		ldr	r4, .L10+20
 178 00d8 2078     		ldrb	r0, [r4]	@ zero_extendqisi2
 179 00da FFF7FEFF 		bl	PWM_LED_WriteCompare1
 180              	.LVL19:
  79:main.c        ****                 PWM_LED_WriteCompare2((uint8)led_value[1]);
 181              		.loc 1 79 0
 182 00de 2079     		ldrb	r0, [r4, #4]	@ zero_extendqisi2
 183 00e0 FFF7FEFF 		bl	PWM_LED_WriteCompare2
 184              	.LVL20:
  80:main.c        ****                 
  81:main.c        ****                 memset(str,0,strlen(str));
 185              		.loc 1 81 0
 186 00e4 0D4C     		ldr	r4, .L10+8
 187 00e6 2046     		mov	r0, r4
 188 00e8 FFF7FEFF 		bl	strlen
 189              	.LVL21:
 190 00ec 0246     		mov	r2, r0
 191 00ee 2046     		mov	r0, r4
 192 00f0 0021     		movs	r1, #0
 193 00f2 FFF7FEFF 		bl	memset
 194              	.LVL22:
  82:main.c        ****                 sprintf(str,"SET LEF = [%d,%d].\n",PWM_LED_ReadCompare1(), PWM_LED_ReadCompare2());
 195              		.loc 1 82 0
 196 00f6 FFF7FEFF 		bl	PWM_LED_ReadCompare1
 197              	.LVL23:
 198 00fa 0546     		mov	r5, r0
 199 00fc FFF7FEFF 		bl	PWM_LED_ReadCompare2
 200              	.LVL24:
 201 0100 0346     		mov	r3, r0
 202 0102 2046     		mov	r0, r4
ARM GAS  C:\Users\LL_W530\AppData\Local\Temp\cc5ysSah.s 			page 6


 203 0104 0C49     		ldr	r1, .L10+36
 204 0106 2A46     		mov	r2, r5
 205 0108 FFF7FEFF 		bl	sprintf
 206              	.LVL25:
  83:main.c        ****                 USBUART_1_PutString(str);
 207              		.loc 1 83 0
 208 010c 2046     		mov	r0, r4
 209 010e FFF7FEFF 		bl	USBUART_1_PutString
 210              	.LVL26:
 211 0112 83E7     		b	.L3
 212              	.L11:
 213              		.align	2
 214              	.L10:
 215 0114 00000000 		.word	Count
 216 0118 00000000 		.word	Buffer
 217 011c 00000000 		.word	str
 218 0120 00000000 		.word	.LC0
 219 0124 00000000 		.word	data_count
 220 0128 00000000 		.word	led_value
 221 012c 00000000 		.word	pch
 222 0130 10000000 		.word	.LC1
 223 0134 18000000 		.word	.LC2
 224 0138 2C000000 		.word	.LC3
 225              		.cfi_endproc
 226              	.LFE63:
 227              		.size	main, .-main
 228              		.comm	data_count,1,1
 229              		.comm	led_value,8,4
 230              		.comm	pch,4,4
 231              		.comm	str,80,4
 232              		.comm	Buffer,128,4
 233              		.comm	Count,1,1
 234              		.section	.rodata.str1.4,"aMS",%progbits,1
 235              		.align	2
 236              	.LC0:
 237 0000 2C20436F 		.ascii	", Count = %u \015\012\000"
 237      756E7420 
 237      3D202575 
 237      200D0A00 
 238              	.LC1:
 239 0010 202C2E2D 		.ascii	" ,.-\000"
 239      00
 240 0015 000000   		.space	3
 241              	.LC2:
 242 0018 64617461 		.ascii	"data_count = %d\012\000"
 242      5F636F75 
 242      6E74203D 
 242      2025640A 
 242      00
 243 0029 000000   		.space	3
 244              	.LC3:
 245 002c 53455420 		.ascii	"SET LEF = [%d,%d].\012\000"
 245      4C454620 
 245      3D205B25 
 245      642C2564 
 245      5D2E0A00 
 246              		.text
ARM GAS  C:\Users\LL_W530\AppData\Local\Temp\cc5ysSah.s 			page 7


 247              	.Letext0:
 248              		.file 2 "c:\\program files (x86)\\cypress\\psoc creator\\4.0\\psoc creator\\import\\gnu\\arm\\4.9.
 249              		.file 3 "c:\\program files (x86)\\cypress\\psoc creator\\4.0\\psoc creator\\import\\gnu\\arm\\4.9.
 250              		.file 4 "Generated_Source\\PSoC5/cytypes.h"
 251              		.file 5 "c:\\program files (x86)\\cypress\\psoc creator\\4.0\\psoc creator\\import\\gnu\\arm\\4.9.
 252              		.file 6 "Generated_Source\\PSoC5/core_cm3.h"
 253              		.file 7 "Generated_Source\\PSoC5/USBUART_1.h"
 254              		.file 8 "Generated_Source\\PSoC5/USBUART_1_cdc.h"
 255              		.file 9 "c:\\program files (x86)\\cypress\\psoc creator\\4.0\\psoc creator\\import\\gnu\\arm\\4.9.
 256              		.file 10 "c:\\program files (x86)\\cypress\\psoc creator\\4.0\\psoc creator\\import\\gnu\\arm\\4.9
 257              		.file 11 "c:\\program files (x86)\\cypress\\psoc creator\\4.0\\psoc creator\\import\\gnu\\arm\\4.9
 258              		.file 12 "Generated_Source\\PSoC5/PWM_LED.h"
 259              		.section	.debug_info,"",%progbits
 260              	.Ldebug_info0:
 261 0000 E6040000 		.4byte	0x4e6
 262 0004 0400     		.2byte	0x4
 263 0006 00000000 		.4byte	.Ldebug_abbrev0
 264 000a 04       		.byte	0x4
 265 000b 01       		.uleb128 0x1
 266 000c AB010000 		.4byte	.LASF41
 267 0010 01       		.byte	0x1
 268 0011 67020000 		.4byte	.LASF42
 269 0015 37010000 		.4byte	.LASF43
 270 0019 00000000 		.4byte	.Ldebug_ranges0+0
 271 001d 00000000 		.4byte	0
 272 0021 00000000 		.4byte	.Ldebug_line0
 273 0025 02       		.uleb128 0x2
 274 0026 01       		.byte	0x1
 275 0027 06       		.byte	0x6
 276 0028 CB020000 		.4byte	.LASF0
 277 002c 02       		.uleb128 0x2
 278 002d 01       		.byte	0x1
 279 002e 08       		.byte	0x8
 280 002f 8B000000 		.4byte	.LASF1
 281 0033 02       		.uleb128 0x2
 282 0034 02       		.byte	0x2
 283 0035 05       		.byte	0x5
 284 0036 86020000 		.4byte	.LASF2
 285 003a 02       		.uleb128 0x2
 286 003b 02       		.byte	0x2
 287 003c 07       		.byte	0x7
 288 003d B1000000 		.4byte	.LASF3
 289 0041 03       		.uleb128 0x3
 290 0042 3E000000 		.4byte	.LASF9
 291 0046 02       		.byte	0x2
 292 0047 3F       		.byte	0x3f
 293 0048 4C000000 		.4byte	0x4c
 294 004c 02       		.uleb128 0x2
 295 004d 04       		.byte	0x4
 296 004e 05       		.byte	0x5
 297 004f C2020000 		.4byte	.LASF4
 298 0053 02       		.uleb128 0x2
 299 0054 04       		.byte	0x4
 300 0055 07       		.byte	0x7
 301 0056 9F000000 		.4byte	.LASF5
 302 005a 02       		.uleb128 0x2
 303 005b 08       		.byte	0x8
ARM GAS  C:\Users\LL_W530\AppData\Local\Temp\cc5ysSah.s 			page 8


 304 005c 05       		.byte	0x5
 305 005d 59020000 		.4byte	.LASF6
 306 0061 02       		.uleb128 0x2
 307 0062 08       		.byte	0x8
 308 0063 07       		.byte	0x7
 309 0064 80010000 		.4byte	.LASF7
 310 0068 04       		.uleb128 0x4
 311 0069 04       		.byte	0x4
 312 006a 05       		.byte	0x5
 313 006b 696E7400 		.ascii	"int\000"
 314 006f 02       		.uleb128 0x2
 315 0070 04       		.byte	0x4
 316 0071 07       		.byte	0x7
 317 0072 48000000 		.4byte	.LASF8
 318 0076 03       		.uleb128 0x3
 319 0077 48020000 		.4byte	.LASF10
 320 007b 03       		.byte	0x3
 321 007c 2C       		.byte	0x2c
 322 007d 41000000 		.4byte	0x41
 323 0081 05       		.uleb128 0x5
 324 0082 90020000 		.4byte	.LASF11
 325 0086 04       		.byte	0x4
 326 0087 9201     		.2byte	0x192
 327 0089 2C000000 		.4byte	0x2c
 328 008d 05       		.uleb128 0x5
 329 008e 04010000 		.4byte	.LASF12
 330 0092 04       		.byte	0x4
 331 0093 9301     		.2byte	0x193
 332 0095 3A000000 		.4byte	0x3a
 333 0099 02       		.uleb128 0x2
 334 009a 04       		.byte	0x4
 335 009b 04       		.byte	0x4
 336 009c 7F000000 		.4byte	.LASF13
 337 00a0 02       		.uleb128 0x2
 338 00a1 08       		.byte	0x8
 339 00a2 04       		.byte	0x4
 340 00a3 E6000000 		.4byte	.LASF14
 341 00a7 05       		.uleb128 0x5
 342 00a8 99000000 		.4byte	.LASF15
 343 00ac 04       		.byte	0x4
 344 00ad A301     		.2byte	0x1a3
 345 00af B3000000 		.4byte	0xb3
 346 00b3 02       		.uleb128 0x2
 347 00b4 01       		.byte	0x1
 348 00b5 08       		.byte	0x8
 349 00b6 6E020000 		.4byte	.LASF16
 350 00ba 03       		.uleb128 0x3
 351 00bb 00000000 		.4byte	.LASF17
 352 00bf 05       		.byte	0x5
 353 00c0 D4       		.byte	0xd4
 354 00c1 6F000000 		.4byte	0x6f
 355 00c5 02       		.uleb128 0x2
 356 00c6 04       		.byte	0x4
 357 00c7 07       		.byte	0x7
 358 00c8 50020000 		.4byte	.LASF18
 359 00cc 06       		.uleb128 0x6
 360 00cd 04       		.byte	0x4
ARM GAS  C:\Users\LL_W530\AppData\Local\Temp\cc5ysSah.s 			page 9


 361 00ce 07       		.uleb128 0x7
 362 00cf 04       		.byte	0x4
 363 00d0 B3000000 		.4byte	0xb3
 364 00d4 07       		.uleb128 0x7
 365 00d5 04       		.byte	0x4
 366 00d6 DA000000 		.4byte	0xda
 367 00da 08       		.uleb128 0x8
 368 00db B3000000 		.4byte	0xb3
 369 00df 09       		.uleb128 0x9
 370 00e0 FF000000 		.4byte	.LASF44
 371 00e4 01       		.byte	0x1
 372 00e5 19       		.byte	0x19
 373 00e6 68000000 		.4byte	0x68
 374 00ea 00000000 		.4byte	.LFB63
 375 00ee 3C010000 		.4byte	.LFE63-.LFB63
 376 00f2 01       		.uleb128 0x1
 377 00f3 9C       		.byte	0x9c
 378 00f4 EB020000 		.4byte	0x2eb
 379 00f8 0A       		.uleb128 0xa
 380 00f9 0C000000 		.4byte	.LVL0
 381 00fd 92030000 		.4byte	0x392
 382 0101 10010000 		.4byte	0x110
 383 0105 0B       		.uleb128 0xb
 384 0106 01       		.uleb128 0x1
 385 0107 51       		.byte	0x51
 386 0108 01       		.uleb128 0x1
 387 0109 30       		.byte	0x30
 388 010a 0B       		.uleb128 0xb
 389 010b 01       		.uleb128 0x1
 390 010c 50       		.byte	0x50
 391 010d 01       		.uleb128 0x1
 392 010e 30       		.byte	0x30
 393 010f 00       		.byte	0
 394 0110 0C       		.uleb128 0xc
 395 0111 10000000 		.4byte	.LVL1
 396 0115 A9030000 		.4byte	0x3a9
 397 0119 0C       		.uleb128 0xc
 398 011a 18000000 		.4byte	.LVL2
 399 011e B5030000 		.4byte	0x3b5
 400 0122 0C       		.uleb128 0xc
 401 0123 1C000000 		.4byte	.LVL3
 402 0127 C0030000 		.4byte	0x3c0
 403 012b 0C       		.uleb128 0xc
 404 012c 20000000 		.4byte	.LVL4
 405 0130 C7030000 		.4byte	0x3c7
 406 0134 0A       		.uleb128 0xa
 407 0135 32000000 		.4byte	.LVL5
 408 0139 D2030000 		.4byte	0x3d2
 409 013d 48010000 		.4byte	0x148
 410 0141 0B       		.uleb128 0xb
 411 0142 01       		.uleb128 0x1
 412 0143 50       		.byte	0x50
 413 0144 02       		.uleb128 0x2
 414 0145 74       		.byte	0x74
 415 0146 00       		.sleb128 0
 416 0147 00       		.byte	0
 417 0148 0A       		.uleb128 0xa
ARM GAS  C:\Users\LL_W530\AppData\Local\Temp\cc5ysSah.s 			page 10


 418 0149 3C000000 		.4byte	.LVL6
 419 014d ED030000 		.4byte	0x3ed
 420 0151 5C010000 		.4byte	0x15c
 421 0155 0B       		.uleb128 0xb
 422 0156 01       		.uleb128 0x1
 423 0157 50       		.byte	0x50
 424 0158 02       		.uleb128 0x2
 425 0159 74       		.byte	0x74
 426 015a 00       		.sleb128 0
 427 015b 00       		.byte	0
 428 015c 0C       		.uleb128 0xc
 429 015d 40000000 		.4byte	.LVL7
 430 0161 0E040000 		.4byte	0x40e
 431 0165 0A       		.uleb128 0xa
 432 0166 4C000000 		.4byte	.LVL8
 433 016a 19040000 		.4byte	0x419
 434 016e 79010000 		.4byte	0x179
 435 0172 0B       		.uleb128 0xb
 436 0173 01       		.uleb128 0x1
 437 0174 50       		.byte	0x50
 438 0175 02       		.uleb128 0x2
 439 0176 74       		.byte	0x74
 440 0177 00       		.sleb128 0
 441 0178 00       		.byte	0
 442 0179 0A       		.uleb128 0xa
 443 017a 56000000 		.4byte	.LVL9
 444 017e 2E040000 		.4byte	0x42e
 445 0182 92010000 		.4byte	0x192
 446 0186 0B       		.uleb128 0xb
 447 0187 01       		.uleb128 0x1
 448 0188 51       		.byte	0x51
 449 0189 01       		.uleb128 0x1
 450 018a 30       		.byte	0x30
 451 018b 0B       		.uleb128 0xb
 452 018c 01       		.uleb128 0x1
 453 018d 50       		.byte	0x50
 454 018e 02       		.uleb128 0x2
 455 018f 74       		.byte	0x74
 456 0190 00       		.sleb128 0
 457 0191 00       		.byte	0
 458 0192 0A       		.uleb128 0xa
 459 0193 62000000 		.4byte	.LVL10
 460 0197 4B040000 		.4byte	0x44b
 461 019b AF010000 		.4byte	0x1af
 462 019f 0B       		.uleb128 0xb
 463 01a0 01       		.uleb128 0x1
 464 01a1 51       		.byte	0x51
 465 01a2 05       		.uleb128 0x5
 466 01a3 03       		.byte	0x3
 467 01a4 00000000 		.4byte	.LC0
 468 01a8 0B       		.uleb128 0xb
 469 01a9 01       		.uleb128 0x1
 470 01aa 50       		.byte	0x50
 471 01ab 02       		.uleb128 0x2
 472 01ac 74       		.byte	0x74
 473 01ad 00       		.sleb128 0
 474 01ae 00       		.byte	0
ARM GAS  C:\Users\LL_W530\AppData\Local\Temp\cc5ysSah.s 			page 11


 475 01af 0A       		.uleb128 0xa
 476 01b0 68000000 		.4byte	.LVL11
 477 01b4 66040000 		.4byte	0x466
 478 01b8 C3010000 		.4byte	0x1c3
 479 01bc 0B       		.uleb128 0xb
 480 01bd 01       		.uleb128 0x1
 481 01be 50       		.byte	0x50
 482 01bf 02       		.uleb128 0x2
 483 01c0 74       		.byte	0x74
 484 01c1 00       		.sleb128 0
 485 01c2 00       		.byte	0
 486 01c3 0A       		.uleb128 0xa
 487 01c4 80000000 		.4byte	.LVL12
 488 01c8 82040000 		.4byte	0x482
 489 01cc E3010000 		.4byte	0x1e3
 490 01d0 0B       		.uleb128 0xb
 491 01d1 01       		.uleb128 0x1
 492 01d2 51       		.byte	0x51
 493 01d3 05       		.uleb128 0x5
 494 01d4 03       		.byte	0x3
 495 01d5 10000000 		.4byte	.LC1
 496 01d9 0B       		.uleb128 0xb
 497 01da 01       		.uleb128 0x1
 498 01db 50       		.byte	0x50
 499 01dc 05       		.uleb128 0x5
 500 01dd 03       		.byte	0x3
 501 01de 00000000 		.4byte	Buffer
 502 01e2 00       		.byte	0
 503 01e3 0C       		.uleb128 0xc
 504 01e4 8C000000 		.4byte	.LVL13
 505 01e8 9C040000 		.4byte	0x49c
 506 01ec 0A       		.uleb128 0xa
 507 01ed 9A000000 		.4byte	.LVL14
 508 01f1 82040000 		.4byte	0x482
 509 01f5 08020000 		.4byte	0x208
 510 01f9 0B       		.uleb128 0xb
 511 01fa 01       		.uleb128 0x1
 512 01fb 51       		.byte	0x51
 513 01fc 05       		.uleb128 0x5
 514 01fd 03       		.byte	0x3
 515 01fe 10000000 		.4byte	.LC1
 516 0202 0B       		.uleb128 0xb
 517 0203 01       		.uleb128 0x1
 518 0204 50       		.byte	0x50
 519 0205 01       		.uleb128 0x1
 520 0206 30       		.byte	0x30
 521 0207 00       		.byte	0
 522 0208 0A       		.uleb128 0xa
 523 0209 B4000000 		.4byte	.LVL15
 524 020d 19040000 		.4byte	0x419
 525 0211 1C020000 		.4byte	0x21c
 526 0215 0B       		.uleb128 0xb
 527 0216 01       		.uleb128 0x1
 528 0217 50       		.byte	0x50
 529 0218 02       		.uleb128 0x2
 530 0219 74       		.byte	0x74
 531 021a 00       		.sleb128 0
ARM GAS  C:\Users\LL_W530\AppData\Local\Temp\cc5ysSah.s 			page 12


 532 021b 00       		.byte	0
 533 021c 0A       		.uleb128 0xa
 534 021d BE000000 		.4byte	.LVL16
 535 0221 2E040000 		.4byte	0x42e
 536 0225 35020000 		.4byte	0x235
 537 0229 0B       		.uleb128 0xb
 538 022a 01       		.uleb128 0x1
 539 022b 51       		.byte	0x51
 540 022c 01       		.uleb128 0x1
 541 022d 30       		.byte	0x30
 542 022e 0B       		.uleb128 0xb
 543 022f 01       		.uleb128 0x1
 544 0230 50       		.byte	0x50
 545 0231 02       		.uleb128 0x2
 546 0232 74       		.byte	0x74
 547 0233 00       		.sleb128 0
 548 0234 00       		.byte	0
 549 0235 0A       		.uleb128 0xa
 550 0236 CA000000 		.4byte	.LVL17
 551 023a 4B040000 		.4byte	0x44b
 552 023e 52020000 		.4byte	0x252
 553 0242 0B       		.uleb128 0xb
 554 0243 01       		.uleb128 0x1
 555 0244 51       		.byte	0x51
 556 0245 05       		.uleb128 0x5
 557 0246 03       		.byte	0x3
 558 0247 18000000 		.4byte	.LC2
 559 024b 0B       		.uleb128 0xb
 560 024c 01       		.uleb128 0x1
 561 024d 50       		.byte	0x50
 562 024e 02       		.uleb128 0x2
 563 024f 74       		.byte	0x74
 564 0250 00       		.sleb128 0
 565 0251 00       		.byte	0
 566 0252 0A       		.uleb128 0xa
 567 0253 D0000000 		.4byte	.LVL18
 568 0257 66040000 		.4byte	0x466
 569 025b 66020000 		.4byte	0x266
 570 025f 0B       		.uleb128 0xb
 571 0260 01       		.uleb128 0x1
 572 0261 50       		.byte	0x50
 573 0262 02       		.uleb128 0x2
 574 0263 74       		.byte	0x74
 575 0264 00       		.sleb128 0
 576 0265 00       		.byte	0
 577 0266 0C       		.uleb128 0xc
 578 0267 DE000000 		.4byte	.LVL19
 579 026b B1040000 		.4byte	0x4b1
 580 026f 0C       		.uleb128 0xc
 581 0270 E4000000 		.4byte	.LVL20
 582 0274 C2040000 		.4byte	0x4c2
 583 0278 0A       		.uleb128 0xa
 584 0279 EC000000 		.4byte	.LVL21
 585 027d 19040000 		.4byte	0x419
 586 0281 8C020000 		.4byte	0x28c
 587 0285 0B       		.uleb128 0xb
 588 0286 01       		.uleb128 0x1
ARM GAS  C:\Users\LL_W530\AppData\Local\Temp\cc5ysSah.s 			page 13


 589 0287 50       		.byte	0x50
 590 0288 02       		.uleb128 0x2
 591 0289 74       		.byte	0x74
 592 028a 00       		.sleb128 0
 593 028b 00       		.byte	0
 594 028c 0A       		.uleb128 0xa
 595 028d F6000000 		.4byte	.LVL22
 596 0291 2E040000 		.4byte	0x42e
 597 0295 A5020000 		.4byte	0x2a5
 598 0299 0B       		.uleb128 0xb
 599 029a 01       		.uleb128 0x1
 600 029b 51       		.byte	0x51
 601 029c 01       		.uleb128 0x1
 602 029d 30       		.byte	0x30
 603 029e 0B       		.uleb128 0xb
 604 029f 01       		.uleb128 0x1
 605 02a0 50       		.byte	0x50
 606 02a1 02       		.uleb128 0x2
 607 02a2 74       		.byte	0x74
 608 02a3 00       		.sleb128 0
 609 02a4 00       		.byte	0
 610 02a5 0C       		.uleb128 0xc
 611 02a6 FA000000 		.4byte	.LVL23
 612 02aa D3040000 		.4byte	0x4d3
 613 02ae 0C       		.uleb128 0xc
 614 02af 00010000 		.4byte	.LVL24
 615 02b3 DE040000 		.4byte	0x4de
 616 02b7 0A       		.uleb128 0xa
 617 02b8 0C010000 		.4byte	.LVL25
 618 02bc 4B040000 		.4byte	0x44b
 619 02c0 DA020000 		.4byte	0x2da
 620 02c4 0B       		.uleb128 0xb
 621 02c5 01       		.uleb128 0x1
 622 02c6 52       		.byte	0x52
 623 02c7 02       		.uleb128 0x2
 624 02c8 75       		.byte	0x75
 625 02c9 00       		.sleb128 0
 626 02ca 0B       		.uleb128 0xb
 627 02cb 01       		.uleb128 0x1
 628 02cc 51       		.byte	0x51
 629 02cd 05       		.uleb128 0x5
 630 02ce 03       		.byte	0x3
 631 02cf 2C000000 		.4byte	.LC3
 632 02d3 0B       		.uleb128 0xb
 633 02d4 01       		.uleb128 0x1
 634 02d5 50       		.byte	0x50
 635 02d6 02       		.uleb128 0x2
 636 02d7 74       		.byte	0x74
 637 02d8 00       		.sleb128 0
 638 02d9 00       		.byte	0
 639 02da 0D       		.uleb128 0xd
 640 02db 12010000 		.4byte	.LVL26
 641 02df 66040000 		.4byte	0x466
 642 02e3 0B       		.uleb128 0xb
 643 02e4 01       		.uleb128 0x1
 644 02e5 50       		.byte	0x50
 645 02e6 02       		.uleb128 0x2
ARM GAS  C:\Users\LL_W530\AppData\Local\Temp\cc5ysSah.s 			page 14


 646 02e7 74       		.byte	0x74
 647 02e8 00       		.sleb128 0
 648 02e9 00       		.byte	0
 649 02ea 00       		.byte	0
 650 02eb 0E       		.uleb128 0xe
 651 02ec D2000000 		.4byte	.LASF19
 652 02f0 06       		.byte	0x6
 653 02f1 9606     		.2byte	0x696
 654 02f3 F7020000 		.4byte	0x2f7
 655 02f7 0F       		.uleb128 0xf
 656 02f8 76000000 		.4byte	0x76
 657 02fc 10       		.uleb128 0x10
 658 02fd 85000000 		.4byte	.LASF20
 659 0301 01       		.byte	0x1
 660 0302 11       		.byte	0x11
 661 0303 81000000 		.4byte	0x81
 662 0307 05       		.uleb128 0x5
 663 0308 03       		.byte	0x3
 664 0309 00000000 		.4byte	Count
 665 030d 11       		.uleb128 0x11
 666 030e 81000000 		.4byte	0x81
 667 0312 1D030000 		.4byte	0x31d
 668 0316 12       		.uleb128 0x12
 669 0317 C5000000 		.4byte	0xc5
 670 031b 7F       		.byte	0x7f
 671 031c 00       		.byte	0
 672 031d 10       		.uleb128 0x10
 673 031e A6020000 		.4byte	.LASF21
 674 0322 01       		.byte	0x1
 675 0323 12       		.byte	0x12
 676 0324 0D030000 		.4byte	0x30d
 677 0328 05       		.uleb128 0x5
 678 0329 03       		.byte	0x3
 679 032a 00000000 		.4byte	Buffer
 680 032e 11       		.uleb128 0x11
 681 032f A7000000 		.4byte	0xa7
 682 0333 3E030000 		.4byte	0x33e
 683 0337 12       		.uleb128 0x12
 684 0338 C5000000 		.4byte	0xc5
 685 033c 4F       		.byte	0x4f
 686 033d 00       		.byte	0
 687 033e 13       		.uleb128 0x13
 688 033f 73747200 		.ascii	"str\000"
 689 0343 01       		.byte	0x1
 690 0344 13       		.byte	0x13
 691 0345 2E030000 		.4byte	0x32e
 692 0349 05       		.uleb128 0x5
 693 034a 03       		.byte	0x3
 694 034b 00000000 		.4byte	str
 695 034f 13       		.uleb128 0x13
 696 0350 70636800 		.ascii	"pch\000"
 697 0354 01       		.byte	0x1
 698 0355 14       		.byte	0x14
 699 0356 CE000000 		.4byte	0xce
 700 035a 05       		.uleb128 0x5
 701 035b 03       		.byte	0x3
 702 035c 00000000 		.4byte	pch
ARM GAS  C:\Users\LL_W530\AppData\Local\Temp\cc5ysSah.s 			page 15


 703 0360 11       		.uleb128 0x11
 704 0361 68000000 		.4byte	0x68
 705 0365 70030000 		.4byte	0x370
 706 0369 12       		.uleb128 0x12
 707 036a C5000000 		.4byte	0xc5
 708 036e 01       		.byte	0x1
 709 036f 00       		.byte	0
 710 0370 10       		.uleb128 0x10
 711 0371 3E020000 		.4byte	.LASF22
 712 0375 01       		.byte	0x1
 713 0376 15       		.byte	0x15
 714 0377 60030000 		.4byte	0x360
 715 037b 05       		.uleb128 0x5
 716 037c 03       		.byte	0x3
 717 037d 00000000 		.4byte	led_value
 718 0381 10       		.uleb128 0x10
 719 0382 33000000 		.4byte	.LASF23
 720 0386 01       		.byte	0x1
 721 0387 16       		.byte	0x16
 722 0388 81000000 		.4byte	0x81
 723 038c 05       		.uleb128 0x5
 724 038d 03       		.byte	0x3
 725 038e 00000000 		.4byte	data_count
 726 0392 14       		.uleb128 0x14
 727 0393 96020000 		.4byte	.LASF27
 728 0397 07       		.byte	0x7
 729 0398 2A01     		.2byte	0x12a
 730 039a A9030000 		.4byte	0x3a9
 731 039e 15       		.uleb128 0x15
 732 039f 81000000 		.4byte	0x81
 733 03a3 15       		.uleb128 0x15
 734 03a4 81000000 		.4byte	0x81
 735 03a8 00       		.byte	0
 736 03a9 16       		.uleb128 0x16
 737 03aa 07000000 		.4byte	.LASF24
 738 03ae 07       		.byte	0x7
 739 03af 2D01     		.2byte	0x12d
 740 03b1 81000000 		.4byte	0x81
 741 03b5 17       		.uleb128 0x17
 742 03b6 DF020000 		.4byte	.LASF25
 743 03ba 08       		.byte	0x8
 744 03bb 22       		.byte	0x22
 745 03bc 81000000 		.4byte	0x81
 746 03c0 18       		.uleb128 0x18
 747 03c1 C4000000 		.4byte	.LASF45
 748 03c5 0C       		.byte	0xc
 749 03c6 92       		.byte	0x92
 750 03c7 17       		.uleb128 0x17
 751 03c8 73020000 		.4byte	.LASF26
 752 03cc 08       		.byte	0x8
 753 03cd 27       		.byte	0x27
 754 03ce 8D000000 		.4byte	0x8d
 755 03d2 19       		.uleb128 0x19
 756 03d3 22000000 		.4byte	.LASF30
 757 03d7 08       		.byte	0x8
 758 03d8 2B       		.byte	0x2b
 759 03d9 8D000000 		.4byte	0x8d
ARM GAS  C:\Users\LL_W530\AppData\Local\Temp\cc5ysSah.s 			page 16


 760 03dd E7030000 		.4byte	0x3e7
 761 03e1 15       		.uleb128 0x15
 762 03e2 E7030000 		.4byte	0x3e7
 763 03e6 00       		.byte	0
 764 03e7 07       		.uleb128 0x7
 765 03e8 04       		.byte	0x4
 766 03e9 81000000 		.4byte	0x81
 767 03ed 1A       		.uleb128 0x1a
 768 03ee ED000000 		.4byte	.LASF28
 769 03f2 08       		.byte	0x8
 770 03f3 23       		.byte	0x23
 771 03f4 03040000 		.4byte	0x403
 772 03f8 15       		.uleb128 0x15
 773 03f9 03040000 		.4byte	0x403
 774 03fd 15       		.uleb128 0x15
 775 03fe 8D000000 		.4byte	0x8d
 776 0402 00       		.byte	0
 777 0403 07       		.uleb128 0x7
 778 0404 04       		.byte	0x4
 779 0405 09040000 		.4byte	0x409
 780 0409 08       		.uleb128 0x8
 781 040a 81000000 		.4byte	0x81
 782 040e 17       		.uleb128 0x17
 783 040f AD020000 		.4byte	.LASF29
 784 0413 08       		.byte	0x8
 785 0414 28       		.byte	0x28
 786 0415 81000000 		.4byte	0x81
 787 0419 19       		.uleb128 0x19
 788 041a 72010000 		.4byte	.LASF31
 789 041e 09       		.byte	0x9
 790 041f 21       		.byte	0x21
 791 0420 BA000000 		.4byte	0xba
 792 0424 2E040000 		.4byte	0x42e
 793 0428 15       		.uleb128 0x15
 794 0429 D4000000 		.4byte	0xd4
 795 042d 00       		.byte	0
 796 042e 1B       		.uleb128 0x1b
 797 042f DF000000 		.4byte	.LASF32
 798 0433 CC000000 		.4byte	0xcc
 799 0437 4B040000 		.4byte	0x44b
 800 043b 15       		.uleb128 0x15
 801 043c CC000000 		.4byte	0xcc
 802 0440 15       		.uleb128 0x15
 803 0441 68000000 		.4byte	0x68
 804 0445 15       		.uleb128 0x15
 805 0446 C5000000 		.4byte	0xc5
 806 044a 00       		.byte	0
 807 044b 19       		.uleb128 0x19
 808 044c D7020000 		.4byte	.LASF33
 809 0450 0A       		.byte	0xa
 810 0451 DE       		.byte	0xde
 811 0452 68000000 		.4byte	0x68
 812 0456 66040000 		.4byte	0x466
 813 045a 15       		.uleb128 0x15
 814 045b CE000000 		.4byte	0xce
 815 045f 15       		.uleb128 0x15
 816 0460 D4000000 		.4byte	0xd4
ARM GAS  C:\Users\LL_W530\AppData\Local\Temp\cc5ysSah.s 			page 17


 817 0464 1C       		.uleb128 0x1c
 818 0465 00       		.byte	0
 819 0466 1A       		.uleb128 0x1a
 820 0467 97010000 		.4byte	.LASF34
 821 046b 08       		.byte	0x8
 822 046c 24       		.byte	0x24
 823 046d 77040000 		.4byte	0x477
 824 0471 15       		.uleb128 0x15
 825 0472 77040000 		.4byte	0x477
 826 0476 00       		.byte	0
 827 0477 07       		.uleb128 0x7
 828 0478 04       		.byte	0x4
 829 0479 7D040000 		.4byte	0x47d
 830 047d 08       		.uleb128 0x8
 831 047e A7000000 		.4byte	0xa7
 832 0482 19       		.uleb128 0x19
 833 0483 79010000 		.4byte	.LASF35
 834 0487 09       		.byte	0x9
 835 0488 2A       		.byte	0x2a
 836 0489 CE000000 		.4byte	0xce
 837 048d 9C040000 		.4byte	0x49c
 838 0491 15       		.uleb128 0x15
 839 0492 CE000000 		.4byte	0xce
 840 0496 15       		.uleb128 0x15
 841 0497 D4000000 		.4byte	0xd4
 842 049b 00       		.byte	0
 843 049c 19       		.uleb128 0x19
 844 049d 39020000 		.4byte	.LASF36
 845 04a1 0B       		.byte	0xb
 846 04a2 4A       		.byte	0x4a
 847 04a3 68000000 		.4byte	0x68
 848 04a7 B1040000 		.4byte	0x4b1
 849 04ab 15       		.uleb128 0x15
 850 04ac D4000000 		.4byte	0xd4
 851 04b0 00       		.byte	0
 852 04b1 1A       		.uleb128 0x1a
 853 04b2 0B010000 		.4byte	.LASF37
 854 04b6 0C       		.byte	0xc
 855 04b7 C7       		.byte	0xc7
 856 04b8 C2040000 		.4byte	0x4c2
 857 04bc 15       		.uleb128 0x15
 858 04bd 81000000 		.4byte	0x81
 859 04c1 00       		.byte	0
 860 04c2 1A       		.uleb128 0x1a
 861 04c3 21010000 		.4byte	.LASF38
 862 04c7 0C       		.byte	0xc
 863 04c8 CA       		.byte	0xca
 864 04c9 D3040000 		.4byte	0x4d3
 865 04cd 15       		.uleb128 0x15
 866 04ce 81000000 		.4byte	0x81
 867 04d2 00       		.byte	0
 868 04d3 17       		.uleb128 0x17
 869 04d4 55000000 		.4byte	.LASF39
 870 04d8 0C       		.byte	0xc
 871 04d9 C9       		.byte	0xc9
 872 04da 81000000 		.4byte	0x81
 873 04de 17       		.uleb128 0x17
ARM GAS  C:\Users\LL_W530\AppData\Local\Temp\cc5ysSah.s 			page 18


 874 04df 6A000000 		.4byte	.LASF40
 875 04e3 0C       		.byte	0xc
 876 04e4 CC       		.byte	0xcc
 877 04e5 81000000 		.4byte	0x81
 878 04e9 00       		.byte	0
 879              		.section	.debug_abbrev,"",%progbits
 880              	.Ldebug_abbrev0:
 881 0000 01       		.uleb128 0x1
 882 0001 11       		.uleb128 0x11
 883 0002 01       		.byte	0x1
 884 0003 25       		.uleb128 0x25
 885 0004 0E       		.uleb128 0xe
 886 0005 13       		.uleb128 0x13
 887 0006 0B       		.uleb128 0xb
 888 0007 03       		.uleb128 0x3
 889 0008 0E       		.uleb128 0xe
 890 0009 1B       		.uleb128 0x1b
 891 000a 0E       		.uleb128 0xe
 892 000b 55       		.uleb128 0x55
 893 000c 17       		.uleb128 0x17
 894 000d 11       		.uleb128 0x11
 895 000e 01       		.uleb128 0x1
 896 000f 10       		.uleb128 0x10
 897 0010 17       		.uleb128 0x17
 898 0011 00       		.byte	0
 899 0012 00       		.byte	0
 900 0013 02       		.uleb128 0x2
 901 0014 24       		.uleb128 0x24
 902 0015 00       		.byte	0
 903 0016 0B       		.uleb128 0xb
 904 0017 0B       		.uleb128 0xb
 905 0018 3E       		.uleb128 0x3e
 906 0019 0B       		.uleb128 0xb
 907 001a 03       		.uleb128 0x3
 908 001b 0E       		.uleb128 0xe
 909 001c 00       		.byte	0
 910 001d 00       		.byte	0
 911 001e 03       		.uleb128 0x3
 912 001f 16       		.uleb128 0x16
 913 0020 00       		.byte	0
 914 0021 03       		.uleb128 0x3
 915 0022 0E       		.uleb128 0xe
 916 0023 3A       		.uleb128 0x3a
 917 0024 0B       		.uleb128 0xb
 918 0025 3B       		.uleb128 0x3b
 919 0026 0B       		.uleb128 0xb
 920 0027 49       		.uleb128 0x49
 921 0028 13       		.uleb128 0x13
 922 0029 00       		.byte	0
 923 002a 00       		.byte	0
 924 002b 04       		.uleb128 0x4
 925 002c 24       		.uleb128 0x24
 926 002d 00       		.byte	0
 927 002e 0B       		.uleb128 0xb
 928 002f 0B       		.uleb128 0xb
 929 0030 3E       		.uleb128 0x3e
 930 0031 0B       		.uleb128 0xb
ARM GAS  C:\Users\LL_W530\AppData\Local\Temp\cc5ysSah.s 			page 19


 931 0032 03       		.uleb128 0x3
 932 0033 08       		.uleb128 0x8
 933 0034 00       		.byte	0
 934 0035 00       		.byte	0
 935 0036 05       		.uleb128 0x5
 936 0037 16       		.uleb128 0x16
 937 0038 00       		.byte	0
 938 0039 03       		.uleb128 0x3
 939 003a 0E       		.uleb128 0xe
 940 003b 3A       		.uleb128 0x3a
 941 003c 0B       		.uleb128 0xb
 942 003d 3B       		.uleb128 0x3b
 943 003e 05       		.uleb128 0x5
 944 003f 49       		.uleb128 0x49
 945 0040 13       		.uleb128 0x13
 946 0041 00       		.byte	0
 947 0042 00       		.byte	0
 948 0043 06       		.uleb128 0x6
 949 0044 0F       		.uleb128 0xf
 950 0045 00       		.byte	0
 951 0046 0B       		.uleb128 0xb
 952 0047 0B       		.uleb128 0xb
 953 0048 00       		.byte	0
 954 0049 00       		.byte	0
 955 004a 07       		.uleb128 0x7
 956 004b 0F       		.uleb128 0xf
 957 004c 00       		.byte	0
 958 004d 0B       		.uleb128 0xb
 959 004e 0B       		.uleb128 0xb
 960 004f 49       		.uleb128 0x49
 961 0050 13       		.uleb128 0x13
 962 0051 00       		.byte	0
 963 0052 00       		.byte	0
 964 0053 08       		.uleb128 0x8
 965 0054 26       		.uleb128 0x26
 966 0055 00       		.byte	0
 967 0056 49       		.uleb128 0x49
 968 0057 13       		.uleb128 0x13
 969 0058 00       		.byte	0
 970 0059 00       		.byte	0
 971 005a 09       		.uleb128 0x9
 972 005b 2E       		.uleb128 0x2e
 973 005c 01       		.byte	0x1
 974 005d 3F       		.uleb128 0x3f
 975 005e 19       		.uleb128 0x19
 976 005f 03       		.uleb128 0x3
 977 0060 0E       		.uleb128 0xe
 978 0061 3A       		.uleb128 0x3a
 979 0062 0B       		.uleb128 0xb
 980 0063 3B       		.uleb128 0x3b
 981 0064 0B       		.uleb128 0xb
 982 0065 49       		.uleb128 0x49
 983 0066 13       		.uleb128 0x13
 984 0067 11       		.uleb128 0x11
 985 0068 01       		.uleb128 0x1
 986 0069 12       		.uleb128 0x12
 987 006a 06       		.uleb128 0x6
ARM GAS  C:\Users\LL_W530\AppData\Local\Temp\cc5ysSah.s 			page 20


 988 006b 40       		.uleb128 0x40
 989 006c 18       		.uleb128 0x18
 990 006d 9742     		.uleb128 0x2117
 991 006f 19       		.uleb128 0x19
 992 0070 01       		.uleb128 0x1
 993 0071 13       		.uleb128 0x13
 994 0072 00       		.byte	0
 995 0073 00       		.byte	0
 996 0074 0A       		.uleb128 0xa
 997 0075 898201   		.uleb128 0x4109
 998 0078 01       		.byte	0x1
 999 0079 11       		.uleb128 0x11
 1000 007a 01       		.uleb128 0x1
 1001 007b 31       		.uleb128 0x31
 1002 007c 13       		.uleb128 0x13
 1003 007d 01       		.uleb128 0x1
 1004 007e 13       		.uleb128 0x13
 1005 007f 00       		.byte	0
 1006 0080 00       		.byte	0
 1007 0081 0B       		.uleb128 0xb
 1008 0082 8A8201   		.uleb128 0x410a
 1009 0085 00       		.byte	0
 1010 0086 02       		.uleb128 0x2
 1011 0087 18       		.uleb128 0x18
 1012 0088 9142     		.uleb128 0x2111
 1013 008a 18       		.uleb128 0x18
 1014 008b 00       		.byte	0
 1015 008c 00       		.byte	0
 1016 008d 0C       		.uleb128 0xc
 1017 008e 898201   		.uleb128 0x4109
 1018 0091 00       		.byte	0
 1019 0092 11       		.uleb128 0x11
 1020 0093 01       		.uleb128 0x1
 1021 0094 31       		.uleb128 0x31
 1022 0095 13       		.uleb128 0x13
 1023 0096 00       		.byte	0
 1024 0097 00       		.byte	0
 1025 0098 0D       		.uleb128 0xd
 1026 0099 898201   		.uleb128 0x4109
 1027 009c 01       		.byte	0x1
 1028 009d 11       		.uleb128 0x11
 1029 009e 01       		.uleb128 0x1
 1030 009f 31       		.uleb128 0x31
 1031 00a0 13       		.uleb128 0x13
 1032 00a1 00       		.byte	0
 1033 00a2 00       		.byte	0
 1034 00a3 0E       		.uleb128 0xe
 1035 00a4 34       		.uleb128 0x34
 1036 00a5 00       		.byte	0
 1037 00a6 03       		.uleb128 0x3
 1038 00a7 0E       		.uleb128 0xe
 1039 00a8 3A       		.uleb128 0x3a
 1040 00a9 0B       		.uleb128 0xb
 1041 00aa 3B       		.uleb128 0x3b
 1042 00ab 05       		.uleb128 0x5
 1043 00ac 49       		.uleb128 0x49
 1044 00ad 13       		.uleb128 0x13
ARM GAS  C:\Users\LL_W530\AppData\Local\Temp\cc5ysSah.s 			page 21


 1045 00ae 3F       		.uleb128 0x3f
 1046 00af 19       		.uleb128 0x19
 1047 00b0 3C       		.uleb128 0x3c
 1048 00b1 19       		.uleb128 0x19
 1049 00b2 00       		.byte	0
 1050 00b3 00       		.byte	0
 1051 00b4 0F       		.uleb128 0xf
 1052 00b5 35       		.uleb128 0x35
 1053 00b6 00       		.byte	0
 1054 00b7 49       		.uleb128 0x49
 1055 00b8 13       		.uleb128 0x13
 1056 00b9 00       		.byte	0
 1057 00ba 00       		.byte	0
 1058 00bb 10       		.uleb128 0x10
 1059 00bc 34       		.uleb128 0x34
 1060 00bd 00       		.byte	0
 1061 00be 03       		.uleb128 0x3
 1062 00bf 0E       		.uleb128 0xe
 1063 00c0 3A       		.uleb128 0x3a
 1064 00c1 0B       		.uleb128 0xb
 1065 00c2 3B       		.uleb128 0x3b
 1066 00c3 0B       		.uleb128 0xb
 1067 00c4 49       		.uleb128 0x49
 1068 00c5 13       		.uleb128 0x13
 1069 00c6 3F       		.uleb128 0x3f
 1070 00c7 19       		.uleb128 0x19
 1071 00c8 02       		.uleb128 0x2
 1072 00c9 18       		.uleb128 0x18
 1073 00ca 00       		.byte	0
 1074 00cb 00       		.byte	0
 1075 00cc 11       		.uleb128 0x11
 1076 00cd 01       		.uleb128 0x1
 1077 00ce 01       		.byte	0x1
 1078 00cf 49       		.uleb128 0x49
 1079 00d0 13       		.uleb128 0x13
 1080 00d1 01       		.uleb128 0x1
 1081 00d2 13       		.uleb128 0x13
 1082 00d3 00       		.byte	0
 1083 00d4 00       		.byte	0
 1084 00d5 12       		.uleb128 0x12
 1085 00d6 21       		.uleb128 0x21
 1086 00d7 00       		.byte	0
 1087 00d8 49       		.uleb128 0x49
 1088 00d9 13       		.uleb128 0x13
 1089 00da 2F       		.uleb128 0x2f
 1090 00db 0B       		.uleb128 0xb
 1091 00dc 00       		.byte	0
 1092 00dd 00       		.byte	0
 1093 00de 13       		.uleb128 0x13
 1094 00df 34       		.uleb128 0x34
 1095 00e0 00       		.byte	0
 1096 00e1 03       		.uleb128 0x3
 1097 00e2 08       		.uleb128 0x8
 1098 00e3 3A       		.uleb128 0x3a
 1099 00e4 0B       		.uleb128 0xb
 1100 00e5 3B       		.uleb128 0x3b
 1101 00e6 0B       		.uleb128 0xb
ARM GAS  C:\Users\LL_W530\AppData\Local\Temp\cc5ysSah.s 			page 22


 1102 00e7 49       		.uleb128 0x49
 1103 00e8 13       		.uleb128 0x13
 1104 00e9 3F       		.uleb128 0x3f
 1105 00ea 19       		.uleb128 0x19
 1106 00eb 02       		.uleb128 0x2
 1107 00ec 18       		.uleb128 0x18
 1108 00ed 00       		.byte	0
 1109 00ee 00       		.byte	0
 1110 00ef 14       		.uleb128 0x14
 1111 00f0 2E       		.uleb128 0x2e
 1112 00f1 01       		.byte	0x1
 1113 00f2 3F       		.uleb128 0x3f
 1114 00f3 19       		.uleb128 0x19
 1115 00f4 03       		.uleb128 0x3
 1116 00f5 0E       		.uleb128 0xe
 1117 00f6 3A       		.uleb128 0x3a
 1118 00f7 0B       		.uleb128 0xb
 1119 00f8 3B       		.uleb128 0x3b
 1120 00f9 05       		.uleb128 0x5
 1121 00fa 27       		.uleb128 0x27
 1122 00fb 19       		.uleb128 0x19
 1123 00fc 3C       		.uleb128 0x3c
 1124 00fd 19       		.uleb128 0x19
 1125 00fe 01       		.uleb128 0x1
 1126 00ff 13       		.uleb128 0x13
 1127 0100 00       		.byte	0
 1128 0101 00       		.byte	0
 1129 0102 15       		.uleb128 0x15
 1130 0103 05       		.uleb128 0x5
 1131 0104 00       		.byte	0
 1132 0105 49       		.uleb128 0x49
 1133 0106 13       		.uleb128 0x13
 1134 0107 00       		.byte	0
 1135 0108 00       		.byte	0
 1136 0109 16       		.uleb128 0x16
 1137 010a 2E       		.uleb128 0x2e
 1138 010b 00       		.byte	0
 1139 010c 3F       		.uleb128 0x3f
 1140 010d 19       		.uleb128 0x19
 1141 010e 03       		.uleb128 0x3
 1142 010f 0E       		.uleb128 0xe
 1143 0110 3A       		.uleb128 0x3a
 1144 0111 0B       		.uleb128 0xb
 1145 0112 3B       		.uleb128 0x3b
 1146 0113 05       		.uleb128 0x5
 1147 0114 27       		.uleb128 0x27
 1148 0115 19       		.uleb128 0x19
 1149 0116 49       		.uleb128 0x49
 1150 0117 13       		.uleb128 0x13
 1151 0118 3C       		.uleb128 0x3c
 1152 0119 19       		.uleb128 0x19
 1153 011a 00       		.byte	0
 1154 011b 00       		.byte	0
 1155 011c 17       		.uleb128 0x17
 1156 011d 2E       		.uleb128 0x2e
 1157 011e 00       		.byte	0
 1158 011f 3F       		.uleb128 0x3f
ARM GAS  C:\Users\LL_W530\AppData\Local\Temp\cc5ysSah.s 			page 23


 1159 0120 19       		.uleb128 0x19
 1160 0121 03       		.uleb128 0x3
 1161 0122 0E       		.uleb128 0xe
 1162 0123 3A       		.uleb128 0x3a
 1163 0124 0B       		.uleb128 0xb
 1164 0125 3B       		.uleb128 0x3b
 1165 0126 0B       		.uleb128 0xb
 1166 0127 27       		.uleb128 0x27
 1167 0128 19       		.uleb128 0x19
 1168 0129 49       		.uleb128 0x49
 1169 012a 13       		.uleb128 0x13
 1170 012b 3C       		.uleb128 0x3c
 1171 012c 19       		.uleb128 0x19
 1172 012d 00       		.byte	0
 1173 012e 00       		.byte	0
 1174 012f 18       		.uleb128 0x18
 1175 0130 2E       		.uleb128 0x2e
 1176 0131 00       		.byte	0
 1177 0132 3F       		.uleb128 0x3f
 1178 0133 19       		.uleb128 0x19
 1179 0134 03       		.uleb128 0x3
 1180 0135 0E       		.uleb128 0xe
 1181 0136 3A       		.uleb128 0x3a
 1182 0137 0B       		.uleb128 0xb
 1183 0138 3B       		.uleb128 0x3b
 1184 0139 0B       		.uleb128 0xb
 1185 013a 27       		.uleb128 0x27
 1186 013b 19       		.uleb128 0x19
 1187 013c 3C       		.uleb128 0x3c
 1188 013d 19       		.uleb128 0x19
 1189 013e 00       		.byte	0
 1190 013f 00       		.byte	0
 1191 0140 19       		.uleb128 0x19
 1192 0141 2E       		.uleb128 0x2e
 1193 0142 01       		.byte	0x1
 1194 0143 3F       		.uleb128 0x3f
 1195 0144 19       		.uleb128 0x19
 1196 0145 03       		.uleb128 0x3
 1197 0146 0E       		.uleb128 0xe
 1198 0147 3A       		.uleb128 0x3a
 1199 0148 0B       		.uleb128 0xb
 1200 0149 3B       		.uleb128 0x3b
 1201 014a 0B       		.uleb128 0xb
 1202 014b 27       		.uleb128 0x27
 1203 014c 19       		.uleb128 0x19
 1204 014d 49       		.uleb128 0x49
 1205 014e 13       		.uleb128 0x13
 1206 014f 3C       		.uleb128 0x3c
 1207 0150 19       		.uleb128 0x19
 1208 0151 01       		.uleb128 0x1
 1209 0152 13       		.uleb128 0x13
 1210 0153 00       		.byte	0
 1211 0154 00       		.byte	0
 1212 0155 1A       		.uleb128 0x1a
 1213 0156 2E       		.uleb128 0x2e
 1214 0157 01       		.byte	0x1
 1215 0158 3F       		.uleb128 0x3f
ARM GAS  C:\Users\LL_W530\AppData\Local\Temp\cc5ysSah.s 			page 24


 1216 0159 19       		.uleb128 0x19
 1217 015a 03       		.uleb128 0x3
 1218 015b 0E       		.uleb128 0xe
 1219 015c 3A       		.uleb128 0x3a
 1220 015d 0B       		.uleb128 0xb
 1221 015e 3B       		.uleb128 0x3b
 1222 015f 0B       		.uleb128 0xb
 1223 0160 27       		.uleb128 0x27
 1224 0161 19       		.uleb128 0x19
 1225 0162 3C       		.uleb128 0x3c
 1226 0163 19       		.uleb128 0x19
 1227 0164 01       		.uleb128 0x1
 1228 0165 13       		.uleb128 0x13
 1229 0166 00       		.byte	0
 1230 0167 00       		.byte	0
 1231 0168 1B       		.uleb128 0x1b
 1232 0169 2E       		.uleb128 0x2e
 1233 016a 01       		.byte	0x1
 1234 016b 3F       		.uleb128 0x3f
 1235 016c 19       		.uleb128 0x19
 1236 016d 03       		.uleb128 0x3
 1237 016e 0E       		.uleb128 0xe
 1238 016f 27       		.uleb128 0x27
 1239 0170 19       		.uleb128 0x19
 1240 0171 49       		.uleb128 0x49
 1241 0172 13       		.uleb128 0x13
 1242 0173 34       		.uleb128 0x34
 1243 0174 19       		.uleb128 0x19
 1244 0175 3C       		.uleb128 0x3c
 1245 0176 19       		.uleb128 0x19
 1246 0177 01       		.uleb128 0x1
 1247 0178 13       		.uleb128 0x13
 1248 0179 00       		.byte	0
 1249 017a 00       		.byte	0
 1250 017b 1C       		.uleb128 0x1c
 1251 017c 18       		.uleb128 0x18
 1252 017d 00       		.byte	0
 1253 017e 00       		.byte	0
 1254 017f 00       		.byte	0
 1255 0180 00       		.byte	0
 1256              		.section	.debug_aranges,"",%progbits
 1257 0000 1C000000 		.4byte	0x1c
 1258 0004 0200     		.2byte	0x2
 1259 0006 00000000 		.4byte	.Ldebug_info0
 1260 000a 04       		.byte	0x4
 1261 000b 00       		.byte	0
 1262 000c 0000     		.2byte	0
 1263 000e 0000     		.2byte	0
 1264 0010 00000000 		.4byte	.LFB63
 1265 0014 3C010000 		.4byte	.LFE63-.LFB63
 1266 0018 00000000 		.4byte	0
 1267 001c 00000000 		.4byte	0
 1268              		.section	.debug_ranges,"",%progbits
 1269              	.Ldebug_ranges0:
 1270 0000 00000000 		.4byte	.LFB63
 1271 0004 3C010000 		.4byte	.LFE63
 1272 0008 00000000 		.4byte	0
ARM GAS  C:\Users\LL_W530\AppData\Local\Temp\cc5ysSah.s 			page 25


 1273 000c 00000000 		.4byte	0
 1274              		.section	.debug_line,"",%progbits
 1275              	.Ldebug_line0:
 1276 0000 5C020000 		.section	.debug_str,"MS",%progbits,1
 1276      02001B02 
 1276      00000201 
 1276      FB0E0D00 
 1276      01010101 
 1277              	.LASF17:
 1278 0000 73697A65 		.ascii	"size_t\000"
 1278      5F7400
 1279              	.LASF24:
 1280 0007 55534255 		.ascii	"USBUART_1_GetConfiguration\000"
 1280      4152545F 
 1280      315F4765 
 1280      74436F6E 
 1280      66696775 
 1281              	.LASF30:
 1282 0022 55534255 		.ascii	"USBUART_1_GetAll\000"
 1282      4152545F 
 1282      315F4765 
 1282      74416C6C 
 1282      00
 1283              	.LASF23:
 1284 0033 64617461 		.ascii	"data_count\000"
 1284      5F636F75 
 1284      6E7400
 1285              	.LASF9:
 1286 003e 5F5F696E 		.ascii	"__int32_t\000"
 1286      7433325F 
 1286      7400
 1287              	.LASF8:
 1288 0048 756E7369 		.ascii	"unsigned int\000"
 1288      676E6564 
 1288      20696E74 
 1288      00
 1289              	.LASF39:
 1290 0055 50574D5F 		.ascii	"PWM_LED_ReadCompare1\000"
 1290      4C45445F 
 1290      52656164 
 1290      436F6D70 
 1290      61726531 
 1291              	.LASF40:
 1292 006a 50574D5F 		.ascii	"PWM_LED_ReadCompare2\000"
 1292      4C45445F 
 1292      52656164 
 1292      436F6D70 
 1292      61726532 
 1293              	.LASF13:
 1294 007f 666C6F61 		.ascii	"float\000"
 1294      7400
 1295              	.LASF20:
 1296 0085 436F756E 		.ascii	"Count\000"
 1296      7400
 1297              	.LASF1:
 1298 008b 756E7369 		.ascii	"unsigned char\000"
 1298      676E6564 
ARM GAS  C:\Users\LL_W530\AppData\Local\Temp\cc5ysSah.s 			page 26


 1298      20636861 
 1298      7200
 1299              	.LASF15:
 1300 0099 63686172 		.ascii	"char8\000"
 1300      3800
 1301              	.LASF5:
 1302 009f 6C6F6E67 		.ascii	"long unsigned int\000"
 1302      20756E73 
 1302      69676E65 
 1302      6420696E 
 1302      7400
 1303              	.LASF3:
 1304 00b1 73686F72 		.ascii	"short unsigned int\000"
 1304      7420756E 
 1304      7369676E 
 1304      65642069 
 1304      6E7400
 1305              	.LASF45:
 1306 00c4 50574D5F 		.ascii	"PWM_LED_Start\000"
 1306      4C45445F 
 1306      53746172 
 1306      7400
 1307              	.LASF19:
 1308 00d2 49544D5F 		.ascii	"ITM_RxBuffer\000"
 1308      52784275 
 1308      66666572 
 1308      00
 1309              	.LASF32:
 1310 00df 6D656D73 		.ascii	"memset\000"
 1310      657400
 1311              	.LASF14:
 1312 00e6 646F7562 		.ascii	"double\000"
 1312      6C6500
 1313              	.LASF28:
 1314 00ed 55534255 		.ascii	"USBUART_1_PutData\000"
 1314      4152545F 
 1314      315F5075 
 1314      74446174 
 1314      6100
 1315              	.LASF44:
 1316 00ff 6D61696E 		.ascii	"main\000"
 1316      00
 1317              	.LASF12:
 1318 0104 75696E74 		.ascii	"uint16\000"
 1318      313600
 1319              	.LASF37:
 1320 010b 50574D5F 		.ascii	"PWM_LED_WriteCompare1\000"
 1320      4C45445F 
 1320      57726974 
 1320      65436F6D 
 1320      70617265 
 1321              	.LASF38:
 1322 0121 50574D5F 		.ascii	"PWM_LED_WriteCompare2\000"
 1322      4C45445F 
 1322      57726974 
 1322      65436F6D 
 1322      70617265 
ARM GAS  C:\Users\LL_W530\AppData\Local\Temp\cc5ysSah.s 			page 27


 1323              	.LASF43:
 1324 0137 443A5C4C 		.ascii	"D:\\LLGD\\3LLWork\\0PrjSyn\\PSOC\\HNP3_ECB_WS\\02_U"
 1324      4C47445C 
 1324      334C4C57 
 1324      6F726B5C 
 1324      3050726A 
 1325 0164 53425F55 		.ascii	"SB_UART.cydsn\000"
 1325      4152542E 
 1325      63796473 
 1325      6E00
 1326              	.LASF31:
 1327 0172 7374726C 		.ascii	"strlen\000"
 1327      656E00
 1328              	.LASF35:
 1329 0179 73747274 		.ascii	"strtok\000"
 1329      6F6B00
 1330              	.LASF7:
 1331 0180 6C6F6E67 		.ascii	"long long unsigned int\000"
 1331      206C6F6E 
 1331      6720756E 
 1331      7369676E 
 1331      65642069 
 1332              	.LASF34:
 1333 0197 55534255 		.ascii	"USBUART_1_PutString\000"
 1333      4152545F 
 1333      315F5075 
 1333      74537472 
 1333      696E6700 
 1334              	.LASF41:
 1335 01ab 474E5520 		.ascii	"GNU C 4.9.3 20150303 (release) [ARM/embedded-4_9-br"
 1335      4320342E 
 1335      392E3320 
 1335      32303135 
 1335      30333033 
 1336 01de 616E6368 		.ascii	"anch revision 221220] -mcpu=cortex-m3 -mthumb -g -O"
 1336      20726576 
 1336      6973696F 
 1336      6E203232 
 1336      31323230 
 1337 0211 67202D66 		.ascii	"g -ffunction-sections -ffat-lto-objects\000"
 1337      66756E63 
 1337      74696F6E 
 1337      2D736563 
 1337      74696F6E 
 1338              	.LASF36:
 1339 0239 61746F69 		.ascii	"atoi\000"
 1339      00
 1340              	.LASF22:
 1341 023e 6C65645F 		.ascii	"led_value\000"
 1341      76616C75 
 1341      6500
 1342              	.LASF10:
 1343 0248 696E7433 		.ascii	"int32_t\000"
 1343      325F7400 
 1344              	.LASF18:
 1345 0250 73697A65 		.ascii	"sizetype\000"
 1345      74797065 
ARM GAS  C:\Users\LL_W530\AppData\Local\Temp\cc5ysSah.s 			page 28


 1345      00
 1346              	.LASF6:
 1347 0259 6C6F6E67 		.ascii	"long long int\000"
 1347      206C6F6E 
 1347      6720696E 
 1347      7400
 1348              	.LASF42:
 1349 0267 6D61696E 		.ascii	"main.c\000"
 1349      2E6300
 1350              	.LASF16:
 1351 026e 63686172 		.ascii	"char\000"
 1351      00
 1352              	.LASF26:
 1353 0273 55534255 		.ascii	"USBUART_1_GetCount\000"
 1353      4152545F 
 1353      315F4765 
 1353      74436F75 
 1353      6E7400
 1354              	.LASF2:
 1355 0286 73686F72 		.ascii	"short int\000"
 1355      7420696E 
 1355      7400
 1356              	.LASF11:
 1357 0290 75696E74 		.ascii	"uint8\000"
 1357      3800
 1358              	.LASF27:
 1359 0296 55534255 		.ascii	"USBUART_1_Start\000"
 1359      4152545F 
 1359      315F5374 
 1359      61727400 
 1360              	.LASF21:
 1361 02a6 42756666 		.ascii	"Buffer\000"
 1361      657200
 1362              	.LASF29:
 1363 02ad 55534255 		.ascii	"USBUART_1_CDCIsReady\000"
 1363      4152545F 
 1363      315F4344 
 1363      43497352 
 1363      65616479 
 1364              	.LASF4:
 1365 02c2 6C6F6E67 		.ascii	"long int\000"
 1365      20696E74 
 1365      00
 1366              	.LASF0:
 1367 02cb 7369676E 		.ascii	"signed char\000"
 1367      65642063 
 1367      68617200 
 1368              	.LASF33:
 1369 02d7 73707269 		.ascii	"sprintf\000"
 1369      6E746600 
 1370              	.LASF25:
 1371 02df 55534255 		.ascii	"USBUART_1_CDC_Init\000"
 1371      4152545F 
 1371      315F4344 
 1371      435F496E 
 1371      697400
 1372              		.ident	"GCC: (GNU Tools for ARM Embedded Processors) 4.9.3 20150303 (release) [ARM/embedded-4_9-br
ARM GAS  C:\Users\LL_W530\AppData\Local\Temp\cc5ysSah.s 			page 29


