--------------- Build Started: 01/03/2017 15:10:08 Project: Basic_Setup, Configuration: ARM GCC 4.9-2015-q1-update Debug ---------------
cydsfit.exe -.appdatapath "C:\Users\lilu1\AppData\Local\Cypress Semiconductor\PSoC Creator\4.0" -.fdsnotice -.fdswarpdepfile=warp_dependencies.txt -.fdselabdepfile=elab_dependencies.txt -.fdsbldfile=generated_files.txt -.fdsreffile=referenced_files.txt -p D:\LLGD\3LLWork\0PrjSyn\PSOC\HNP3_ECB_WS\Basic_Setup.cydsn\Basic_Setup.cyprj -d CY8C5888AXI-LP096 -s D:\LLGD\3LLWork\0PrjSyn\PSOC\HNP3_ECB_WS\Basic_Setup.cydsn\Generated_Source\PSoC5 -- -yv2 -q10 -ygs -o2 -v3 -.fftcfgtype=LE
Elaborating Design...
ADD: sdb.M0065: information: Analog terminal "AIO_0.analog_0" on TopDesign is unconnected.
 * D:\LLGD\3LLWork\0PrjSyn\PSOC\HNP3_ECB_WS\Basic_Setup.cydsn\TopDesign\TopDesign.cysch (Signal: Net_306)
 * D:\LLGD\3LLWork\0PrjSyn\PSOC\HNP3_ECB_WS\Basic_Setup.cydsn\TopDesign\TopDesign.cysch (Shape_7.1)
ADD: sdb.M0065: information: Analog terminal "AIO_1.analog_0" on TopDesign is unconnected.
 * D:\LLGD\3LLWork\0PrjSyn\PSOC\HNP3_ECB_WS\Basic_Setup.cydsn\TopDesign\TopDesign.cysch (Signal: Net_307)
 * D:\LLGD\3LLWork\0PrjSyn\PSOC\HNP3_ECB_WS\Basic_Setup.cydsn\TopDesign\TopDesign.cysch (Shape_17.1)
ADD: sdb.M0065: information: Analog terminal "AIO_2.analog_0" on TopDesign is unconnected.
 * D:\LLGD\3LLWork\0PrjSyn\PSOC\HNP3_ECB_WS\Basic_Setup.cydsn\TopDesign\TopDesign.cysch (Signal: Net_309)
 * D:\LLGD\3LLWork\0PrjSyn\PSOC\HNP3_ECB_WS\Basic_Setup.cydsn\TopDesign\TopDesign.cysch (Shape_18.1)
ADD: sdb.M0065: information: Analog terminal "AIO_3.analog_0" on TopDesign is unconnected.
 * D:\LLGD\3LLWork\0PrjSyn\PSOC\HNP3_ECB_WS\Basic_Setup.cydsn\TopDesign\TopDesign.cysch (Signal: Net_310)
 * D:\LLGD\3LLWork\0PrjSyn\PSOC\HNP3_ECB_WS\Basic_Setup.cydsn\TopDesign\TopDesign.cysch (Shape_19.1)
ADD: sdb.M0065: information: Analog terminal "AIO_8.analog_0" on TopDesign is unconnected.
 * D:\LLGD\3LLWork\0PrjSyn\PSOC\HNP3_ECB_WS\Basic_Setup.cydsn\TopDesign\TopDesign.cysch (Signal: Net_2946)
 * D:\LLGD\3LLWork\0PrjSyn\PSOC\HNP3_ECB_WS\Basic_Setup.cydsn\TopDesign\TopDesign.cysch (Shape_24.1)
ADD: sdb.M0065: information: Analog terminal "AIO_9.analog_0" on TopDesign is unconnected.
 * D:\LLGD\3LLWork\0PrjSyn\PSOC\HNP3_ECB_WS\Basic_Setup.cydsn\TopDesign\TopDesign.cysch (Signal: Net_2947)
 * D:\LLGD\3LLWork\0PrjSyn\PSOC\HNP3_ECB_WS\Basic_Setup.cydsn\TopDesign\TopDesign.cysch (Shape_25.1)
ADD: sdb.M0065: information: Analog terminal "AIO_10.analog_0" on TopDesign is unconnected.
 * D:\LLGD\3LLWork\0PrjSyn\PSOC\HNP3_ECB_WS\Basic_Setup.cydsn\TopDesign\TopDesign.cysch (Signal: Net_2948)
 * D:\LLGD\3LLWork\0PrjSyn\PSOC\HNP3_ECB_WS\Basic_Setup.cydsn\TopDesign\TopDesign.cysch (Shape_26.1)
ADD: sdb.M0065: information: Analog terminal "AIO_11.analog_0" on TopDesign is unconnected.
 * D:\LLGD\3LLWork\0PrjSyn\PSOC\HNP3_ECB_WS\Basic_Setup.cydsn\TopDesign\TopDesign.cysch (Signal: Net_2949)
 * D:\LLGD\3LLWork\0PrjSyn\PSOC\HNP3_ECB_WS\Basic_Setup.cydsn\TopDesign\TopDesign.cysch (Shape_27.1)
ADD: sdb.M0065: information: Analog terminal "AIO_12.analog_0" on TopDesign is unconnected.
 * D:\LLGD\3LLWork\0PrjSyn\PSOC\HNP3_ECB_WS\Basic_Setup.cydsn\TopDesign\TopDesign.cysch (Signal: Net_2950)
 * D:\LLGD\3LLWork\0PrjSyn\PSOC\HNP3_ECB_WS\Basic_Setup.cydsn\TopDesign\TopDesign.cysch (Shape_28.1)
ADD: sdb.M0065: information: Analog terminal "AIO_13.analog_0" on TopDesign is unconnected.
 * D:\LLGD\3LLWork\0PrjSyn\PSOC\HNP3_ECB_WS\Basic_Setup.cydsn\TopDesign\TopDesign.cysch (Signal: Net_2951)
 * D:\LLGD\3LLWork\0PrjSyn\PSOC\HNP3_ECB_WS\Basic_Setup.cydsn\TopDesign\TopDesign.cysch (Shape_29.1)
ADD: sdb.M0065: information: Analog terminal "AIO_14.analog_0" on TopDesign is unconnected.
 * D:\LLGD\3LLWork\0PrjSyn\PSOC\HNP3_ECB_WS\Basic_Setup.cydsn\TopDesign\TopDesign.cysch (Signal: Net_2952)
 * D:\LLGD\3LLWork\0PrjSyn\PSOC\HNP3_ECB_WS\Basic_Setup.cydsn\TopDesign\TopDesign.cysch (Shape_30.1)
ADD: sdb.M0065: information: Analog terminal "AIO_15.analog_0" on TopDesign is unconnected.
 * D:\LLGD\3LLWork\0PrjSyn\PSOC\HNP3_ECB_WS\Basic_Setup.cydsn\TopDesign\TopDesign.cysch (Signal: Net_2953)
 * D:\LLGD\3LLWork\0PrjSyn\PSOC\HNP3_ECB_WS\Basic_Setup.cydsn\TopDesign\TopDesign.cysch (Shape_31.1)
ADD: sdb.M0065: information: Analog terminal "AIO_7.analog_0" on TopDesign is unconnected.
 * D:\LLGD\3LLWork\0PrjSyn\PSOC\HNP3_ECB_WS\Basic_Setup.cydsn\TopDesign\TopDesign.cysch (Signal: Net_317)
 * D:\LLGD\3LLWork\0PrjSyn\PSOC\HNP3_ECB_WS\Basic_Setup.cydsn\TopDesign\TopDesign.cysch (Shape_23.1)
ADD: sdb.M0065: information: Analog terminal "AIO_6.analog_0" on TopDesign is unconnected.
 * D:\LLGD\3LLWork\0PrjSyn\PSOC\HNP3_ECB_WS\Basic_Setup.cydsn\TopDesign\TopDesign.cysch (Signal: Net_315)
 * D:\LLGD\3LLWork\0PrjSyn\PSOC\HNP3_ECB_WS\Basic_Setup.cydsn\TopDesign\TopDesign.cysch (Shape_22.1)
ADD: sdb.M0065: information: Analog terminal "AIO_5.analog_0" on TopDesign is unconnected.
 * D:\LLGD\3LLWork\0PrjSyn\PSOC\HNP3_ECB_WS\Basic_Setup.cydsn\TopDesign\TopDesign.cysch (Signal: Net_314)
 * D:\LLGD\3LLWork\0PrjSyn\PSOC\HNP3_ECB_WS\Basic_Setup.cydsn\TopDesign\TopDesign.cysch (Shape_21.1)
ADD: sdb.M0065: information: Analog terminal "AIO_4.analog_0" on TopDesign is unconnected.
 * D:\LLGD\3LLWork\0PrjSyn\PSOC\HNP3_ECB_WS\Basic_Setup.cydsn\TopDesign\TopDesign.cysch (Signal: Net_312)
 * D:\LLGD\3LLWork\0PrjSyn\PSOC\HNP3_ECB_WS\Basic_Setup.cydsn\TopDesign\TopDesign.cysch (Shape_20.1)
ADD: fit.M0032: warning: Clock Warning: (Clock_1's accuracy range '10  Hz -55% +100%, (4.5  Hz - 20  Hz)' is not within the specified tolerance range '10  Hz +/- 5%, (9.5  Hz - 10.5  Hz)'.).
 * D:\LLGD\3LLWork\0PrjSyn\PSOC\HNP3_ECB_WS\Basic_Setup.cydsn\Basic_Setup.cydwr (Clock_1)
 * D:\LLGD\3LLWork\0PrjSyn\PSOC\HNP3_ECB_WS\Basic_Setup.cydsn\TopDesign\TopDesign.cysch (Instance:Clock_1)
HDL Generation...
Synthesis...
Tech Mapping...
Analog Placement...
Analog Routing...
Analog Code Generation...
Digital Placement...
Digital Routing...
Bitstream Generation...
Bitstream Verification...
Static timing analysis...
API Generation...
Dependency Generation...
Cleanup...
arm-none-eabi-gcc.exe -mcpu=cortex-m3 -mthumb -I. -IGenerated_Source\PSoC5 -Wa,-alh=.\CortexM3\ARM_GCC_493\Debug/main.lst -g -D DEBUG -Wall -ffunction-sections -Og -ffat-lto-objects -c main.c -o .\CortexM3\ARM_GCC_493\Debug\main.o
arm-none-eabi-gcc.exe -mcpu=cortex-m3 -mthumb -I. -IGenerated_Source\PSoC5 -Wa,-alh=.\CortexM3\ARM_GCC_493\Debug/cyfitter_cfg.lst -g -D DEBUG -Wall -ffunction-sections -Og -ffat-lto-objects -c Generated_Source\PSoC5\cyfitter_cfg.c -o .\CortexM3\ARM_GCC_493\Debug\cyfitter_cfg.o
arm-none-eabi-gcc.exe -mcpu=cortex-m3 -mthumb -I. -IGenerated_Source\PSoC5 -Wa,-alh=.\CortexM3\ARM_GCC_493\Debug/cymetadata.lst -g -D DEBUG -Wall -ffunction-sections -Og -ffat-lto-objects -c Generated_Source\PSoC5\cymetadata.c -o .\CortexM3\ARM_GCC_493\Debug\cymetadata.o
arm-none-eabi-gcc.exe -mcpu=cortex-m3 -mthumb -I. -IGenerated_Source\PSoC5 -Wa,-alh=.\CortexM3\ARM_GCC_493\Debug/Cm3Start.lst -g -D DEBUG -Wall -ffunction-sections -Og -ffat-lto-objects -c Generated_Source\PSoC5\Cm3Start.c -o .\CortexM3\ARM_GCC_493\Debug\Cm3Start.o
arm-none-eabi-gcc.exe -mcpu=cortex-m3 -mthumb -I. -IGenerated_Source\PSoC5 -Wa,-alh=.\CortexM3\ARM_GCC_493\Debug/CyDmac.lst -g -D DEBUG -Wall -ffunction-sections -Og -ffat-lto-objects -c Generated_Source\PSoC5\CyDmac.c -o .\CortexM3\ARM_GCC_493\Debug\CyDmac.o
arm-none-eabi-gcc.exe -mcpu=cortex-m3 -mthumb -I. -IGenerated_Source\PSoC5 -Wa,-alh=.\CortexM3\ARM_GCC_493\Debug/CyFlash.lst -g -D DEBUG -Wall -ffunction-sections -Og -ffat-lto-objects -c Generated_Source\PSoC5\CyFlash.c -o .\CortexM3\ARM_GCC_493\Debug\CyFlash.o
arm-none-eabi-gcc.exe -mcpu=cortex-m3 -mthumb -I. -IGenerated_Source\PSoC5 -Wa,-alh=.\CortexM3\ARM_GCC_493\Debug/CyLib.lst -g -D DEBUG -Wall -ffunction-sections -Og -ffat-lto-objects -c Generated_Source\PSoC5\CyLib.c -o .\CortexM3\ARM_GCC_493\Debug\CyLib.o
arm-none-eabi-gcc.exe -mcpu=cortex-m3 -mthumb -I. -IGenerated_Source\PSoC5 -Wa,-alh=.\CortexM3\ARM_GCC_493\Debug/cyPm.lst -g -D DEBUG -Wall -ffunction-sections -Og -ffat-lto-objects -c Generated_Source\PSoC5\cyPm.c -o .\CortexM3\ARM_GCC_493\Debug\cyPm.o
arm-none-eabi-gcc.exe -mcpu=cortex-m3 -mthumb -I. -IGenerated_Source\PSoC5 -Wa,-alh=.\CortexM3\ARM_GCC_493\Debug/CySpc.lst -g -D DEBUG -Wall -ffunction-sections -Og -ffat-lto-objects -c Generated_Source\PSoC5\CySpc.c -o .\CortexM3\ARM_GCC_493\Debug\CySpc.o
arm-none-eabi-gcc.exe -mcpu=cortex-m3 -mthumb -I. -IGenerated_Source\PSoC5 -Wa,-alh=.\CortexM3\ARM_GCC_493\Debug/cyutils.lst -g -D DEBUG -Wall -ffunction-sections -Og -ffat-lto-objects -c Generated_Source\PSoC5\cyutils.c -o .\CortexM3\ARM_GCC_493\Debug\cyutils.o
arm-none-eabi-gcc.exe -mcpu=cortex-m3 -mthumb -I. -IGenerated_Source\PSoC5 -Wa,-alh=.\CortexM3\ARM_GCC_493\Debug/AIO_0.lst -g -D DEBUG -Wall -ffunction-sections -Og -ffat-lto-objects -c Generated_Source\PSoC5\AIO_0.c -o .\CortexM3\ARM_GCC_493\Debug\AIO_0.o
arm-none-eabi-gcc.exe -mcpu=cortex-m3 -mthumb -I. -IGenerated_Source\PSoC5 -Wa,-alh=.\CortexM3\ARM_GCC_493\Debug/AIO_1.lst -g -D DEBUG -Wall -ffunction-sections -Og -ffat-lto-objects -c Generated_Source\PSoC5\AIO_1.c -o .\CortexM3\ARM_GCC_493\Debug\AIO_1.o
arm-none-eabi-gcc.exe -mcpu=cortex-m3 -mthumb -I. -IGenerated_Source\PSoC5 -Wa,-alh=.\CortexM3\ARM_GCC_493\Debug/AIO_2.lst -g -D DEBUG -Wall -ffunction-sections -Og -ffat-lto-objects -c Generated_Source\PSoC5\AIO_2.c -o .\CortexM3\ARM_GCC_493\Debug\AIO_2.o
arm-none-eabi-gcc.exe -mcpu=cortex-m3 -mthumb -I. -IGenerated_Source\PSoC5 -Wa,-alh=.\CortexM3\ARM_GCC_493\Debug/AIO_3.lst -g -D DEBUG -Wall -ffunction-sections -Og -ffat-lto-objects -c Generated_Source\PSoC5\AIO_3.c -o .\CortexM3\ARM_GCC_493\Debug\AIO_3.o
arm-none-eabi-gcc.exe -mcpu=cortex-m3 -mthumb -I. -IGenerated_Source\PSoC5 -Wa,-alh=.\CortexM3\ARM_GCC_493\Debug/AIO_4.lst -g -D DEBUG -Wall -ffunction-sections -Og -ffat-lto-objects -c Generated_Source\PSoC5\AIO_4.c -o .\CortexM3\ARM_GCC_493\Debug\AIO_4.o
arm-none-eabi-gcc.exe -mcpu=cortex-m3 -mthumb -I. -IGenerated_Source\PSoC5 -Wa,-alh=.\CortexM3\ARM_GCC_493\Debug/AIO_5.lst -g -D DEBUG -Wall -ffunction-sections -Og -ffat-lto-objects -c Generated_Source\PSoC5\AIO_5.c -o .\CortexM3\ARM_GCC_493\Debug\AIO_5.o
arm-none-eabi-gcc.exe -mcpu=cortex-m3 -mthumb -I. -IGenerated_Source\PSoC5 -Wa,-alh=.\CortexM3\ARM_GCC_493\Debug/AIO_6.lst -g -D DEBUG -Wall -ffunction-sections -Og -ffat-lto-objects -c Generated_Source\PSoC5\AIO_6.c -o .\CortexM3\ARM_GCC_493\Debug\AIO_6.o
arm-none-eabi-gcc.exe -mcpu=cortex-m3 -mthumb -I. -IGenerated_Source\PSoC5 -Wa,-alh=.\CortexM3\ARM_GCC_493\Debug/AIO_7.lst -g -D DEBUG -Wall -ffunction-sections -Og -ffat-lto-objects -c Generated_Source\PSoC5\AIO_7.c -o .\CortexM3\ARM_GCC_493\Debug\AIO_7.o
arm-none-eabi-gcc.exe -mcpu=cortex-m3 -mthumb -I. -IGenerated_Source\PSoC5 -Wa,-alh=.\CortexM3\ARM_GCC_493\Debug/AIO_8.lst -g -D DEBUG -Wall -ffunction-sections -Og -ffat-lto-objects -c Generated_Source\PSoC5\AIO_8.c -o .\CortexM3\ARM_GCC_493\Debug\AIO_8.o
arm-none-eabi-gcc.exe -mcpu=cortex-m3 -mthumb -I. -IGenerated_Source\PSoC5 -Wa,-alh=.\CortexM3\ARM_GCC_493\Debug/AIO_9.lst -g -D DEBUG -Wall -ffunction-sections -Og -ffat-lto-objects -c Generated_Source\PSoC5\AIO_9.c -o .\CortexM3\ARM_GCC_493\Debug\AIO_9.o
arm-none-eabi-gcc.exe -mcpu=cortex-m3 -mthumb -I. -IGenerated_Source\PSoC5 -Wa,-alh=.\CortexM3\ARM_GCC_493\Debug/AIO_10.lst -g -D DEBUG -Wall -ffunction-sections -Og -ffat-lto-objects -c Generated_Source\PSoC5\AIO_10.c -o .\CortexM3\ARM_GCC_493\Debug\AIO_10.o
arm-none-eabi-gcc.exe -mcpu=cortex-m3 -mthumb -I. -IGenerated_Source\PSoC5 -Wa,-alh=.\CortexM3\ARM_GCC_493\Debug/AIO_11.lst -g -D DEBUG -Wall -ffunction-sections -Og -ffat-lto-objects -c Generated_Source\PSoC5\AIO_11.c -o .\CortexM3\ARM_GCC_493\Debug\AIO_11.o
arm-none-eabi-gcc.exe -mcpu=cortex-m3 -mthumb -I. -IGenerated_Source\PSoC5 -Wa,-alh=.\CortexM3\ARM_GCC_493\Debug/AIO_12.lst -g -D DEBUG -Wall -ffunction-sections -Og -ffat-lto-objects -c Generated_Source\PSoC5\AIO_12.c -o .\CortexM3\ARM_GCC_493\Debug\AIO_12.o
arm-none-eabi-gcc.exe -mcpu=cortex-m3 -mthumb -I. -IGenerated_Source\PSoC5 -Wa,-alh=.\CortexM3\ARM_GCC_493\Debug/AIO_13.lst -g -D DEBUG -Wall -ffunction-sections -Og -ffat-lto-objects -c Generated_Source\PSoC5\AIO_13.c -o .\CortexM3\ARM_GCC_493\Debug\AIO_13.o
arm-none-eabi-gcc.exe -mcpu=cortex-m3 -mthumb -I. -IGenerated_Source\PSoC5 -Wa,-alh=.\CortexM3\ARM_GCC_493\Debug/AIO_14.lst -g -D DEBUG -Wall -ffunction-sections -Og -ffat-lto-objects -c Generated_Source\PSoC5\AIO_14.c -o .\CortexM3\ARM_GCC_493\Debug\AIO_14.o
arm-none-eabi-gcc.exe -mcpu=cortex-m3 -mthumb -I. -IGenerated_Source\PSoC5 -Wa,-alh=.\CortexM3\ARM_GCC_493\Debug/AIO_15.lst -g -D DEBUG -Wall -ffunction-sections -Og -ffat-lto-objects -c Generated_Source\PSoC5\AIO_15.c -o .\CortexM3\ARM_GCC_493\Debug\AIO_15.o
arm-none-eabi-gcc.exe -mcpu=cortex-m3 -mthumb -I. -IGenerated_Source\PSoC5 -Wa,-alh=.\CortexM3\ARM_GCC_493\Debug/DIO_0.lst -g -D DEBUG -Wall -ffunction-sections -Og -ffat-lto-objects -c Generated_Source\PSoC5\DIO_0.c -o .\CortexM3\ARM_GCC_493\Debug\DIO_0.o
arm-none-eabi-gcc.exe -mcpu=cortex-m3 -mthumb -I. -IGenerated_Source\PSoC5 -Wa,-alh=.\CortexM3\ARM_GCC_493\Debug/DIO_1.lst -g -D DEBUG -Wall -ffunction-sections -Og -ffat-lto-objects -c Generated_Source\PSoC5\DIO_1.c -o .\CortexM3\ARM_GCC_493\Debug\DIO_1.o
arm-none-eabi-gcc.exe -mcpu=cortex-m3 -mthumb -I. -IGenerated_Source\PSoC5 -Wa,-alh=.\CortexM3\ARM_GCC_493\Debug/DIO_2.lst -g -D DEBUG -Wall -ffunction-sections -Og -ffat-lto-objects -c Generated_Source\PSoC5\DIO_2.c -o .\CortexM3\ARM_GCC_493\Debug\DIO_2.o
arm-none-eabi-gcc.exe -mcpu=cortex-m3 -mthumb -I. -IGenerated_Source\PSoC5 -Wa,-alh=.\CortexM3\ARM_GCC_493\Debug/DIO_3.lst -g -D DEBUG -Wall -ffunction-sections -Og -ffat-lto-objects -c Generated_Source\PSoC5\DIO_3.c -o .\CortexM3\ARM_GCC_493\Debug\DIO_3.o
arm-none-eabi-gcc.exe -mcpu=cortex-m3 -mthumb -I. -IGenerated_Source\PSoC5 -Wa,-alh=.\CortexM3\ARM_GCC_493\Debug/DIO_4.lst -g -D DEBUG -Wall -ffunction-sections -Og -ffat-lto-objects -c Generated_Source\PSoC5\DIO_4.c -o .\CortexM3\ARM_GCC_493\Debug\DIO_4.o
arm-none-eabi-gcc.exe -mcpu=cortex-m3 -mthumb -I. -IGenerated_Source\PSoC5 -Wa,-alh=.\CortexM3\ARM_GCC_493\Debug/DIO_5.lst -g -D DEBUG -Wall -ffunction-sections -Og -ffat-lto-objects -c Generated_Source\PSoC5\DIO_5.c -o .\CortexM3\ARM_GCC_493\Debug\DIO_5.o
arm-none-eabi-gcc.exe -mcpu=cortex-m3 -mthumb -I. -IGenerated_Source\PSoC5 -Wa,-alh=.\CortexM3\ARM_GCC_493\Debug/DIO_6.lst -g -D DEBUG -Wall -ffunction-sections -Og -ffat-lto-objects -c Generated_Source\PSoC5\DIO_6.c -o .\CortexM3\ARM_GCC_493\Debug\DIO_6.o
arm-none-eabi-gcc.exe -mcpu=cortex-m3 -mthumb -I. -IGenerated_Source\PSoC5 -Wa,-alh=.\CortexM3\ARM_GCC_493\Debug/DIO_7.lst -g -D DEBUG -Wall -ffunction-sections -Og -ffat-lto-objects -c Generated_Source\PSoC5\DIO_7.c -o .\CortexM3\ARM_GCC_493\Debug\DIO_7.o
arm-none-eabi-gcc.exe -mcpu=cortex-m3 -mthumb -I. -IGenerated_Source\PSoC5 -Wa,-alh=.\CortexM3\ARM_GCC_493\Debug/DIO_8.lst -g -D DEBUG -Wall -ffunction-sections -Og -ffat-lto-objects -c Generated_Source\PSoC5\DIO_8.c -o .\CortexM3\ARM_GCC_493\Debug\DIO_8.o
arm-none-eabi-gcc.exe -mcpu=cortex-m3 -mthumb -I. -IGenerated_Source\PSoC5 -Wa,-alh=.\CortexM3\ARM_GCC_493\Debug/DIO_9.lst -g -D DEBUG -Wall -ffunction-sections -Og -ffat-lto-objects -c Generated_Source\PSoC5\DIO_9.c -o .\CortexM3\ARM_GCC_493\Debug\DIO_9.o
arm-none-eabi-gcc.exe -mcpu=cortex-m3 -mthumb -I. -IGenerated_Source\PSoC5 -Wa,-alh=.\CortexM3\ARM_GCC_493\Debug/DIO_10.lst -g -D DEBUG -Wall -ffunction-sections -Og -ffat-lto-objects -c Generated_Source\PSoC5\DIO_10.c -o .\CortexM3\ARM_GCC_493\Debug\DIO_10.o
arm-none-eabi-gcc.exe -mcpu=cortex-m3 -mthumb -I. -IGenerated_Source\PSoC5 -Wa,-alh=.\CortexM3\ARM_GCC_493\Debug/DIO_11.lst -g -D DEBUG -Wall -ffunction-sections -Og -ffat-lto-objects -c Generated_Source\PSoC5\DIO_11.c -o .\CortexM3\ARM_GCC_493\Debug\DIO_11.o
arm-none-eabi-gcc.exe -mcpu=cortex-m3 -mthumb -I. -IGenerated_Source\PSoC5 -Wa,-alh=.\CortexM3\ARM_GCC_493\Debug/DIO_12.lst -g -D DEBUG -Wall -ffunction-sections -Og -ffat-lto-objects -c Generated_Source\PSoC5\DIO_12.c -o .\CortexM3\ARM_GCC_493\Debug\DIO_12.o
arm-none-eabi-gcc.exe -mcpu=cortex-m3 -mthumb -I. -IGenerated_Source\PSoC5 -Wa,-alh=.\CortexM3\ARM_GCC_493\Debug/DIO_13.lst -g -D DEBUG -Wall -ffunction-sections -Og -ffat-lto-objects -c Generated_Source\PSoC5\DIO_13.c -o .\CortexM3\ARM_GCC_493\Debug\DIO_13.o
arm-none-eabi-gcc.exe -mcpu=cortex-m3 -mthumb -I. -IGenerated_Source\PSoC5 -Wa,-alh=.\CortexM3\ARM_GCC_493\Debug/DIO_14.lst -g -D DEBUG -Wall -ffunction-sections -Og -ffat-lto-objects -c Generated_Source\PSoC5\DIO_14.c -o .\CortexM3\ARM_GCC_493\Debug\DIO_14.o
arm-none-eabi-gcc.exe -mcpu=cortex-m3 -mthumb -I. -IGenerated_Source\PSoC5 -Wa,-alh=.\CortexM3\ARM_GCC_493\Debug/DIO_15.lst -g -D DEBUG -Wall -ffunction-sections -Og -ffat-lto-objects -c Generated_Source\PSoC5\DIO_15.c -o .\CortexM3\ARM_GCC_493\Debug\DIO_15.o
arm-none-eabi-gcc.exe -mcpu=cortex-m3 -mthumb -I. -IGenerated_Source\PSoC5 -Wa,-alh=.\CortexM3\ARM_GCC_493\Debug/LED_B.lst -g -D DEBUG -Wall -ffunction-sections -Og -ffat-lto-objects -c Generated_Source\PSoC5\LED_B.c -o .\CortexM3\ARM_GCC_493\Debug\LED_B.o
arm-none-eabi-gcc.exe -mcpu=cortex-m3 -mthumb -I. -IGenerated_Source\PSoC5 -Wa,-alh=.\CortexM3\ARM_GCC_493\Debug/LED_G.lst -g -D DEBUG -Wall -ffunction-sections -Og -ffat-lto-objects -c Generated_Source\PSoC5\LED_G.c -o .\CortexM3\ARM_GCC_493\Debug\LED_G.o
arm-none-eabi-gcc.exe -mcpu=cortex-m3 -mthumb -I. -IGenerated_Source\PSoC5 -Wa,-alh=.\CortexM3\ARM_GCC_493\Debug/LED_R.lst -g -D DEBUG -Wall -ffunction-sections -Og -ffat-lto-objects -c Generated_Source\PSoC5\LED_R.c -o .\CortexM3\ARM_GCC_493\Debug\LED_R.o
arm-none-eabi-gcc.exe -mcpu=cortex-m3 -mthumb -I. -IGenerated_Source\PSoC5 -Wa,-alh=.\CortexM3\ARM_GCC_493\Debug/KEY_1.lst -g -D DEBUG -Wall -ffunction-sections -Og -ffat-lto-objects -c Generated_Source\PSoC5\KEY_1.c -o .\CortexM3\ARM_GCC_493\Debug\KEY_1.o
arm-none-eabi-gcc.exe -mcpu=cortex-m3 -mthumb -I. -IGenerated_Source\PSoC5 -Wa,-alh=.\CortexM3\ARM_GCC_493\Debug/KEY_2.lst -g -D DEBUG -Wall -ffunction-sections -Og -ffat-lto-objects -c Generated_Source\PSoC5\KEY_2.c -o .\CortexM3\ARM_GCC_493\Debug\KEY_2.o
arm-none-eabi-gcc.exe -mcpu=cortex-m3 -mthumb -I. -IGenerated_Source\PSoC5 -Wa,-alh=.\CortexM3\ARM_GCC_493\Debug/USBUART_1.lst -g -D DEBUG -Wall -ffunction-sections -Og -ffat-lto-objects -c Generated_Source\PSoC5\USBUART_1.c -o .\CortexM3\ARM_GCC_493\Debug\USBUART_1.o
arm-none-eabi-gcc.exe -mcpu=cortex-m3 -mthumb -I. -IGenerated_Source\PSoC5 -Wa,-alh=.\CortexM3\ARM_GCC_493\Debug/USBUART_1_audio.lst -g -D DEBUG -Wall -ffunction-sections -Og -ffat-lto-objects -c Generated_Source\PSoC5\USBUART_1_audio.c -o .\CortexM3\ARM_GCC_493\Debug\USBUART_1_audio.o
arm-none-eabi-gcc.exe -mcpu=cortex-m3 -mthumb -I. -IGenerated_Source\PSoC5 -Wa,-alh=.\CortexM3\ARM_GCC_493\Debug/USBUART_1_boot.lst -g -D DEBUG -Wall -ffunction-sections -Og -ffat-lto-objects -c Generated_Source\PSoC5\USBUART_1_boot.c -o .\CortexM3\ARM_GCC_493\Debug\USBUART_1_boot.o
arm-none-eabi-gcc.exe -mcpu=cortex-m3 -mthumb -I. -IGenerated_Source\PSoC5 -Wa,-alh=.\CortexM3\ARM_GCC_493\Debug/USBUART_1_cdc.lst -g -D DEBUG -Wall -ffunction-sections -Og -ffat-lto-objects -c Generated_Source\PSoC5\USBUART_1_cdc.c -o .\CortexM3\ARM_GCC_493\Debug\USBUART_1_cdc.o
arm-none-eabi-gcc.exe -mcpu=cortex-m3 -mthumb -I. -IGenerated_Source\PSoC5 -Wa,-alh=.\CortexM3\ARM_GCC_493\Debug/USBUART_1_cls.lst -g -D DEBUG -Wall -ffunction-sections -Og -ffat-lto-objects -c Generated_Source\PSoC5\USBUART_1_cls.c -o .\CortexM3\ARM_GCC_493\Debug\USBUART_1_cls.o
arm-none-eabi-gcc.exe -mcpu=cortex-m3 -mthumb -I. -IGenerated_Source\PSoC5 -Wa,-alh=.\CortexM3\ARM_GCC_493\Debug/USBUART_1_descr.lst -g -D DEBUG -Wall -ffunction-sections -Og -ffat-lto-objects -c Generated_Source\PSoC5\USBUART_1_descr.c -o .\CortexM3\ARM_GCC_493\Debug\USBUART_1_descr.o
arm-none-eabi-gcc.exe -mcpu=cortex-m3 -mthumb -I. -IGenerated_Source\PSoC5 -Wa,-alh=.\CortexM3\ARM_GCC_493\Debug/USBUART_1_drv.lst -g -D DEBUG -Wall -ffunction-sections -Og -ffat-lto-objects -c Generated_Source\PSoC5\USBUART_1_drv.c -o .\CortexM3\ARM_GCC_493\Debug\USBUART_1_drv.o
arm-none-eabi-gcc.exe -mcpu=cortex-m3 -mthumb -I. -IGenerated_Source\PSoC5 -Wa,-alh=.\CortexM3\ARM_GCC_493\Debug/USBUART_1_episr.lst -g -D DEBUG -Wall -ffunction-sections -Og -ffat-lto-objects -c Generated_Source\PSoC5\USBUART_1_episr.c -o .\CortexM3\ARM_GCC_493\Debug\USBUART_1_episr.o
arm-none-eabi-gcc.exe -mcpu=cortex-m3 -mthumb -I. -IGenerated_Source\PSoC5 -Wa,-alh=.\CortexM3\ARM_GCC_493\Debug/USBUART_1_hid.lst -g -D DEBUG -Wall -ffunction-sections -Og -ffat-lto-objects -c Generated_Source\PSoC5\USBUART_1_hid.c -o .\CortexM3\ARM_GCC_493\Debug\USBUART_1_hid.o
arm-none-eabi-gcc.exe -mcpu=cortex-m3 -mthumb -I. -IGenerated_Source\PSoC5 -Wa,-alh=.\CortexM3\ARM_GCC_493\Debug/USBUART_1_pm.lst -g -D DEBUG -Wall -ffunction-sections -Og -ffat-lto-objects -c Generated_Source\PSoC5\USBUART_1_pm.c -o .\CortexM3\ARM_GCC_493\Debug\USBUART_1_pm.o
arm-none-eabi-gcc.exe -mcpu=cortex-m3 -mthumb -I. -IGenerated_Source\PSoC5 -Wa,-alh=.\CortexM3\ARM_GCC_493\Debug/USBUART_1_std.lst -g -D DEBUG -Wall -ffunction-sections -Og -ffat-lto-objects -c Generated_Source\PSoC5\USBUART_1_std.c -o .\CortexM3\ARM_GCC_493\Debug\USBUART_1_std.o
arm-none-eabi-gcc.exe -mcpu=cortex-m3 -mthumb -I. -IGenerated_Source\PSoC5 -Wa,-alh=.\CortexM3\ARM_GCC_493\Debug/USBUART_1_vnd.lst -g -D DEBUG -Wall -ffunction-sections -Og -ffat-lto-objects -c Generated_Source\PSoC5\USBUART_1_vnd.c -o .\CortexM3\ARM_GCC_493\Debug\USBUART_1_vnd.o
arm-none-eabi-gcc.exe -mcpu=cortex-m3 -mthumb -I. -IGenerated_Source\PSoC5 -Wa,-alh=.\CortexM3\ARM_GCC_493\Debug/USBUART_1_midi.lst -g -D DEBUG -Wall -ffunction-sections -Og -ffat-lto-objects -c Generated_Source\PSoC5\USBUART_1_midi.c -o .\CortexM3\ARM_GCC_493\Debug\USBUART_1_midi.o
arm-none-eabi-gcc.exe -mcpu=cortex-m3 -mthumb -I. -IGenerated_Source\PSoC5 -Wa,-alh=.\CortexM3\ARM_GCC_493\Debug/USBUART_1_msc.lst -g -D DEBUG -Wall -ffunction-sections -Og -ffat-lto-objects -c Generated_Source\PSoC5\USBUART_1_msc.c -o .\CortexM3\ARM_GCC_493\Debug\USBUART_1_msc.o
arm-none-eabi-gcc.exe -mcpu=cortex-m3 -mthumb -I. -IGenerated_Source\PSoC5 -Wa,-alh=.\CortexM3\ARM_GCC_493\Debug/BUZZER.lst -g -D DEBUG -Wall -ffunction-sections -Og -ffat-lto-objects -c Generated_Source\PSoC5\BUZZER.c -o .\CortexM3\ARM_GCC_493\Debug\BUZZER.o
arm-none-eabi-gcc.exe -mcpu=cortex-m3 -mthumb -I. -IGenerated_Source\PSoC5 -Wa,-alh=.\CortexM3\ARM_GCC_493\Debug/CAN_1.lst -g -D DEBUG -Wall -ffunction-sections -Og -ffat-lto-objects -c Generated_Source\PSoC5\CAN_1.c -o .\CortexM3\ARM_GCC_493\Debug\CAN_1.o
arm-none-eabi-gcc.exe -mcpu=cortex-m3 -mthumb -I. -IGenerated_Source\PSoC5 -Wa,-alh=.\CortexM3\ARM_GCC_493\Debug/CAN_1_INT.lst -g -D DEBUG -Wall -ffunction-sections -Og -ffat-lto-objects -c Generated_Source\PSoC5\CAN_1_INT.c -o .\CortexM3\ARM_GCC_493\Debug\CAN_1_INT.o
arm-none-eabi-gcc.exe -mcpu=cortex-m3 -mthumb -I. -IGenerated_Source\PSoC5 -Wa,-alh=.\CortexM3\ARM_GCC_493\Debug/CAN_1_PM.lst -g -D DEBUG -Wall -ffunction-sections -Og -ffat-lto-objects -c Generated_Source\PSoC5\CAN_1_PM.c -o .\CortexM3\ARM_GCC_493\Debug\CAN_1_PM.o
arm-none-eabi-gcc.exe -mcpu=cortex-m3 -mthumb -I. -IGenerated_Source\PSoC5 -Wa,-alh=.\CortexM3\ARM_GCC_493\Debug/CAN_1_TX_RX_func.lst -g -D DEBUG -Wall -ffunction-sections -Og -ffat-lto-objects -c Generated_Source\PSoC5\CAN_1_TX_RX_func.c -o .\CortexM3\ARM_GCC_493\Debug\CAN_1_TX_RX_func.o
arm-none-eabi-gcc.exe -mcpu=cortex-m3 -mthumb -I. -IGenerated_Source\PSoC5 -Wa,-alh=.\CortexM3\ARM_GCC_493\Debug/CAN_TX.lst -g -D DEBUG -Wall -ffunction-sections -Og -ffat-lto-objects -c Generated_Source\PSoC5\CAN_TX.c -o .\CortexM3\ARM_GCC_493\Debug\CAN_TX.o
arm-none-eabi-gcc.exe -mcpu=cortex-m3 -mthumb -I. -IGenerated_Source\PSoC5 -Wa,-alh=.\CortexM3\ARM_GCC_493\Debug/CAN_RX.lst -g -D DEBUG -Wall -ffunction-sections -Og -ffat-lto-objects -c Generated_Source\PSoC5\CAN_RX.c -o .\CortexM3\ARM_GCC_493\Debug\CAN_RX.o
arm-none-eabi-gcc.exe -mcpu=cortex-m3 -mthumb -I. -IGenerated_Source\PSoC5 -Wa,-alh=.\CortexM3\ARM_GCC_493\Debug/UART_MODX_1.lst -g -D DEBUG -Wall -ffunction-sections -Og -ffat-lto-objects -c Generated_Source\PSoC5\UART_MODX_1.c -o .\CortexM3\ARM_GCC_493\Debug\UART_MODX_1.o
arm-none-eabi-gcc.exe -mcpu=cortex-m3 -mthumb -I. -IGenerated_Source\PSoC5 -Wa,-alh=.\CortexM3\ARM_GCC_493\Debug/UART_MODX_1_PM.lst -g -D DEBUG -Wall -ffunction-sections -Og -ffat-lto-objects -c Generated_Source\PSoC5\UART_MODX_1_PM.c -o .\CortexM3\ARM_GCC_493\Debug\UART_MODX_1_PM.o
arm-none-eabi-gcc.exe -mcpu=cortex-m3 -mthumb -I. -IGenerated_Source\PSoC5 -Wa,-alh=.\CortexM3\ARM_GCC_493\Debug/UART_MODX_1_INT.lst -g -D DEBUG -Wall -ffunction-sections -Og -ffat-lto-objects -c Generated_Source\PSoC5\UART_MODX_1_INT.c -o .\CortexM3\ARM_GCC_493\Debug\UART_MODX_1_INT.o
arm-none-eabi-gcc.exe -mcpu=cortex-m3 -mthumb -I. -IGenerated_Source\PSoC5 -Wa,-alh=.\CortexM3\ARM_GCC_493\Debug/UART_MODX_1_BOOT.lst -g -D DEBUG -Wall -ffunction-sections -Og -ffat-lto-objects -c Generated_Source\PSoC5\UART_MODX_1_BOOT.c -o .\CortexM3\ARM_GCC_493\Debug\UART_MODX_1_BOOT.o
arm-none-eabi-gcc.exe -mcpu=cortex-m3 -mthumb -I. -IGenerated_Source\PSoC5 -Wa,-alh=.\CortexM3\ARM_GCC_493\Debug/UART_MODX_0.lst -g -D DEBUG -Wall -ffunction-sections -Og -ffat-lto-objects -c Generated_Source\PSoC5\UART_MODX_0.c -o .\CortexM3\ARM_GCC_493\Debug\UART_MODX_0.o
arm-none-eabi-gcc.exe -mcpu=cortex-m3 -mthumb -I. -IGenerated_Source\PSoC5 -Wa,-alh=.\CortexM3\ARM_GCC_493\Debug/UART_MODX_0_PM.lst -g -D DEBUG -Wall -ffunction-sections -Og -ffat-lto-objects -c Generated_Source\PSoC5\UART_MODX_0_PM.c -o .\CortexM3\ARM_GCC_493\Debug\UART_MODX_0_PM.o
arm-none-eabi-gcc.exe -mcpu=cortex-m3 -mthumb -I. -IGenerated_Source\PSoC5 -Wa,-alh=.\CortexM3\ARM_GCC_493\Debug/UART_MODX_0_INT.lst -g -D DEBUG -Wall -ffunction-sections -Og -ffat-lto-objects -c Generated_Source\PSoC5\UART_MODX_0_INT.c -o .\CortexM3\ARM_GCC_493\Debug\UART_MODX_0_INT.o
arm-none-eabi-gcc.exe -mcpu=cortex-m3 -mthumb -I. -IGenerated_Source\PSoC5 -Wa,-alh=.\CortexM3\ARM_GCC_493\Debug/UART_MODX_0_BOOT.lst -g -D DEBUG -Wall -ffunction-sections -Og -ffat-lto-objects -c Generated_Source\PSoC5\UART_MODX_0_BOOT.c -o .\CortexM3\ARM_GCC_493\Debug\UART_MODX_0_BOOT.o
arm-none-eabi-gcc.exe -mcpu=cortex-m3 -mthumb -I. -IGenerated_Source\PSoC5 -Wa,-alh=.\CortexM3\ARM_GCC_493\Debug/UART_MODX_2.lst -g -D DEBUG -Wall -ffunction-sections -Og -ffat-lto-objects -c Generated_Source\PSoC5\UART_MODX_2.c -o .\CortexM3\ARM_GCC_493\Debug\UART_MODX_2.o
arm-none-eabi-gcc.exe -mcpu=cortex-m3 -mthumb -I. -IGenerated_Source\PSoC5 -Wa,-alh=.\CortexM3\ARM_GCC_493\Debug/UART_MODX_2_PM.lst -g -D DEBUG -Wall -ffunction-sections -Og -ffat-lto-objects -c Generated_Source\PSoC5\UART_MODX_2_PM.c -o .\CortexM3\ARM_GCC_493\Debug\UART_MODX_2_PM.o
arm-none-eabi-gcc.exe -mcpu=cortex-m3 -mthumb -I. -IGenerated_Source\PSoC5 -Wa,-alh=.\CortexM3\ARM_GCC_493\Debug/UART_MODX_2_INT.lst -g -D DEBUG -Wall -ffunction-sections -Og -ffat-lto-objects -c Generated_Source\PSoC5\UART_MODX_2_INT.c -o .\CortexM3\ARM_GCC_493\Debug\UART_MODX_2_INT.o
arm-none-eabi-gcc.exe -mcpu=cortex-m3 -mthumb -I. -IGenerated_Source\PSoC5 -Wa,-alh=.\CortexM3\ARM_GCC_493\Debug/UART_MODX_2_BOOT.lst -g -D DEBUG -Wall -ffunction-sections -Og -ffat-lto-objects -c Generated_Source\PSoC5\UART_MODX_2_BOOT.c -o .\CortexM3\ARM_GCC_493\Debug\UART_MODX_2_BOOT.o
arm-none-eabi-gcc.exe -mcpu=cortex-m3 -mthumb -I. -IGenerated_Source\PSoC5 -Wa,-alh=.\CortexM3\ARM_GCC_493\Debug/UART_STIM_0.lst -g -D DEBUG -Wall -ffunction-sections -Og -ffat-lto-objects -c Generated_Source\PSoC5\UART_STIM_0.c -o .\CortexM3\ARM_GCC_493\Debug\UART_STIM_0.o
arm-none-eabi-gcc.exe -mcpu=cortex-m3 -mthumb -I. -IGenerated_Source\PSoC5 -Wa,-alh=.\CortexM3\ARM_GCC_493\Debug/UART_STIM_0_PM.lst -g -D DEBUG -Wall -ffunction-sections -Og -ffat-lto-objects -c Generated_Source\PSoC5\UART_STIM_0_PM.c -o .\CortexM3\ARM_GCC_493\Debug\UART_STIM_0_PM.o
arm-none-eabi-gcc.exe -mcpu=cortex-m3 -mthumb -I. -IGenerated_Source\PSoC5 -Wa,-alh=.\CortexM3\ARM_GCC_493\Debug/UART_STIM_0_INT.lst -g -D DEBUG -Wall -ffunction-sections -Og -ffat-lto-objects -c Generated_Source\PSoC5\UART_STIM_0_INT.c -o .\CortexM3\ARM_GCC_493\Debug\UART_STIM_0_INT.o
arm-none-eabi-gcc.exe -mcpu=cortex-m3 -mthumb -I. -IGenerated_Source\PSoC5 -Wa,-alh=.\CortexM3\ARM_GCC_493\Debug/UART_STIM_0_BOOT.lst -g -D DEBUG -Wall -ffunction-sections -Og -ffat-lto-objects -c Generated_Source\PSoC5\UART_STIM_0_BOOT.c -o .\CortexM3\ARM_GCC_493\Debug\UART_STIM_0_BOOT.o
arm-none-eabi-gcc.exe -mcpu=cortex-m3 -mthumb -I. -IGenerated_Source\PSoC5 -Wa,-alh=.\CortexM3\ARM_GCC_493\Debug/UART_STIM_1.lst -g -D DEBUG -Wall -ffunction-sections -Og -ffat-lto-objects -c Generated_Source\PSoC5\UART_STIM_1.c -o .\CortexM3\ARM_GCC_493\Debug\UART_STIM_1.o
arm-none-eabi-gcc.exe -mcpu=cortex-m3 -mthumb -I. -IGenerated_Source\PSoC5 -Wa,-alh=.\CortexM3\ARM_GCC_493\Debug/UART_STIM_1_PM.lst -g -D DEBUG -Wall -ffunction-sections -Og -ffat-lto-objects -c Generated_Source\PSoC5\UART_STIM_1_PM.c -o .\CortexM3\ARM_GCC_493\Debug\UART_STIM_1_PM.o
arm-none-eabi-gcc.exe -mcpu=cortex-m3 -mthumb -I. -IGenerated_Source\PSoC5 -Wa,-alh=.\CortexM3\ARM_GCC_493\Debug/UART_STIM_1_INT.lst -g -D DEBUG -Wall -ffunction-sections -Og -ffat-lto-objects -c Generated_Source\PSoC5\UART_STIM_1_INT.c -o .\CortexM3\ARM_GCC_493\Debug\UART_STIM_1_INT.o
arm-none-eabi-gcc.exe -mcpu=cortex-m3 -mthumb -I. -IGenerated_Source\PSoC5 -Wa,-alh=.\CortexM3\ARM_GCC_493\Debug/UART_STIM_1_BOOT.lst -g -D DEBUG -Wall -ffunction-sections -Og -ffat-lto-objects -c Generated_Source\PSoC5\UART_STIM_1_BOOT.c -o .\CortexM3\ARM_GCC_493\Debug\UART_STIM_1_BOOT.o
arm-none-eabi-gcc.exe -mcpu=cortex-m3 -mthumb -I. -IGenerated_Source\PSoC5 -Wa,-alh=.\CortexM3\ARM_GCC_493\Debug/PWM_1.lst -g -D DEBUG -Wall -ffunction-sections -Og -ffat-lto-objects -c Generated_Source\PSoC5\PWM_1.c -o .\CortexM3\ARM_GCC_493\Debug\PWM_1.o
arm-none-eabi-gcc.exe -mcpu=cortex-m3 -mthumb -I. -IGenerated_Source\PSoC5 -Wa,-alh=.\CortexM3\ARM_GCC_493\Debug/PWM_1_PM.lst -g -D DEBUG -Wall -ffunction-sections -Og -ffat-lto-objects -c Generated_Source\PSoC5\PWM_1_PM.c -o .\CortexM3\ARM_GCC_493\Debug\PWM_1_PM.o
arm-none-eabi-gcc.exe -mcpu=cortex-m3 -mthumb -I. -IGenerated_Source\PSoC5 -Wa,-alh=.\CortexM3\ARM_GCC_493\Debug/Clock_1.lst -g -D DEBUG -Wall -ffunction-sections -Og -ffat-lto-objects -c Generated_Source\PSoC5\Clock_1.c -o .\CortexM3\ARM_GCC_493\Debug\Clock_1.o
arm-none-eabi-gcc.exe -mcpu=cortex-m3 -mthumb -I. -IGenerated_Source\PSoC5 -Wa,-alh=.\CortexM3\ARM_GCC_493\Debug/Clock_2.lst -g -D DEBUG -Wall -ffunction-sections -Og -ffat-lto-objects -c Generated_Source\PSoC5\Clock_2.c -o .\CortexM3\ARM_GCC_493\Debug\Clock_2.o
arm-none-eabi-gcc.exe -mcpu=cortex-m3 -mthumb -I. -IGenerated_Source\PSoC5 -Wa,-alh=.\CortexM3\ARM_GCC_493\Debug/USBUART_1_Dm.lst -g -D DEBUG -Wall -ffunction-sections -Og -ffat-lto-objects -c Generated_Source\PSoC5\USBUART_1_Dm.c -o .\CortexM3\ARM_GCC_493\Debug\USBUART_1_Dm.o
arm-none-eabi-gcc.exe -mcpu=cortex-m3 -mthumb -I. -IGenerated_Source\PSoC5 -Wa,-alh=.\CortexM3\ARM_GCC_493\Debug/USBUART_1_Dp.lst -g -D DEBUG -Wall -ffunction-sections -Og -ffat-lto-objects -c Generated_Source\PSoC5\USBUART_1_Dp.c -o .\CortexM3\ARM_GCC_493\Debug\USBUART_1_Dp.o
arm-none-eabi-gcc.exe -mcpu=cortex-m3 -mthumb -I. -IGenerated_Source\PSoC5 -Wa,-alh=.\CortexM3\ARM_GCC_493\Debug/UART_STIM_0_IntClock.lst -g -D DEBUG -Wall -ffunction-sections -Og -ffat-lto-objects -c Generated_Source\PSoC5\UART_STIM_0_IntClock.c -o .\CortexM3\ARM_GCC_493\Debug\UART_STIM_0_IntClock.o
arm-none-eabi-gcc.exe -mcpu=cortex-m3 -mthumb -I. -IGenerated_Source\PSoC5 -Wa,-alh=.\CortexM3\ARM_GCC_493\Debug/UART_STIM_1_IntClock.lst -g -D DEBUG -Wall -ffunction-sections -Og -ffat-lto-objects -c Generated_Source\PSoC5\UART_STIM_1_IntClock.c -o .\CortexM3\ARM_GCC_493\Debug\UART_STIM_1_IntClock.o
arm-none-eabi-gcc.exe -mcpu=cortex-m3 -mthumb -I. -IGenerated_Source\PSoC5 -Wa,-alh=.\CortexM3\ARM_GCC_493\Debug/CyScBoostClk.lst -g -D DEBUG -Wall -ffunction-sections -Og -ffat-lto-objects -c Generated_Source\PSoC5\CyScBoostClk.c -o .\CortexM3\ARM_GCC_493\Debug\CyScBoostClk.o
arm-none-eabi-gcc.exe -mcpu=cortex-m3 -mthumb -I. -IGenerated_Source\PSoC5 -Wa,-alh=.\CortexM3\ARM_GCC_493\Debug/SAIO_0.lst -g -D DEBUG -Wall -ffunction-sections -Og -ffat-lto-objects -c Generated_Source\PSoC5\SAIO_0.c -o .\CortexM3\ARM_GCC_493\Debug\SAIO_0.o
arm-none-eabi-gcc.exe -mcpu=cortex-m3 -mthumb -I. -IGenerated_Source\PSoC5 -Wa,-alh=.\CortexM3\ARM_GCC_493\Debug/SAIO_1.lst -g -D DEBUG -Wall -ffunction-sections -Og -ffat-lto-objects -c Generated_Source\PSoC5\SAIO_1.c -o .\CortexM3\ARM_GCC_493\Debug\SAIO_1.o
arm-none-eabi-gcc.exe -mcpu=cortex-m3 -mthumb -I. -IGenerated_Source\PSoC5 -Wa,-alh=.\CortexM3\ARM_GCC_493\Debug/SDIO_0.lst -g -D DEBUG -Wall -ffunction-sections -Og -ffat-lto-objects -c Generated_Source\PSoC5\SDIO_0.c -o .\CortexM3\ARM_GCC_493\Debug\SDIO_0.o
arm-none-eabi-gcc.exe -mcpu=cortex-m3 -mthumb -I. -IGenerated_Source\PSoC5 -Wa,-alh=.\CortexM3\ARM_GCC_493\Debug/SDIO_1.lst -g -D DEBUG -Wall -ffunction-sections -Og -ffat-lto-objects -c Generated_Source\PSoC5\SDIO_1.c -o .\CortexM3\ARM_GCC_493\Debug\SDIO_1.o
arm-none-eabi-gcc.exe -mcpu=cortex-m3 -mthumb -I. -IGenerated_Source\PSoC5 -Wa,-alh=.\CortexM3\ARM_GCC_493\Debug/MODX_1_IO.lst -g -D DEBUG -Wall -ffunction-sections -Og -ffat-lto-objects -c Generated_Source\PSoC5\MODX_1_IO.c -o .\CortexM3\ARM_GCC_493\Debug\MODX_1_IO.o
arm-none-eabi-gcc.exe -mcpu=cortex-m3 -mthumb -I. -IGenerated_Source\PSoC5 -Wa,-alh=.\CortexM3\ARM_GCC_493\Debug/MODX_2_IO.lst -g -D DEBUG -Wall -ffunction-sections -Og -ffat-lto-objects -c Generated_Source\PSoC5\MODX_2_IO.c -o .\CortexM3\ARM_GCC_493\Debug\MODX_2_IO.o
arm-none-eabi-gcc.exe -mcpu=cortex-m3 -mthumb -I. -IGenerated_Source\PSoC5 -Wa,-alh=.\CortexM3\ARM_GCC_493\Debug/MODX_3_IO.lst -g -D DEBUG -Wall -ffunction-sections -Og -ffat-lto-objects -c Generated_Source\PSoC5\MODX_3_IO.c -o .\CortexM3\ARM_GCC_493\Debug\MODX_3_IO.o
arm-none-eabi-gcc.exe -mcpu=cortex-m3 -mthumb -I. -IGenerated_Source\PSoC5 -Wa,-alh=.\CortexM3\ARM_GCC_493\Debug/LIO_6.lst -g -D DEBUG -Wall -ffunction-sections -Og -ffat-lto-objects -c Generated_Source\PSoC5\LIO_6.c -o .\CortexM3\ARM_GCC_493\Debug\LIO_6.o
arm-none-eabi-gcc.exe -mcpu=cortex-m3 -mthumb -I. -IGenerated_Source\PSoC5 -Wa,-alh=.\CortexM3\ARM_GCC_493\Debug/LIO_5.lst -g -D DEBUG -Wall -ffunction-sections -Og -ffat-lto-objects -c Generated_Source\PSoC5\LIO_5.c -o .\CortexM3\ARM_GCC_493\Debug\LIO_5.o
arm-none-eabi-gcc.exe -mcpu=cortex-m3 -mthumb -I. -IGenerated_Source\PSoC5 -Wa,-alh=.\CortexM3\ARM_GCC_493\Debug/LIO_4.lst -g -D DEBUG -Wall -ffunction-sections -Og -ffat-lto-objects -c Generated_Source\PSoC5\LIO_4.c -o .\CortexM3\ARM_GCC_493\Debug\LIO_4.o
arm-none-eabi-gcc.exe -mcpu=cortex-m3 -mthumb -I. -IGenerated_Source\PSoC5 -Wa,-alh=.\CortexM3\ARM_GCC_493\Debug/LIO_3.lst -g -D DEBUG -Wall -ffunction-sections -Og -ffat-lto-objects -c Generated_Source\PSoC5\LIO_3.c -o .\CortexM3\ARM_GCC_493\Debug\LIO_3.o
arm-none-eabi-gcc.exe -mcpu=cortex-m3 -mthumb -I. -IGenerated_Source\PSoC5 -Wa,-alh=.\CortexM3\ARM_GCC_493\Debug/LIO_2.lst -g -D DEBUG -Wall -ffunction-sections -Og -ffat-lto-objects -c Generated_Source\PSoC5\LIO_2.c -o .\CortexM3\ARM_GCC_493\Debug\LIO_2.o
arm-none-eabi-gcc.exe -mcpu=cortex-m3 -mthumb -I. -IGenerated_Source\PSoC5 -Wa,-alh=.\CortexM3\ARM_GCC_493\Debug/LIO_0.lst -g -D DEBUG -Wall -ffunction-sections -Og -ffat-lto-objects -c Generated_Source\PSoC5\LIO_0.c -o .\CortexM3\ARM_GCC_493\Debug\LIO_0.o
arm-none-eabi-gcc.exe -mcpu=cortex-m3 -mthumb -I. -IGenerated_Source\PSoC5 -Wa,-alh=.\CortexM3\ARM_GCC_493\Debug/LIO_1.lst -g -D DEBUG -Wall -ffunction-sections -Og -ffat-lto-objects -c Generated_Source\PSoC5\LIO_1.c -o .\CortexM3\ARM_GCC_493\Debug\LIO_1.o
arm-none-eabi-gcc.exe -mcpu=cortex-m3 -mthumb -I. -IGenerated_Source\PSoC5 -Wa,-alh=.\CortexM3\ARM_GCC_493\Debug/LIO_7.lst -g -D DEBUG -Wall -ffunction-sections -Og -ffat-lto-objects -c Generated_Source\PSoC5\LIO_7.c -o .\CortexM3\ARM_GCC_493\Debug\LIO_7.o
arm-none-eabi-gcc.exe -mcpu=cortex-m3 -mthumb -I. -IGenerated_Source\PSoC5 -Wa,-alh=.\CortexM3\ARM_GCC_493\Debug/LIO_8.lst -g -D DEBUG -Wall -ffunction-sections -Og -ffat-lto-objects -c Generated_Source\PSoC5\LIO_8.c -o .\CortexM3\ARM_GCC_493\Debug\LIO_8.o
arm-none-eabi-gcc.exe -mcpu=cortex-m3 -mthumb -I. -IGenerated_Source\PSoC5 -Wa,-alh=.\CortexM3\ARM_GCC_493\Debug/LIO_9.lst -g -D DEBUG -Wall -ffunction-sections -Og -ffat-lto-objects -c Generated_Source\PSoC5\LIO_9.c -o .\CortexM3\ARM_GCC_493\Debug\LIO_9.o
arm-none-eabi-gcc.exe -mcpu=cortex-m3 -mthumb -I. -IGenerated_Source\PSoC5 -Wa,-alh=.\CortexM3\ARM_GCC_493\Debug/LIO_10.lst -g -D DEBUG -Wall -ffunction-sections -Og -ffat-lto-objects -c Generated_Source\PSoC5\LIO_10.c -o .\CortexM3\ARM_GCC_493\Debug\LIO_10.o
arm-none-eabi-gcc.exe -mcpu=cortex-m3 -mthumb -I. -IGenerated_Source\PSoC5 -Wa,-alh=.\CortexM3\ARM_GCC_493\Debug/LIO_11.lst -g -D DEBUG -Wall -ffunction-sections -Og -ffat-lto-objects -c Generated_Source\PSoC5\LIO_11.c -o .\CortexM3\ARM_GCC_493\Debug\LIO_11.o
arm-none-eabi-gcc.exe -mcpu=cortex-m3 -mthumb -I. -IGenerated_Source\PSoC5 -Wa,-alh=.\CortexM3\ARM_GCC_493\Debug/LIO_12.lst -g -D DEBUG -Wall -ffunction-sections -Og -ffat-lto-objects -c Generated_Source\PSoC5\LIO_12.c -o .\CortexM3\ARM_GCC_493\Debug\LIO_12.o
arm-none-eabi-gcc.exe -mcpu=cortex-m3 -mthumb -I. -IGenerated_Source\PSoC5 -Wa,-alh=.\CortexM3\ARM_GCC_493\Debug/LIO_13_RST.lst -g -D DEBUG -Wall -ffunction-sections -Og -ffat-lto-objects -c Generated_Source\PSoC5\LIO_13_RST.c -o .\CortexM3\ARM_GCC_493\Debug\LIO_13_RST.o
arm-none-eabi-as.exe -mcpu=cortex-m3 -mthumb -I. -IGenerated_Source\PSoC5 -alh=.\CortexM3\ARM_GCC_493\Debug/CyBootAsmGnu.lst -g -W -o .\CortexM3\ARM_GCC_493\Debug\CyBootAsmGnu.o Generated_Source\PSoC5\CyBootAsmGnu.s
arm-none-eabi-ar.exe -rs .\CortexM3\ARM_GCC_493\Debug\Basic_Setup.a .\CortexM3\ARM_GCC_493\Debug\cyfitter_cfg.o .\CortexM3\ARM_GCC_493\Debug\CyDmac.o .\CortexM3\ARM_GCC_493\Debug\CyFlash.o .\CortexM3\ARM_GCC_493\Debug\CyLib.o .\CortexM3\ARM_GCC_493\Debug\cyPm.o .\CortexM3\ARM_GCC_493\Debug\CySpc.o .\CortexM3\ARM_GCC_493\Debug\cyutils.o .\CortexM3\ARM_GCC_493\Debug\AIO_0.o .\CortexM3\ARM_GCC_493\Debug\AIO_1.o .\CortexM3\ARM_GCC_493\Debug\AIO_2.o .\CortexM3\ARM_GCC_493\Debug\AIO_3.o .\CortexM3\ARM_GCC_493\Debug\AIO_4.o .\CortexM3\ARM_GCC_493\Debug\AIO_5.o .\CortexM3\ARM_GCC_493\Debug\AIO_6.o .\CortexM3\ARM_GCC_493\Debug\AIO_7.o .\CortexM3\ARM_GCC_493\Debug\AIO_8.o .\CortexM3\ARM_GCC_493\Debug\AIO_9.o .\CortexM3\ARM_GCC_493\Debug\AIO_10.o .\CortexM3\ARM_GCC_493\Debug\AIO_11.o .\CortexM3\ARM_GCC_493\Debug\AIO_12.o .\CortexM3\ARM_GCC_493\Debug\AIO_13.o .\CortexM3\ARM_GCC_493\Debug\AIO_14.o .\CortexM3\ARM_GCC_493\Debug\AIO_15.o .\CortexM3\ARM_GCC_493\Debug\DIO_0.o .\CortexM3\ARM_GCC_493\Debug\DIO_1.o .\CortexM3\ARM_GCC_493\Debug\DIO_2.o .\CortexM3\ARM_GCC_493\Debug\DIO_3.o .\CortexM3\ARM_GCC_493\Debug\DIO_4.o .\CortexM3\ARM_GCC_493\Debug\DIO_5.o .\CortexM3\ARM_GCC_493\Debug\DIO_6.o .\CortexM3\ARM_GCC_493\Debug\DIO_7.o .\CortexM3\ARM_GCC_493\Debug\DIO_8.o .\CortexM3\ARM_GCC_493\Debug\DIO_9.o .\CortexM3\ARM_GCC_493\Debug\DIO_10.o .\CortexM3\ARM_GCC_493\Debug\DIO_11.o .\CortexM3\ARM_GCC_493\Debug\DIO_12.o .\CortexM3\ARM_GCC_493\Debug\DIO_13.o .\CortexM3\ARM_GCC_493\Debug\DIO_14.o .\CortexM3\ARM_GCC_493\Debug\DIO_15.o .\CortexM3\ARM_GCC_493\Debug\LED_B.o .\CortexM3\ARM_GCC_493\Debug\LED_G.o .\CortexM3\ARM_GCC_493\Debug\LED_R.o .\CortexM3\ARM_GCC_493\Debug\KEY_1.o .\CortexM3\ARM_GCC_493\Debug\KEY_2.o .\CortexM3\ARM_GCC_493\Debug\USBUART_1.o .\CortexM3\ARM_GCC_493\Debug\USBUART_1_audio.o .\CortexM3\ARM_GCC_493\Debug\USBUART_1_boot.o .\CortexM3\ARM_GCC_493\Debug\USBUART_1_cdc.o .\CortexM3\ARM_GCC_493\Debug\USBUART_1_cls.o .\CortexM3\ARM_GCC_493\Debug\USBUART_1_descr.o .\CortexM3\ARM_GCC_493\Debug\USBUART_1_drv.o .\CortexM3\ARM_GCC_493\Debug\USBUART_1_episr.o .\CortexM3\ARM_GCC_493\Debug\USBUART_1_hid.o .\CortexM3\ARM_GCC_493\Debug\USBUART_1_pm.o .\CortexM3\ARM_GCC_493\Debug\USBUART_1_std.o .\CortexM3\ARM_GCC_493\Debug\USBUART_1_vnd.o .\CortexM3\ARM_GCC_493\Debug\USBUART_1_midi.o .\CortexM3\ARM_GCC_493\Debug\USBUART_1_msc.o .\CortexM3\ARM_GCC_493\Debug\BUZZER.o .\CortexM3\ARM_GCC_493\Debug\CAN_1.o .\CortexM3\ARM_GCC_493\Debug\CAN_1_INT.o .\CortexM3\ARM_GCC_493\Debug\CAN_1_PM.o .\CortexM3\ARM_GCC_493\Debug\CAN_1_TX_RX_func.o .\CortexM3\ARM_GCC_493\Debug\CAN_TX.o .\CortexM3\ARM_GCC_493\Debug\CAN_RX.o .\CortexM3\ARM_GCC_493\Debug\UART_MODX_1.o .\CortexM3\ARM_GCC_493\Debug\UART_MODX_1_PM.o .\CortexM3\ARM_GCC_493\Debug\UART_MODX_1_INT.o .\CortexM3\ARM_GCC_493\Debug\UART_MODX_1_BOOT.o .\CortexM3\ARM_GCC_493\Debug\UART_MODX_0.o .\CortexM3\ARM_GCC_493\Debug\UART_MODX_0_PM.o .\CortexM3\ARM_GCC_493\Debug\UART_MODX_0_INT.o .\CortexM3\ARM_GCC_493\Debug\UART_MODX_0_BOOT.o .\CortexM3\ARM_GCC_493\Debug\UART_MODX_2.o .\CortexM3\ARM_GCC_493\Debug\UART_MODX_2_PM.o .\CortexM3\ARM_GCC_493\Debug\UART_MODX_2_INT.o .\CortexM3\ARM_GCC_493\Debug\UART_MODX_2_BOOT.o .\CortexM3\ARM_GCC_493\Debug\UART_STIM_0.o .\CortexM3\ARM_GCC_493\Debug\UART_STIM_0_PM.o .\CortexM3\ARM_GCC_493\Debug\UART_STIM_0_INT.o .\CortexM3\ARM_GCC_493\Debug\UART_STIM_0_BOOT.o .\CortexM3\ARM_GCC_493\Debug\UART_STIM_1.o .\CortexM3\ARM_GCC_493\Debug\UART_STIM_1_PM.o .\CortexM3\ARM_GCC_493\Debug\UART_STIM_1_INT.o .\CortexM3\ARM_GCC_493\Debug\UART_STIM_1_BOOT.o .\CortexM3\ARM_GCC_493\Debug\PWM_1.o .\CortexM3\ARM_GCC_493\Debug\PWM_1_PM.o .\CortexM3\ARM_GCC_493\Debug\Clock_1.o .\CortexM3\ARM_GCC_493\Debug\Clock_2.o .\CortexM3\ARM_GCC_493\Debug\USBUART_1_Dm.o .\CortexM3\ARM_GCC_493\Debug\USBUART_1_Dp.o .\CortexM3\ARM_GCC_493\Debug\UART_STIM_0_IntClock.o .\CortexM3\ARM_GCC_493\Debug\UART_STIM_1_IntClock.o .\CortexM3\ARM_GCC_493\Debug\CyScBoostClk.o .\CortexM3\ARM_GCC_493\Debug\SAIO_0.o .\CortexM3\ARM_GCC_493\Debug\SAIO_1.o .\CortexM3\ARM_GCC_493\Debug\SDIO_0.o .\CortexM3\ARM_GCC_493\Debug\SDIO_1.o .\CortexM3\ARM_GCC_493\Debug\MODX_1_IO.o .\CortexM3\ARM_GCC_493\Debug\MODX_2_IO.o .\CortexM3\ARM_GCC_493\Debug\MODX_3_IO.o .\CortexM3\ARM_GCC_493\Debug\LIO_6.o .\CortexM3\ARM_GCC_493\Debug\LIO_5.o .\CortexM3\ARM_GCC_493\Debug\LIO_4.o .\CortexM3\ARM_GCC_493\Debug\LIO_3.o .\CortexM3\ARM_GCC_493\Debug\LIO_2.o .\CortexM3\ARM_GCC_493\Debug\LIO_0.o .\CortexM3\ARM_GCC_493\Debug\LIO_1.o .\CortexM3\ARM_GCC_493\Debug\LIO_7.o .\CortexM3\ARM_GCC_493\Debug\LIO_8.o .\CortexM3\ARM_GCC_493\Debug\LIO_9.o .\CortexM3\ARM_GCC_493\Debug\LIO_10.o .\CortexM3\ARM_GCC_493\Debug\LIO_11.o .\CortexM3\ARM_GCC_493\Debug\LIO_12.o .\CortexM3\ARM_GCC_493\Debug\LIO_13_RST.o .\CortexM3\ARM_GCC_493\Debug\CyBootAsmGnu.o
arm-none-eabi-ar.exe: creating .\CortexM3\ARM_GCC_493\Debug\Basic_Setup.a
arm-none-eabi-gcc.exe -Wl,--start-group -o .\CortexM3\ARM_GCC_493\Debug\Basic_Setup.elf .\CortexM3\ARM_GCC_493\Debug\main.o .\CortexM3\ARM_GCC_493\Debug\cymetadata.o .\CortexM3\ARM_GCC_493\Debug\Cm3Start.o .\CortexM3\ARM_GCC_493\Debug\Basic_Setup.a "C:\Program Files (x86)\Cypress\PSoC Creator\4.0\PSoC Creator\psoc\content\cycomponentlibrary\CyComponentLibrary.cylib\CortexM3\ARM_GCC_493\Debug\CyComponentLibrary.a" -mcpu=cortex-m3 -mthumb -g -ffunction-sections -Og -ffat-lto-objects -L Generated_Source\PSoC5 -Wl,-Map,.\CortexM3\ARM_GCC_493\Debug/Basic_Setup.map -T D:\LLGD\3LLWork\0PrjSyn\PSOC\HNP3_ECB_WS\Basic_Setup.cydsn\Generated_Source\PSoC5\cm3gcc.ld -specs=nano.specs -Wl,--gc-sections -Wl,--end-group
cyelftool.exe -C D:\LLGD\3LLWork\0PrjSyn\PSOC\HNP3_ECB_WS\Basic_Setup.cydsn\CortexM3\ARM_GCC_493\Debug\Basic_Setup.elf --flash_row_size 256 --flash_size 262144
cyelftool.exe -S D:\LLGD\3LLWork\0PrjSyn\PSOC\HNP3_ECB_WS\Basic_Setup.cydsn\CortexM3\ARM_GCC_493\Debug\Basic_Setup.elf
Flash used: 1374 of 262144 bytes (0.5 %).
SRAM used: 2477 of 65536 bytes (3.8 %). Stack: 2048 bytes. Heap: 128 bytes.
--------------- Build Succeeded: 01/03/2017 15:11:01 ---------------
