ARM GAS  C:\Users\lilu1\AppData\Local\Temp\cceElrmz.s 			page 1


   1              		.syntax unified
   2              		.cpu cortex-m3
   3              		.fpu softvfp
   4              		.eabi_attribute 20, 1
   5              		.eabi_attribute 21, 1
   6              		.eabi_attribute 23, 3
   7              		.eabi_attribute 24, 1
   8              		.eabi_attribute 25, 1
   9              		.eabi_attribute 26, 1
  10              		.eabi_attribute 30, 1
  11              		.eabi_attribute 34, 1
  12              		.eabi_attribute 18, 4
  13              		.thumb
  14              		.file	"main.c"
  15              		.text
  16              	.Ltext0:
  17              		.cfi_sections	.debug_frame
  18              		.section	.text.main,"ax",%progbits
  19              		.align	2
  20              		.global	main
  21              		.thumb
  22              		.thumb_func
  23              		.type	main, %function
  24              	main:
  25              	.LFB63:
  26              		.file 1 "main.c"
   1:main.c        **** /* ========================================
   2:main.c        ****  *
   3:main.c        ****  * Copyright YOUR COMPANY, THE YEAR
   4:main.c        ****  * All Rights Reserved
   5:main.c        ****  * UNPUBLISHED, LICENSED SOFTWARE.
   6:main.c        ****  *
   7:main.c        ****  * CONFIDENTIAL AND PROPRIETARY INFORMATION
   8:main.c        ****  * WHICH IS THE PROPERTY OF your company.
   9:main.c        ****  *
  10:main.c        ****  * ========================================
  11:main.c        **** */ 
  12:main.c        **** #include <project.h>
  13:main.c        **** //#include <device.h>
  14:main.c        **** 
  15:main.c        **** uint8 Count;
  16:main.c        **** uint8 Buffer[128];
  17:main.c        **** 
  18:main.c        **** 
  19:main.c        **** int main()
  20:main.c        **** {
  27              		.loc 1 20 0
  28              		.cfi_startproc
  29              		@ Volatile: function does not return.
  30              		@ args = 0, pretend = 0, frame = 0
  31              		@ frame_needed = 0, uses_anonymous_args = 0
  32              		@ link register save eliminated.
  21:main.c        ****     CyGlobalIntEnable; /* Enable global interrupts. */
  33              		.loc 1 21 0
  34              	@ 21 "main.c" 1
  35 0000 62B6     		CPSIE   i
  36              	@ 0 "" 2
ARM GAS  C:\Users\lilu1\AppData\Local\Temp\cceElrmz.s 			page 2


  37              		.thumb
  38              	.L2:
  22:main.c        **** 
  23:main.c        ****     /* Place your initialization/startup code here (e.g. MyInst_Start()) */
  24:main.c        ****     //USBUART_1_Start(0, USBUART_1_3V_OPERATION);//!!NOTE!! Make sure this matches your board volta
  25:main.c        ****     //while(!USBUART_1_bGetConfiguration());
  26:main.c        ****     //USBUART_1_CDC_Init();
  27:main.c        ****     
  28:main.c        ****     for(;;)
  29:main.c        ****     {
  30:main.c        ****         /* Place your application code here. */
  31:main.c        ****         //Count = USBUART_1_bGetRxCount(); //OLD API
  32:main.c        ****         //Count = USBUART_1_GetCount();
  33:main.c        ****         if(Count != 0) /* Check for input data from PC */
  34:main.c        ****         {
  35:main.c        ****         	//USBUART_1_ReadAll(Buffer); //OLD API
  36:main.c        ****             //USBUART_1_GetAll(Buffer);
  37:main.c        ****         	//USBUART_1_Write(Buffer, Count); /* Echo data back to PC */ //OLD API
  38:main.c        ****            // USBUART_1_PutData(Buffer, Count);
  39:main.c        ****         	//while(!USBUART_1_bTxIsReady()){} /* Wait for Tx to finish */ //OLD API
  40:main.c        ****             //while(!USBUART_1_CDCIsReady()){}
  41:main.c        ****         }
  42:main.c        **** 
  43:main.c        ****     }
  39              		.loc 1 43 0
  40 0002 FEE7     		b	.L2
  41              		.cfi_endproc
  42              	.LFE63:
  43              		.size	main, .-main
  44              		.comm	Buffer,128,4
  45              		.comm	Count,1,1
  46              		.text
  47              	.Letext0:
  48              		.file 2 "c:\\program files (x86)\\cypress\\psoc creator\\4.0\\psoc creator\\import\\gnu\\arm\\4.9.
  49              		.file 3 "c:\\program files (x86)\\cypress\\psoc creator\\4.0\\psoc creator\\import\\gnu\\arm\\4.9.
  50              		.file 4 "Generated_Source\\PSoC5/cytypes.h"
  51              		.file 5 "Generated_Source\\PSoC5/core_cm3.h"
  52              		.section	.debug_info,"",%progbits
  53              	.Ldebug_info0:
  54 0000 FE000000 		.4byte	0xfe
  55 0004 0400     		.2byte	0x4
  56 0006 00000000 		.4byte	.Ldebug_abbrev0
  57 000a 04       		.byte	0x4
  58 000b 01       		.uleb128 0x1
  59 000c 8D000000 		.4byte	.LASF19
  60 0010 01       		.byte	0x1
  61 0011 2E000000 		.4byte	.LASF20
  62 0015 52000000 		.4byte	.LASF21
  63 0019 00000000 		.4byte	.Ldebug_ranges0+0
  64 001d 00000000 		.4byte	0
  65 0021 00000000 		.4byte	.Ldebug_line0
  66 0025 02       		.uleb128 0x2
  67 0026 01       		.byte	0x1
  68 0027 06       		.byte	0x6
  69 0028 6F010000 		.4byte	.LASF0
  70 002c 02       		.uleb128 0x2
  71 002d 01       		.byte	0x1
ARM GAS  C:\Users\lilu1\AppData\Local\Temp\cceElrmz.s 			page 3


  72 002e 08       		.byte	0x8
  73 002f 39010000 		.4byte	.LASF1
  74 0033 02       		.uleb128 0x2
  75 0034 02       		.byte	0x2
  76 0035 05       		.byte	0x5
  77 0036 8B010000 		.4byte	.LASF2
  78 003a 02       		.uleb128 0x2
  79 003b 02       		.byte	0x2
  80 003c 07       		.byte	0x7
  81 003d 0E000000 		.4byte	.LASF3
  82 0041 03       		.uleb128 0x3
  83 0042 7B010000 		.4byte	.LASF9
  84 0046 02       		.byte	0x2
  85 0047 3F       		.byte	0x3f
  86 0048 4C000000 		.4byte	0x4c
  87 004c 02       		.uleb128 0x2
  88 004d 04       		.byte	0x4
  89 004e 05       		.byte	0x5
  90 004f 4C010000 		.4byte	.LASF4
  91 0053 02       		.uleb128 0x2
  92 0054 04       		.byte	0x4
  93 0055 07       		.byte	0x7
  94 0056 40000000 		.4byte	.LASF5
  95 005a 02       		.uleb128 0x2
  96 005b 08       		.byte	0x8
  97 005c 05       		.byte	0x5
  98 005d 00000000 		.4byte	.LASF6
  99 0061 02       		.uleb128 0x2
 100 0062 08       		.byte	0x8
 101 0063 07       		.byte	0x7
 102 0064 22010000 		.4byte	.LASF7
 103 0068 04       		.uleb128 0x4
 104 0069 04       		.byte	0x4
 105 006a 05       		.byte	0x5
 106 006b 696E7400 		.ascii	"int\000"
 107 006f 02       		.uleb128 0x2
 108 0070 04       		.byte	0x4
 109 0071 07       		.byte	0x7
 110 0072 21000000 		.4byte	.LASF8
 111 0076 03       		.uleb128 0x3
 112 0077 95010000 		.4byte	.LASF10
 113 007b 03       		.byte	0x3
 114 007c 2C       		.byte	0x2c
 115 007d 41000000 		.4byte	0x41
 116 0081 05       		.uleb128 0x5
 117 0082 3A000000 		.4byte	.LASF11
 118 0086 04       		.byte	0x4
 119 0087 9201     		.2byte	0x192
 120 0089 2C000000 		.4byte	0x2c
 121 008d 02       		.uleb128 0x2
 122 008e 04       		.byte	0x4
 123 008f 04       		.byte	0x4
 124 0090 85010000 		.4byte	.LASF12
 125 0094 02       		.uleb128 0x2
 126 0095 08       		.byte	0x8
 127 0096 04       		.byte	0x4
 128 0097 55010000 		.4byte	.LASF13
ARM GAS  C:\Users\lilu1\AppData\Local\Temp\cceElrmz.s 			page 4


 129 009b 02       		.uleb128 0x2
 130 009c 01       		.byte	0x1
 131 009d 08       		.byte	0x8
 132 009e 47010000 		.4byte	.LASF14
 133 00a2 02       		.uleb128 0x2
 134 00a3 04       		.byte	0x4
 135 00a4 07       		.byte	0x7
 136 00a5 9D010000 		.4byte	.LASF15
 137 00a9 06       		.uleb128 0x6
 138 00aa 35000000 		.4byte	.LASF22
 139 00ae 01       		.byte	0x1
 140 00af 13       		.byte	0x13
 141 00b0 68000000 		.4byte	0x68
 142 00b4 00000000 		.4byte	.LFB63
 143 00b8 04000000 		.4byte	.LFE63-.LFB63
 144 00bc 01       		.uleb128 0x1
 145 00bd 9C       		.byte	0x9c
 146 00be 07       		.uleb128 0x7
 147 00bf 62010000 		.4byte	.LASF16
 148 00c3 05       		.byte	0x5
 149 00c4 9606     		.2byte	0x696
 150 00c6 CA000000 		.4byte	0xca
 151 00ca 08       		.uleb128 0x8
 152 00cb 76000000 		.4byte	0x76
 153 00cf 09       		.uleb128 0x9
 154 00d0 5C010000 		.4byte	.LASF17
 155 00d4 01       		.byte	0x1
 156 00d5 0F       		.byte	0xf
 157 00d6 81000000 		.4byte	0x81
 158 00da 05       		.uleb128 0x5
 159 00db 03       		.byte	0x3
 160 00dc 00000000 		.4byte	Count
 161 00e0 0A       		.uleb128 0xa
 162 00e1 81000000 		.4byte	0x81
 163 00e5 F0000000 		.4byte	0xf0
 164 00e9 0B       		.uleb128 0xb
 165 00ea A2000000 		.4byte	0xa2
 166 00ee 7F       		.byte	0x7f
 167 00ef 00       		.byte	0
 168 00f0 09       		.uleb128 0x9
 169 00f1 1B010000 		.4byte	.LASF18
 170 00f5 01       		.byte	0x1
 171 00f6 10       		.byte	0x10
 172 00f7 E0000000 		.4byte	0xe0
 173 00fb 05       		.uleb128 0x5
 174 00fc 03       		.byte	0x3
 175 00fd 00000000 		.4byte	Buffer
 176 0101 00       		.byte	0
 177              		.section	.debug_abbrev,"",%progbits
 178              	.Ldebug_abbrev0:
 179 0000 01       		.uleb128 0x1
 180 0001 11       		.uleb128 0x11
 181 0002 01       		.byte	0x1
 182 0003 25       		.uleb128 0x25
 183 0004 0E       		.uleb128 0xe
 184 0005 13       		.uleb128 0x13
 185 0006 0B       		.uleb128 0xb
ARM GAS  C:\Users\lilu1\AppData\Local\Temp\cceElrmz.s 			page 5


 186 0007 03       		.uleb128 0x3
 187 0008 0E       		.uleb128 0xe
 188 0009 1B       		.uleb128 0x1b
 189 000a 0E       		.uleb128 0xe
 190 000b 55       		.uleb128 0x55
 191 000c 17       		.uleb128 0x17
 192 000d 11       		.uleb128 0x11
 193 000e 01       		.uleb128 0x1
 194 000f 10       		.uleb128 0x10
 195 0010 17       		.uleb128 0x17
 196 0011 00       		.byte	0
 197 0012 00       		.byte	0
 198 0013 02       		.uleb128 0x2
 199 0014 24       		.uleb128 0x24
 200 0015 00       		.byte	0
 201 0016 0B       		.uleb128 0xb
 202 0017 0B       		.uleb128 0xb
 203 0018 3E       		.uleb128 0x3e
 204 0019 0B       		.uleb128 0xb
 205 001a 03       		.uleb128 0x3
 206 001b 0E       		.uleb128 0xe
 207 001c 00       		.byte	0
 208 001d 00       		.byte	0
 209 001e 03       		.uleb128 0x3
 210 001f 16       		.uleb128 0x16
 211 0020 00       		.byte	0
 212 0021 03       		.uleb128 0x3
 213 0022 0E       		.uleb128 0xe
 214 0023 3A       		.uleb128 0x3a
 215 0024 0B       		.uleb128 0xb
 216 0025 3B       		.uleb128 0x3b
 217 0026 0B       		.uleb128 0xb
 218 0027 49       		.uleb128 0x49
 219 0028 13       		.uleb128 0x13
 220 0029 00       		.byte	0
 221 002a 00       		.byte	0
 222 002b 04       		.uleb128 0x4
 223 002c 24       		.uleb128 0x24
 224 002d 00       		.byte	0
 225 002e 0B       		.uleb128 0xb
 226 002f 0B       		.uleb128 0xb
 227 0030 3E       		.uleb128 0x3e
 228 0031 0B       		.uleb128 0xb
 229 0032 03       		.uleb128 0x3
 230 0033 08       		.uleb128 0x8
 231 0034 00       		.byte	0
 232 0035 00       		.byte	0
 233 0036 05       		.uleb128 0x5
 234 0037 16       		.uleb128 0x16
 235 0038 00       		.byte	0
 236 0039 03       		.uleb128 0x3
 237 003a 0E       		.uleb128 0xe
 238 003b 3A       		.uleb128 0x3a
 239 003c 0B       		.uleb128 0xb
 240 003d 3B       		.uleb128 0x3b
 241 003e 05       		.uleb128 0x5
 242 003f 49       		.uleb128 0x49
ARM GAS  C:\Users\lilu1\AppData\Local\Temp\cceElrmz.s 			page 6


 243 0040 13       		.uleb128 0x13
 244 0041 00       		.byte	0
 245 0042 00       		.byte	0
 246 0043 06       		.uleb128 0x6
 247 0044 2E       		.uleb128 0x2e
 248 0045 00       		.byte	0
 249 0046 3F       		.uleb128 0x3f
 250 0047 19       		.uleb128 0x19
 251 0048 03       		.uleb128 0x3
 252 0049 0E       		.uleb128 0xe
 253 004a 3A       		.uleb128 0x3a
 254 004b 0B       		.uleb128 0xb
 255 004c 3B       		.uleb128 0x3b
 256 004d 0B       		.uleb128 0xb
 257 004e 49       		.uleb128 0x49
 258 004f 13       		.uleb128 0x13
 259 0050 11       		.uleb128 0x11
 260 0051 01       		.uleb128 0x1
 261 0052 12       		.uleb128 0x12
 262 0053 06       		.uleb128 0x6
 263 0054 40       		.uleb128 0x40
 264 0055 18       		.uleb128 0x18
 265 0056 9742     		.uleb128 0x2117
 266 0058 19       		.uleb128 0x19
 267 0059 00       		.byte	0
 268 005a 00       		.byte	0
 269 005b 07       		.uleb128 0x7
 270 005c 34       		.uleb128 0x34
 271 005d 00       		.byte	0
 272 005e 03       		.uleb128 0x3
 273 005f 0E       		.uleb128 0xe
 274 0060 3A       		.uleb128 0x3a
 275 0061 0B       		.uleb128 0xb
 276 0062 3B       		.uleb128 0x3b
 277 0063 05       		.uleb128 0x5
 278 0064 49       		.uleb128 0x49
 279 0065 13       		.uleb128 0x13
 280 0066 3F       		.uleb128 0x3f
 281 0067 19       		.uleb128 0x19
 282 0068 3C       		.uleb128 0x3c
 283 0069 19       		.uleb128 0x19
 284 006a 00       		.byte	0
 285 006b 00       		.byte	0
 286 006c 08       		.uleb128 0x8
 287 006d 35       		.uleb128 0x35
 288 006e 00       		.byte	0
 289 006f 49       		.uleb128 0x49
 290 0070 13       		.uleb128 0x13
 291 0071 00       		.byte	0
 292 0072 00       		.byte	0
 293 0073 09       		.uleb128 0x9
 294 0074 34       		.uleb128 0x34
 295 0075 00       		.byte	0
 296 0076 03       		.uleb128 0x3
 297 0077 0E       		.uleb128 0xe
 298 0078 3A       		.uleb128 0x3a
 299 0079 0B       		.uleb128 0xb
ARM GAS  C:\Users\lilu1\AppData\Local\Temp\cceElrmz.s 			page 7


 300 007a 3B       		.uleb128 0x3b
 301 007b 0B       		.uleb128 0xb
 302 007c 49       		.uleb128 0x49
 303 007d 13       		.uleb128 0x13
 304 007e 3F       		.uleb128 0x3f
 305 007f 19       		.uleb128 0x19
 306 0080 02       		.uleb128 0x2
 307 0081 18       		.uleb128 0x18
 308 0082 00       		.byte	0
 309 0083 00       		.byte	0
 310 0084 0A       		.uleb128 0xa
 311 0085 01       		.uleb128 0x1
 312 0086 01       		.byte	0x1
 313 0087 49       		.uleb128 0x49
 314 0088 13       		.uleb128 0x13
 315 0089 01       		.uleb128 0x1
 316 008a 13       		.uleb128 0x13
 317 008b 00       		.byte	0
 318 008c 00       		.byte	0
 319 008d 0B       		.uleb128 0xb
 320 008e 21       		.uleb128 0x21
 321 008f 00       		.byte	0
 322 0090 49       		.uleb128 0x49
 323 0091 13       		.uleb128 0x13
 324 0092 2F       		.uleb128 0x2f
 325 0093 0B       		.uleb128 0xb
 326 0094 00       		.byte	0
 327 0095 00       		.byte	0
 328 0096 00       		.byte	0
 329              		.section	.debug_aranges,"",%progbits
 330 0000 1C000000 		.4byte	0x1c
 331 0004 0200     		.2byte	0x2
 332 0006 00000000 		.4byte	.Ldebug_info0
 333 000a 04       		.byte	0x4
 334 000b 00       		.byte	0
 335 000c 0000     		.2byte	0
 336 000e 0000     		.2byte	0
 337 0010 00000000 		.4byte	.LFB63
 338 0014 04000000 		.4byte	.LFE63-.LFB63
 339 0018 00000000 		.4byte	0
 340 001c 00000000 		.4byte	0
 341              		.section	.debug_ranges,"",%progbits
 342              	.Ldebug_ranges0:
 343 0000 00000000 		.4byte	.LFB63
 344 0004 04000000 		.4byte	.LFE63
 345 0008 00000000 		.4byte	0
 346 000c 00000000 		.4byte	0
 347              		.section	.debug_line,"",%progbits
 348              	.Ldebug_line0:
 349 0000 60010000 		.section	.debug_str,"MS",%progbits,1
 349      02004701 
 349      00000201 
 349      FB0E0D00 
 349      01010101 
 350              	.LASF6:
 351 0000 6C6F6E67 		.ascii	"long long int\000"
 351      206C6F6E 
ARM GAS  C:\Users\lilu1\AppData\Local\Temp\cceElrmz.s 			page 8


 351      6720696E 
 351      7400
 352              	.LASF3:
 353 000e 73686F72 		.ascii	"short unsigned int\000"
 353      7420756E 
 353      7369676E 
 353      65642069 
 353      6E7400
 354              	.LASF8:
 355 0021 756E7369 		.ascii	"unsigned int\000"
 355      676E6564 
 355      20696E74 
 355      00
 356              	.LASF20:
 357 002e 6D61696E 		.ascii	"main.c\000"
 357      2E6300
 358              	.LASF22:
 359 0035 6D61696E 		.ascii	"main\000"
 359      00
 360              	.LASF11:
 361 003a 75696E74 		.ascii	"uint8\000"
 361      3800
 362              	.LASF5:
 363 0040 6C6F6E67 		.ascii	"long unsigned int\000"
 363      20756E73 
 363      69676E65 
 363      6420696E 
 363      7400
 364              	.LASF21:
 365 0052 443A5C4C 		.ascii	"D:\\LLGD\\3LLWork\\0PrjSyn\\PSOC\\HNP3_ECB_WS\\Basi"
 365      4C47445C 
 365      334C4C57 
 365      6F726B5C 
 365      3050726A 
 366 007f 635F5365 		.ascii	"c_Setup.cydsn\000"
 366      7475702E 
 366      63796473 
 366      6E00
 367              	.LASF19:
 368 008d 474E5520 		.ascii	"GNU C 4.9.3 20150303 (release) [ARM/embedded-4_9-br"
 368      4320342E 
 368      392E3320 
 368      32303135 
 368      30333033 
 369 00c0 616E6368 		.ascii	"anch revision 221220] -mcpu=cortex-m3 -mthumb -g -O"
 369      20726576 
 369      6973696F 
 369      6E203232 
 369      31323230 
 370 00f3 67202D66 		.ascii	"g -ffunction-sections -ffat-lto-objects\000"
 370      66756E63 
 370      74696F6E 
 370      2D736563 
 370      74696F6E 
 371              	.LASF18:
 372 011b 42756666 		.ascii	"Buffer\000"
 372      657200
ARM GAS  C:\Users\lilu1\AppData\Local\Temp\cceElrmz.s 			page 9


 373              	.LASF7:
 374 0122 6C6F6E67 		.ascii	"long long unsigned int\000"
 374      206C6F6E 
 374      6720756E 
 374      7369676E 
 374      65642069 
 375              	.LASF1:
 376 0139 756E7369 		.ascii	"unsigned char\000"
 376      676E6564 
 376      20636861 
 376      7200
 377              	.LASF14:
 378 0147 63686172 		.ascii	"char\000"
 378      00
 379              	.LASF4:
 380 014c 6C6F6E67 		.ascii	"long int\000"
 380      20696E74 
 380      00
 381              	.LASF13:
 382 0155 646F7562 		.ascii	"double\000"
 382      6C6500
 383              	.LASF17:
 384 015c 436F756E 		.ascii	"Count\000"
 384      7400
 385              	.LASF16:
 386 0162 49544D5F 		.ascii	"ITM_RxBuffer\000"
 386      52784275 
 386      66666572 
 386      00
 387              	.LASF0:
 388 016f 7369676E 		.ascii	"signed char\000"
 388      65642063 
 388      68617200 
 389              	.LASF9:
 390 017b 5F5F696E 		.ascii	"__int32_t\000"
 390      7433325F 
 390      7400
 391              	.LASF12:
 392 0185 666C6F61 		.ascii	"float\000"
 392      7400
 393              	.LASF2:
 394 018b 73686F72 		.ascii	"short int\000"
 394      7420696E 
 394      7400
 395              	.LASF10:
 396 0195 696E7433 		.ascii	"int32_t\000"
 396      325F7400 
 397              	.LASF15:
 398 019d 73697A65 		.ascii	"sizetype\000"
 398      74797065 
 398      00
 399              		.ident	"GCC: (GNU Tools for ARM Embedded Processors) 4.9.3 20150303 (release) [ARM/embedded-4_9-br
