ARM GAS  C:\Users\lilu1\AppData\Local\Temp\ccWRTpv3.s 			page 1


   1              		.syntax unified
   2              		.cpu cortex-m3
   3              		.fpu softvfp
   4              		.eabi_attribute 20, 1
   5              		.eabi_attribute 21, 1
   6              		.eabi_attribute 23, 3
   7              		.eabi_attribute 24, 1
   8              		.eabi_attribute 25, 1
   9              		.eabi_attribute 26, 1
  10              		.eabi_attribute 30, 1
  11              		.eabi_attribute 34, 1
  12              		.eabi_attribute 18, 4
  13              		.thumb
  14              		.file	"Status_Reg_2.c"
  15              		.text
  16              	.Ltext0:
  17              		.cfi_sections	.debug_frame
  18              		.section	.text.Status_Reg_2_Read,"ax",%progbits
  19              		.align	2
  20              		.global	Status_Reg_2_Read
  21              		.thumb
  22              		.thumb_func
  23              		.type	Status_Reg_2_Read, %function
  24              	Status_Reg_2_Read:
  25              	.LFB0:
  26              		.file 1 ".\\Generated_Source\\PSoC5\\Status_Reg_2.c"
   1:.\Generated_Source\PSoC5/Status_Reg_2.c **** /*******************************************************************************
   2:.\Generated_Source\PSoC5/Status_Reg_2.c **** * File Name: Status_Reg_2.c  
   3:.\Generated_Source\PSoC5/Status_Reg_2.c **** * Version 1.90
   4:.\Generated_Source\PSoC5/Status_Reg_2.c **** *
   5:.\Generated_Source\PSoC5/Status_Reg_2.c **** * Description:
   6:.\Generated_Source\PSoC5/Status_Reg_2.c **** *  This file contains API to enable firmware to read the value of a Status 
   7:.\Generated_Source\PSoC5/Status_Reg_2.c **** *  Register.
   8:.\Generated_Source\PSoC5/Status_Reg_2.c **** *
   9:.\Generated_Source\PSoC5/Status_Reg_2.c **** * Note:
  10:.\Generated_Source\PSoC5/Status_Reg_2.c **** *
  11:.\Generated_Source\PSoC5/Status_Reg_2.c **** ********************************************************************************
  12:.\Generated_Source\PSoC5/Status_Reg_2.c **** * Copyright 2008-2015, Cypress Semiconductor Corporation.  All rights reserved.
  13:.\Generated_Source\PSoC5/Status_Reg_2.c **** * You may use this file only in accordance with the license, terms, conditions, 
  14:.\Generated_Source\PSoC5/Status_Reg_2.c **** * disclaimers, and limitations in the end user license agreement accompanying 
  15:.\Generated_Source\PSoC5/Status_Reg_2.c **** * the software package with which this file was provided.
  16:.\Generated_Source\PSoC5/Status_Reg_2.c **** *******************************************************************************/
  17:.\Generated_Source\PSoC5/Status_Reg_2.c **** 
  18:.\Generated_Source\PSoC5/Status_Reg_2.c **** #include "Status_Reg_2.h"
  19:.\Generated_Source\PSoC5/Status_Reg_2.c **** 
  20:.\Generated_Source\PSoC5/Status_Reg_2.c **** #if !defined(Status_Reg_2_sts_sts_reg__REMOVED) /* Check for removal by optimization */
  21:.\Generated_Source\PSoC5/Status_Reg_2.c **** 
  22:.\Generated_Source\PSoC5/Status_Reg_2.c **** 
  23:.\Generated_Source\PSoC5/Status_Reg_2.c **** /*******************************************************************************
  24:.\Generated_Source\PSoC5/Status_Reg_2.c **** * Function Name: Status_Reg_2_Read
  25:.\Generated_Source\PSoC5/Status_Reg_2.c **** ********************************************************************************
  26:.\Generated_Source\PSoC5/Status_Reg_2.c **** *
  27:.\Generated_Source\PSoC5/Status_Reg_2.c **** * Summary:
  28:.\Generated_Source\PSoC5/Status_Reg_2.c **** *  Reads the current value assigned to the Status Register.
  29:.\Generated_Source\PSoC5/Status_Reg_2.c **** *
  30:.\Generated_Source\PSoC5/Status_Reg_2.c **** * Parameters:
  31:.\Generated_Source\PSoC5/Status_Reg_2.c **** *  None.
ARM GAS  C:\Users\lilu1\AppData\Local\Temp\ccWRTpv3.s 			page 2


  32:.\Generated_Source\PSoC5/Status_Reg_2.c **** *
  33:.\Generated_Source\PSoC5/Status_Reg_2.c **** * Return:
  34:.\Generated_Source\PSoC5/Status_Reg_2.c **** *  The current value in the Status Register.
  35:.\Generated_Source\PSoC5/Status_Reg_2.c **** *
  36:.\Generated_Source\PSoC5/Status_Reg_2.c **** *******************************************************************************/
  37:.\Generated_Source\PSoC5/Status_Reg_2.c **** uint8 Status_Reg_2_Read(void) 
  38:.\Generated_Source\PSoC5/Status_Reg_2.c **** { 
  27              		.loc 1 38 0
  28              		.cfi_startproc
  29              		@ args = 0, pretend = 0, frame = 0
  30              		@ frame_needed = 0, uses_anonymous_args = 0
  31              		@ link register save eliminated.
  39:.\Generated_Source\PSoC5/Status_Reg_2.c ****     return Status_Reg_2_Status;
  32              		.loc 1 39 0
  33 0000 014B     		ldr	r3, .L2
  34 0002 1878     		ldrb	r0, [r3]	@ zero_extendqisi2
  40:.\Generated_Source\PSoC5/Status_Reg_2.c **** }
  35              		.loc 1 40 0
  36 0004 7047     		bx	lr
  37              	.L3:
  38 0006 00BF     		.align	2
  39              	.L2:
  40 0008 6D640040 		.word	1073767533
  41              		.cfi_endproc
  42              	.LFE0:
  43              		.size	Status_Reg_2_Read, .-Status_Reg_2_Read
  44              		.section	.text.Status_Reg_2_InterruptEnable,"ax",%progbits
  45              		.align	2
  46              		.global	Status_Reg_2_InterruptEnable
  47              		.thumb
  48              		.thumb_func
  49              		.type	Status_Reg_2_InterruptEnable, %function
  50              	Status_Reg_2_InterruptEnable:
  51              	.LFB1:
  41:.\Generated_Source\PSoC5/Status_Reg_2.c **** 
  42:.\Generated_Source\PSoC5/Status_Reg_2.c **** 
  43:.\Generated_Source\PSoC5/Status_Reg_2.c **** /*******************************************************************************
  44:.\Generated_Source\PSoC5/Status_Reg_2.c **** * Function Name: Status_Reg_2_InterruptEnable
  45:.\Generated_Source\PSoC5/Status_Reg_2.c **** ********************************************************************************
  46:.\Generated_Source\PSoC5/Status_Reg_2.c **** *
  47:.\Generated_Source\PSoC5/Status_Reg_2.c **** * Summary:
  48:.\Generated_Source\PSoC5/Status_Reg_2.c **** *  Enables the Status Register interrupt.
  49:.\Generated_Source\PSoC5/Status_Reg_2.c **** *
  50:.\Generated_Source\PSoC5/Status_Reg_2.c **** * Parameters:
  51:.\Generated_Source\PSoC5/Status_Reg_2.c **** *  None.
  52:.\Generated_Source\PSoC5/Status_Reg_2.c **** *
  53:.\Generated_Source\PSoC5/Status_Reg_2.c **** * Return:
  54:.\Generated_Source\PSoC5/Status_Reg_2.c **** *  None.
  55:.\Generated_Source\PSoC5/Status_Reg_2.c **** *
  56:.\Generated_Source\PSoC5/Status_Reg_2.c **** *******************************************************************************/
  57:.\Generated_Source\PSoC5/Status_Reg_2.c **** void Status_Reg_2_InterruptEnable(void) 
  58:.\Generated_Source\PSoC5/Status_Reg_2.c **** {
  52              		.loc 1 58 0
  53              		.cfi_startproc
  54              		@ args = 0, pretend = 0, frame = 0
  55              		@ frame_needed = 0, uses_anonymous_args = 0
  56 0000 08B5     		push	{r3, lr}
ARM GAS  C:\Users\lilu1\AppData\Local\Temp\ccWRTpv3.s 			page 3


  57              		.cfi_def_cfa_offset 8
  58              		.cfi_offset 3, -8
  59              		.cfi_offset 14, -4
  59:.\Generated_Source\PSoC5/Status_Reg_2.c ****     uint8 interruptState;
  60:.\Generated_Source\PSoC5/Status_Reg_2.c ****     interruptState = CyEnterCriticalSection();
  60              		.loc 1 60 0
  61 0002 FFF7FEFF 		bl	CyEnterCriticalSection
  62              	.LVL0:
  61:.\Generated_Source\PSoC5/Status_Reg_2.c ****     Status_Reg_2_Status_Aux_Ctrl |= Status_Reg_2_STATUS_INTR_ENBL;
  63              		.loc 1 61 0
  64 0006 044A     		ldr	r2, .L6
  65 0008 1378     		ldrb	r3, [r2]	@ zero_extendqisi2
  66 000a 43F01003 		orr	r3, r3, #16
  67 000e 1370     		strb	r3, [r2]
  62:.\Generated_Source\PSoC5/Status_Reg_2.c ****     CyExitCriticalSection(interruptState);
  68              		.loc 1 62 0
  69 0010 FFF7FEFF 		bl	CyExitCriticalSection
  70              	.LVL1:
  71 0014 08BD     		pop	{r3, pc}
  72              	.L7:
  73 0016 00BF     		.align	2
  74              	.L6:
  75 0018 9D640040 		.word	1073767581
  76              		.cfi_endproc
  77              	.LFE1:
  78              		.size	Status_Reg_2_InterruptEnable, .-Status_Reg_2_InterruptEnable
  79              		.section	.text.Status_Reg_2_InterruptDisable,"ax",%progbits
  80              		.align	2
  81              		.global	Status_Reg_2_InterruptDisable
  82              		.thumb
  83              		.thumb_func
  84              		.type	Status_Reg_2_InterruptDisable, %function
  85              	Status_Reg_2_InterruptDisable:
  86              	.LFB2:
  63:.\Generated_Source\PSoC5/Status_Reg_2.c **** }
  64:.\Generated_Source\PSoC5/Status_Reg_2.c **** 
  65:.\Generated_Source\PSoC5/Status_Reg_2.c **** 
  66:.\Generated_Source\PSoC5/Status_Reg_2.c **** /*******************************************************************************
  67:.\Generated_Source\PSoC5/Status_Reg_2.c **** * Function Name: Status_Reg_2_InterruptDisable
  68:.\Generated_Source\PSoC5/Status_Reg_2.c **** ********************************************************************************
  69:.\Generated_Source\PSoC5/Status_Reg_2.c **** *
  70:.\Generated_Source\PSoC5/Status_Reg_2.c **** * Summary:
  71:.\Generated_Source\PSoC5/Status_Reg_2.c **** *  Disables the Status Register interrupt.
  72:.\Generated_Source\PSoC5/Status_Reg_2.c **** *
  73:.\Generated_Source\PSoC5/Status_Reg_2.c **** * Parameters:
  74:.\Generated_Source\PSoC5/Status_Reg_2.c **** *  None.
  75:.\Generated_Source\PSoC5/Status_Reg_2.c **** *
  76:.\Generated_Source\PSoC5/Status_Reg_2.c **** * Return:
  77:.\Generated_Source\PSoC5/Status_Reg_2.c **** *  None.
  78:.\Generated_Source\PSoC5/Status_Reg_2.c **** *
  79:.\Generated_Source\PSoC5/Status_Reg_2.c **** *******************************************************************************/
  80:.\Generated_Source\PSoC5/Status_Reg_2.c **** void Status_Reg_2_InterruptDisable(void) 
  81:.\Generated_Source\PSoC5/Status_Reg_2.c **** {
  87              		.loc 1 81 0
  88              		.cfi_startproc
  89              		@ args = 0, pretend = 0, frame = 0
  90              		@ frame_needed = 0, uses_anonymous_args = 0
ARM GAS  C:\Users\lilu1\AppData\Local\Temp\ccWRTpv3.s 			page 4


  91 0000 08B5     		push	{r3, lr}
  92              		.cfi_def_cfa_offset 8
  93              		.cfi_offset 3, -8
  94              		.cfi_offset 14, -4
  82:.\Generated_Source\PSoC5/Status_Reg_2.c ****     uint8 interruptState;
  83:.\Generated_Source\PSoC5/Status_Reg_2.c ****     interruptState = CyEnterCriticalSection();
  95              		.loc 1 83 0
  96 0002 FFF7FEFF 		bl	CyEnterCriticalSection
  97              	.LVL2:
  84:.\Generated_Source\PSoC5/Status_Reg_2.c ****     Status_Reg_2_Status_Aux_Ctrl &= (uint8)(~Status_Reg_2_STATUS_INTR_ENBL);
  98              		.loc 1 84 0
  99 0006 044A     		ldr	r2, .L10
 100 0008 1378     		ldrb	r3, [r2]	@ zero_extendqisi2
 101 000a 03F0EF03 		and	r3, r3, #239
 102 000e 1370     		strb	r3, [r2]
  85:.\Generated_Source\PSoC5/Status_Reg_2.c ****     CyExitCriticalSection(interruptState);
 103              		.loc 1 85 0
 104 0010 FFF7FEFF 		bl	CyExitCriticalSection
 105              	.LVL3:
 106 0014 08BD     		pop	{r3, pc}
 107              	.L11:
 108 0016 00BF     		.align	2
 109              	.L10:
 110 0018 9D640040 		.word	1073767581
 111              		.cfi_endproc
 112              	.LFE2:
 113              		.size	Status_Reg_2_InterruptDisable, .-Status_Reg_2_InterruptDisable
 114              		.section	.text.Status_Reg_2_WriteMask,"ax",%progbits
 115              		.align	2
 116              		.global	Status_Reg_2_WriteMask
 117              		.thumb
 118              		.thumb_func
 119              		.type	Status_Reg_2_WriteMask, %function
 120              	Status_Reg_2_WriteMask:
 121              	.LFB3:
  86:.\Generated_Source\PSoC5/Status_Reg_2.c **** }
  87:.\Generated_Source\PSoC5/Status_Reg_2.c **** 
  88:.\Generated_Source\PSoC5/Status_Reg_2.c **** 
  89:.\Generated_Source\PSoC5/Status_Reg_2.c **** /*******************************************************************************
  90:.\Generated_Source\PSoC5/Status_Reg_2.c **** * Function Name: Status_Reg_2_WriteMask
  91:.\Generated_Source\PSoC5/Status_Reg_2.c **** ********************************************************************************
  92:.\Generated_Source\PSoC5/Status_Reg_2.c **** *
  93:.\Generated_Source\PSoC5/Status_Reg_2.c **** * Summary:
  94:.\Generated_Source\PSoC5/Status_Reg_2.c **** *  Writes the current mask value assigned to the Status Register.
  95:.\Generated_Source\PSoC5/Status_Reg_2.c **** *
  96:.\Generated_Source\PSoC5/Status_Reg_2.c **** * Parameters:
  97:.\Generated_Source\PSoC5/Status_Reg_2.c **** *  mask:  Value to write into the mask register.
  98:.\Generated_Source\PSoC5/Status_Reg_2.c **** *
  99:.\Generated_Source\PSoC5/Status_Reg_2.c **** * Return:
 100:.\Generated_Source\PSoC5/Status_Reg_2.c **** *  None.
 101:.\Generated_Source\PSoC5/Status_Reg_2.c **** *
 102:.\Generated_Source\PSoC5/Status_Reg_2.c **** *******************************************************************************/
 103:.\Generated_Source\PSoC5/Status_Reg_2.c **** void Status_Reg_2_WriteMask(uint8 mask) 
 104:.\Generated_Source\PSoC5/Status_Reg_2.c **** {
 122              		.loc 1 104 0
 123              		.cfi_startproc
 124              		@ args = 0, pretend = 0, frame = 0
ARM GAS  C:\Users\lilu1\AppData\Local\Temp\ccWRTpv3.s 			page 5


 125              		@ frame_needed = 0, uses_anonymous_args = 0
 126              		@ link register save eliminated.
 127              	.LVL4:
 105:.\Generated_Source\PSoC5/Status_Reg_2.c ****     #if(Status_Reg_2_INPUTS < 8u)
 106:.\Generated_Source\PSoC5/Status_Reg_2.c ****     	mask &= ((uint8)(1u << Status_Reg_2_INPUTS) - 1u);
 107:.\Generated_Source\PSoC5/Status_Reg_2.c **** 	#endif /* End Status_Reg_2_INPUTS < 8u */
 108:.\Generated_Source\PSoC5/Status_Reg_2.c ****     Status_Reg_2_Status_Mask = mask;
 128              		.loc 1 108 0
 129 0000 014B     		ldr	r3, .L13
 130 0002 1870     		strb	r0, [r3]
 131 0004 7047     		bx	lr
 132              	.L14:
 133 0006 00BF     		.align	2
 134              	.L13:
 135 0008 8D640040 		.word	1073767565
 136              		.cfi_endproc
 137              	.LFE3:
 138              		.size	Status_Reg_2_WriteMask, .-Status_Reg_2_WriteMask
 139              		.section	.text.Status_Reg_2_ReadMask,"ax",%progbits
 140              		.align	2
 141              		.global	Status_Reg_2_ReadMask
 142              		.thumb
 143              		.thumb_func
 144              		.type	Status_Reg_2_ReadMask, %function
 145              	Status_Reg_2_ReadMask:
 146              	.LFB4:
 109:.\Generated_Source\PSoC5/Status_Reg_2.c **** }
 110:.\Generated_Source\PSoC5/Status_Reg_2.c **** 
 111:.\Generated_Source\PSoC5/Status_Reg_2.c **** 
 112:.\Generated_Source\PSoC5/Status_Reg_2.c **** /*******************************************************************************
 113:.\Generated_Source\PSoC5/Status_Reg_2.c **** * Function Name: Status_Reg_2_ReadMask
 114:.\Generated_Source\PSoC5/Status_Reg_2.c **** ********************************************************************************
 115:.\Generated_Source\PSoC5/Status_Reg_2.c **** *
 116:.\Generated_Source\PSoC5/Status_Reg_2.c **** * Summary:
 117:.\Generated_Source\PSoC5/Status_Reg_2.c **** *  Reads the current interrupt mask assigned to the Status Register.
 118:.\Generated_Source\PSoC5/Status_Reg_2.c **** *
 119:.\Generated_Source\PSoC5/Status_Reg_2.c **** * Parameters:
 120:.\Generated_Source\PSoC5/Status_Reg_2.c **** *  None.
 121:.\Generated_Source\PSoC5/Status_Reg_2.c **** *
 122:.\Generated_Source\PSoC5/Status_Reg_2.c **** * Return:
 123:.\Generated_Source\PSoC5/Status_Reg_2.c **** *  The value of the interrupt mask of the Status Register.
 124:.\Generated_Source\PSoC5/Status_Reg_2.c **** *
 125:.\Generated_Source\PSoC5/Status_Reg_2.c **** *******************************************************************************/
 126:.\Generated_Source\PSoC5/Status_Reg_2.c **** uint8 Status_Reg_2_ReadMask(void) 
 127:.\Generated_Source\PSoC5/Status_Reg_2.c **** {
 147              		.loc 1 127 0
 148              		.cfi_startproc
 149              		@ args = 0, pretend = 0, frame = 0
 150              		@ frame_needed = 0, uses_anonymous_args = 0
 151              		@ link register save eliminated.
 128:.\Generated_Source\PSoC5/Status_Reg_2.c ****     return Status_Reg_2_Status_Mask;
 152              		.loc 1 128 0
 153 0000 014B     		ldr	r3, .L16
 154 0002 1878     		ldrb	r0, [r3]	@ zero_extendqisi2
 129:.\Generated_Source\PSoC5/Status_Reg_2.c **** }
 155              		.loc 1 129 0
 156 0004 7047     		bx	lr
ARM GAS  C:\Users\lilu1\AppData\Local\Temp\ccWRTpv3.s 			page 6


 157              	.L17:
 158 0006 00BF     		.align	2
 159              	.L16:
 160 0008 8D640040 		.word	1073767565
 161              		.cfi_endproc
 162              	.LFE4:
 163              		.size	Status_Reg_2_ReadMask, .-Status_Reg_2_ReadMask
 164              		.text
 165              	.Letext0:
 166              		.file 2 ".\\Generated_Source\\PSoC5\\cytypes.h"
 167              		.file 3 ".\\Generated_Source\\PSoC5\\CyLib.h"
 168              		.section	.debug_info,"",%progbits
 169              	.Ldebug_info0:
 170 0000 74010000 		.4byte	0x174
 171 0004 0400     		.2byte	0x4
 172 0006 00000000 		.4byte	.Ldebug_abbrev0
 173 000a 04       		.byte	0x4
 174 000b 01       		.uleb128 0x1
 175 000c D2000000 		.4byte	.LASF21
 176 0010 01       		.byte	0x1
 177 0011 AA000000 		.4byte	.LASF22
 178 0015 78010000 		.4byte	.LASF23
 179 0019 00000000 		.4byte	.Ldebug_ranges0+0
 180 001d 00000000 		.4byte	0
 181 0021 00000000 		.4byte	.Ldebug_line0
 182 0025 02       		.uleb128 0x2
 183 0026 01       		.byte	0x1
 184 0027 06       		.byte	0x6
 185 0028 D5010000 		.4byte	.LASF0
 186 002c 02       		.uleb128 0x2
 187 002d 01       		.byte	0x1
 188 002e 08       		.byte	0x8
 189 002f 65010000 		.4byte	.LASF1
 190 0033 02       		.uleb128 0x2
 191 0034 02       		.byte	0x2
 192 0035 05       		.byte	0x5
 193 0036 0F020000 		.4byte	.LASF2
 194 003a 02       		.uleb128 0x2
 195 003b 02       		.byte	0x2
 196 003c 07       		.byte	0x7
 197 003d C2010000 		.4byte	.LASF3
 198 0041 02       		.uleb128 0x2
 199 0042 04       		.byte	0x4
 200 0043 05       		.byte	0x5
 201 0044 A0010000 		.4byte	.LASF4
 202 0048 02       		.uleb128 0x2
 203 0049 04       		.byte	0x4
 204 004a 07       		.byte	0x7
 205 004b A9010000 		.4byte	.LASF5
 206 004f 02       		.uleb128 0x2
 207 0050 08       		.byte	0x8
 208 0051 05       		.byte	0x5
 209 0052 00000000 		.4byte	.LASF6
 210 0056 02       		.uleb128 0x2
 211 0057 08       		.byte	0x8
 212 0058 07       		.byte	0x7
 213 0059 93000000 		.4byte	.LASF7
ARM GAS  C:\Users\lilu1\AppData\Local\Temp\ccWRTpv3.s 			page 7


 214 005d 03       		.uleb128 0x3
 215 005e 04       		.byte	0x4
 216 005f 05       		.byte	0x5
 217 0060 696E7400 		.ascii	"int\000"
 218 0064 02       		.uleb128 0x2
 219 0065 04       		.byte	0x4
 220 0066 07       		.byte	0x7
 221 0067 1E020000 		.4byte	.LASF8
 222 006b 04       		.uleb128 0x4
 223 006c 77000000 		.4byte	.LASF12
 224 0070 02       		.byte	0x2
 225 0071 9201     		.2byte	0x192
 226 0073 2C000000 		.4byte	0x2c
 227 0077 02       		.uleb128 0x2
 228 0078 04       		.byte	0x4
 229 0079 04       		.byte	0x4
 230 007a 09020000 		.4byte	.LASF9
 231 007e 02       		.uleb128 0x2
 232 007f 08       		.byte	0x8
 233 0080 04       		.byte	0x4
 234 0081 BB010000 		.4byte	.LASF10
 235 0085 02       		.uleb128 0x2
 236 0086 01       		.byte	0x1
 237 0087 08       		.byte	0x8
 238 0088 73010000 		.4byte	.LASF11
 239 008c 04       		.uleb128 0x4
 240 008d 19020000 		.4byte	.LASF13
 241 0091 02       		.byte	0x2
 242 0092 3C02     		.2byte	0x23c
 243 0094 98000000 		.4byte	0x98
 244 0098 05       		.uleb128 0x5
 245 0099 6B000000 		.4byte	0x6b
 246 009d 02       		.uleb128 0x2
 247 009e 04       		.byte	0x4
 248 009f 07       		.byte	0x7
 249 00a0 2B020000 		.4byte	.LASF14
 250 00a4 06       		.uleb128 0x6
 251 00a5 E1010000 		.4byte	.LASF19
 252 00a9 01       		.byte	0x1
 253 00aa 25       		.byte	0x25
 254 00ab 6B000000 		.4byte	0x6b
 255 00af 00000000 		.4byte	.LFB0
 256 00b3 0C000000 		.4byte	.LFE0-.LFB0
 257 00b7 01       		.uleb128 0x1
 258 00b8 9C       		.byte	0x9c
 259 00b9 07       		.uleb128 0x7
 260 00ba 43000000 		.4byte	.LASF15
 261 00be 01       		.byte	0x1
 262 00bf 39       		.byte	0x39
 263 00c0 00000000 		.4byte	.LFB1
 264 00c4 1C000000 		.4byte	.LFE1-.LFB1
 265 00c8 01       		.uleb128 0x1
 266 00c9 9C       		.byte	0x9c
 267 00ca F0000000 		.4byte	0xf0
 268 00ce 08       		.uleb128 0x8
 269 00cf 34020000 		.4byte	.LASF17
 270 00d3 01       		.byte	0x1
ARM GAS  C:\Users\lilu1\AppData\Local\Temp\ccWRTpv3.s 			page 8


 271 00d4 3B       		.byte	0x3b
 272 00d5 6B000000 		.4byte	0x6b
 273 00d9 00000000 		.4byte	.LLST0
 274 00dd 09       		.uleb128 0x9
 275 00de 06000000 		.4byte	.LVL0
 276 00e2 5F010000 		.4byte	0x15f
 277 00e6 09       		.uleb128 0x9
 278 00e7 14000000 		.4byte	.LVL1
 279 00eb 6A010000 		.4byte	0x16a
 280 00ef 00       		.byte	0
 281 00f0 07       		.uleb128 0x7
 282 00f1 0E000000 		.4byte	.LASF16
 283 00f5 01       		.byte	0x1
 284 00f6 50       		.byte	0x50
 285 00f7 00000000 		.4byte	.LFB2
 286 00fb 1C000000 		.4byte	.LFE2-.LFB2
 287 00ff 01       		.uleb128 0x1
 288 0100 9C       		.byte	0x9c
 289 0101 27010000 		.4byte	0x127
 290 0105 08       		.uleb128 0x8
 291 0106 34020000 		.4byte	.LASF17
 292 010a 01       		.byte	0x1
 293 010b 52       		.byte	0x52
 294 010c 6B000000 		.4byte	0x6b
 295 0110 13000000 		.4byte	.LLST1
 296 0114 09       		.uleb128 0x9
 297 0115 06000000 		.4byte	.LVL2
 298 0119 5F010000 		.4byte	0x15f
 299 011d 09       		.uleb128 0x9
 300 011e 14000000 		.4byte	.LVL3
 301 0122 6A010000 		.4byte	0x16a
 302 0126 00       		.byte	0
 303 0127 07       		.uleb128 0x7
 304 0128 2C000000 		.4byte	.LASF18
 305 012c 01       		.byte	0x1
 306 012d 67       		.byte	0x67
 307 012e 00000000 		.4byte	.LFB3
 308 0132 0C000000 		.4byte	.LFE3-.LFB3
 309 0136 01       		.uleb128 0x1
 310 0137 9C       		.byte	0x9c
 311 0138 4A010000 		.4byte	0x14a
 312 013c 0A       		.uleb128 0xa
 313 013d 60010000 		.4byte	.LASF24
 314 0141 01       		.byte	0x1
 315 0142 67       		.byte	0x67
 316 0143 6B000000 		.4byte	0x6b
 317 0147 01       		.uleb128 0x1
 318 0148 50       		.byte	0x50
 319 0149 00       		.byte	0
 320 014a 06       		.uleb128 0x6
 321 014b 7D000000 		.4byte	.LASF20
 322 014f 01       		.byte	0x1
 323 0150 7E       		.byte	0x7e
 324 0151 6B000000 		.4byte	0x6b
 325 0155 00000000 		.4byte	.LFB4
 326 0159 0C000000 		.4byte	.LFE4-.LFB4
 327 015d 01       		.uleb128 0x1
ARM GAS  C:\Users\lilu1\AppData\Local\Temp\ccWRTpv3.s 			page 9


 328 015e 9C       		.byte	0x9c
 329 015f 0B       		.uleb128 0xb
 330 0160 60000000 		.4byte	.LASF25
 331 0164 03       		.byte	0x3
 332 0165 7D       		.byte	0x7d
 333 0166 6B000000 		.4byte	0x6b
 334 016a 0C       		.uleb128 0xc
 335 016b F3010000 		.4byte	.LASF26
 336 016f 03       		.byte	0x3
 337 0170 7E       		.byte	0x7e
 338 0171 0D       		.uleb128 0xd
 339 0172 6B000000 		.4byte	0x6b
 340 0176 00       		.byte	0
 341 0177 00       		.byte	0
 342              		.section	.debug_abbrev,"",%progbits
 343              	.Ldebug_abbrev0:
 344 0000 01       		.uleb128 0x1
 345 0001 11       		.uleb128 0x11
 346 0002 01       		.byte	0x1
 347 0003 25       		.uleb128 0x25
 348 0004 0E       		.uleb128 0xe
 349 0005 13       		.uleb128 0x13
 350 0006 0B       		.uleb128 0xb
 351 0007 03       		.uleb128 0x3
 352 0008 0E       		.uleb128 0xe
 353 0009 1B       		.uleb128 0x1b
 354 000a 0E       		.uleb128 0xe
 355 000b 55       		.uleb128 0x55
 356 000c 17       		.uleb128 0x17
 357 000d 11       		.uleb128 0x11
 358 000e 01       		.uleb128 0x1
 359 000f 10       		.uleb128 0x10
 360 0010 17       		.uleb128 0x17
 361 0011 00       		.byte	0
 362 0012 00       		.byte	0
 363 0013 02       		.uleb128 0x2
 364 0014 24       		.uleb128 0x24
 365 0015 00       		.byte	0
 366 0016 0B       		.uleb128 0xb
 367 0017 0B       		.uleb128 0xb
 368 0018 3E       		.uleb128 0x3e
 369 0019 0B       		.uleb128 0xb
 370 001a 03       		.uleb128 0x3
 371 001b 0E       		.uleb128 0xe
 372 001c 00       		.byte	0
 373 001d 00       		.byte	0
 374 001e 03       		.uleb128 0x3
 375 001f 24       		.uleb128 0x24
 376 0020 00       		.byte	0
 377 0021 0B       		.uleb128 0xb
 378 0022 0B       		.uleb128 0xb
 379 0023 3E       		.uleb128 0x3e
 380 0024 0B       		.uleb128 0xb
 381 0025 03       		.uleb128 0x3
 382 0026 08       		.uleb128 0x8
 383 0027 00       		.byte	0
 384 0028 00       		.byte	0
ARM GAS  C:\Users\lilu1\AppData\Local\Temp\ccWRTpv3.s 			page 10


 385 0029 04       		.uleb128 0x4
 386 002a 16       		.uleb128 0x16
 387 002b 00       		.byte	0
 388 002c 03       		.uleb128 0x3
 389 002d 0E       		.uleb128 0xe
 390 002e 3A       		.uleb128 0x3a
 391 002f 0B       		.uleb128 0xb
 392 0030 3B       		.uleb128 0x3b
 393 0031 05       		.uleb128 0x5
 394 0032 49       		.uleb128 0x49
 395 0033 13       		.uleb128 0x13
 396 0034 00       		.byte	0
 397 0035 00       		.byte	0
 398 0036 05       		.uleb128 0x5
 399 0037 35       		.uleb128 0x35
 400 0038 00       		.byte	0
 401 0039 49       		.uleb128 0x49
 402 003a 13       		.uleb128 0x13
 403 003b 00       		.byte	0
 404 003c 00       		.byte	0
 405 003d 06       		.uleb128 0x6
 406 003e 2E       		.uleb128 0x2e
 407 003f 00       		.byte	0
 408 0040 3F       		.uleb128 0x3f
 409 0041 19       		.uleb128 0x19
 410 0042 03       		.uleb128 0x3
 411 0043 0E       		.uleb128 0xe
 412 0044 3A       		.uleb128 0x3a
 413 0045 0B       		.uleb128 0xb
 414 0046 3B       		.uleb128 0x3b
 415 0047 0B       		.uleb128 0xb
 416 0048 27       		.uleb128 0x27
 417 0049 19       		.uleb128 0x19
 418 004a 49       		.uleb128 0x49
 419 004b 13       		.uleb128 0x13
 420 004c 11       		.uleb128 0x11
 421 004d 01       		.uleb128 0x1
 422 004e 12       		.uleb128 0x12
 423 004f 06       		.uleb128 0x6
 424 0050 40       		.uleb128 0x40
 425 0051 18       		.uleb128 0x18
 426 0052 9742     		.uleb128 0x2117
 427 0054 19       		.uleb128 0x19
 428 0055 00       		.byte	0
 429 0056 00       		.byte	0
 430 0057 07       		.uleb128 0x7
 431 0058 2E       		.uleb128 0x2e
 432 0059 01       		.byte	0x1
 433 005a 3F       		.uleb128 0x3f
 434 005b 19       		.uleb128 0x19
 435 005c 03       		.uleb128 0x3
 436 005d 0E       		.uleb128 0xe
 437 005e 3A       		.uleb128 0x3a
 438 005f 0B       		.uleb128 0xb
 439 0060 3B       		.uleb128 0x3b
 440 0061 0B       		.uleb128 0xb
 441 0062 27       		.uleb128 0x27
ARM GAS  C:\Users\lilu1\AppData\Local\Temp\ccWRTpv3.s 			page 11


 442 0063 19       		.uleb128 0x19
 443 0064 11       		.uleb128 0x11
 444 0065 01       		.uleb128 0x1
 445 0066 12       		.uleb128 0x12
 446 0067 06       		.uleb128 0x6
 447 0068 40       		.uleb128 0x40
 448 0069 18       		.uleb128 0x18
 449 006a 9742     		.uleb128 0x2117
 450 006c 19       		.uleb128 0x19
 451 006d 01       		.uleb128 0x1
 452 006e 13       		.uleb128 0x13
 453 006f 00       		.byte	0
 454 0070 00       		.byte	0
 455 0071 08       		.uleb128 0x8
 456 0072 34       		.uleb128 0x34
 457 0073 00       		.byte	0
 458 0074 03       		.uleb128 0x3
 459 0075 0E       		.uleb128 0xe
 460 0076 3A       		.uleb128 0x3a
 461 0077 0B       		.uleb128 0xb
 462 0078 3B       		.uleb128 0x3b
 463 0079 0B       		.uleb128 0xb
 464 007a 49       		.uleb128 0x49
 465 007b 13       		.uleb128 0x13
 466 007c 02       		.uleb128 0x2
 467 007d 17       		.uleb128 0x17
 468 007e 00       		.byte	0
 469 007f 00       		.byte	0
 470 0080 09       		.uleb128 0x9
 471 0081 898201   		.uleb128 0x4109
 472 0084 00       		.byte	0
 473 0085 11       		.uleb128 0x11
 474 0086 01       		.uleb128 0x1
 475 0087 31       		.uleb128 0x31
 476 0088 13       		.uleb128 0x13
 477 0089 00       		.byte	0
 478 008a 00       		.byte	0
 479 008b 0A       		.uleb128 0xa
 480 008c 05       		.uleb128 0x5
 481 008d 00       		.byte	0
 482 008e 03       		.uleb128 0x3
 483 008f 0E       		.uleb128 0xe
 484 0090 3A       		.uleb128 0x3a
 485 0091 0B       		.uleb128 0xb
 486 0092 3B       		.uleb128 0x3b
 487 0093 0B       		.uleb128 0xb
 488 0094 49       		.uleb128 0x49
 489 0095 13       		.uleb128 0x13
 490 0096 02       		.uleb128 0x2
 491 0097 18       		.uleb128 0x18
 492 0098 00       		.byte	0
 493 0099 00       		.byte	0
 494 009a 0B       		.uleb128 0xb
 495 009b 2E       		.uleb128 0x2e
 496 009c 00       		.byte	0
 497 009d 3F       		.uleb128 0x3f
 498 009e 19       		.uleb128 0x19
ARM GAS  C:\Users\lilu1\AppData\Local\Temp\ccWRTpv3.s 			page 12


 499 009f 03       		.uleb128 0x3
 500 00a0 0E       		.uleb128 0xe
 501 00a1 3A       		.uleb128 0x3a
 502 00a2 0B       		.uleb128 0xb
 503 00a3 3B       		.uleb128 0x3b
 504 00a4 0B       		.uleb128 0xb
 505 00a5 27       		.uleb128 0x27
 506 00a6 19       		.uleb128 0x19
 507 00a7 49       		.uleb128 0x49
 508 00a8 13       		.uleb128 0x13
 509 00a9 3C       		.uleb128 0x3c
 510 00aa 19       		.uleb128 0x19
 511 00ab 00       		.byte	0
 512 00ac 00       		.byte	0
 513 00ad 0C       		.uleb128 0xc
 514 00ae 2E       		.uleb128 0x2e
 515 00af 01       		.byte	0x1
 516 00b0 3F       		.uleb128 0x3f
 517 00b1 19       		.uleb128 0x19
 518 00b2 03       		.uleb128 0x3
 519 00b3 0E       		.uleb128 0xe
 520 00b4 3A       		.uleb128 0x3a
 521 00b5 0B       		.uleb128 0xb
 522 00b6 3B       		.uleb128 0x3b
 523 00b7 0B       		.uleb128 0xb
 524 00b8 27       		.uleb128 0x27
 525 00b9 19       		.uleb128 0x19
 526 00ba 3C       		.uleb128 0x3c
 527 00bb 19       		.uleb128 0x19
 528 00bc 00       		.byte	0
 529 00bd 00       		.byte	0
 530 00be 0D       		.uleb128 0xd
 531 00bf 05       		.uleb128 0x5
 532 00c0 00       		.byte	0
 533 00c1 49       		.uleb128 0x49
 534 00c2 13       		.uleb128 0x13
 535 00c3 00       		.byte	0
 536 00c4 00       		.byte	0
 537 00c5 00       		.byte	0
 538              		.section	.debug_loc,"",%progbits
 539              	.Ldebug_loc0:
 540              	.LLST0:
 541 0000 06000000 		.4byte	.LVL0
 542 0004 13000000 		.4byte	.LVL1-1
 543 0008 0100     		.2byte	0x1
 544 000a 50       		.byte	0x50
 545 000b 00000000 		.4byte	0
 546 000f 00000000 		.4byte	0
 547              	.LLST1:
 548 0013 06000000 		.4byte	.LVL2
 549 0017 13000000 		.4byte	.LVL3-1
 550 001b 0100     		.2byte	0x1
 551 001d 50       		.byte	0x50
 552 001e 00000000 		.4byte	0
 553 0022 00000000 		.4byte	0
 554              		.section	.debug_aranges,"",%progbits
 555 0000 3C000000 		.4byte	0x3c
ARM GAS  C:\Users\lilu1\AppData\Local\Temp\ccWRTpv3.s 			page 13


 556 0004 0200     		.2byte	0x2
 557 0006 00000000 		.4byte	.Ldebug_info0
 558 000a 04       		.byte	0x4
 559 000b 00       		.byte	0
 560 000c 0000     		.2byte	0
 561 000e 0000     		.2byte	0
 562 0010 00000000 		.4byte	.LFB0
 563 0014 0C000000 		.4byte	.LFE0-.LFB0
 564 0018 00000000 		.4byte	.LFB1
 565 001c 1C000000 		.4byte	.LFE1-.LFB1
 566 0020 00000000 		.4byte	.LFB2
 567 0024 1C000000 		.4byte	.LFE2-.LFB2
 568 0028 00000000 		.4byte	.LFB3
 569 002c 0C000000 		.4byte	.LFE3-.LFB3
 570 0030 00000000 		.4byte	.LFB4
 571 0034 0C000000 		.4byte	.LFE4-.LFB4
 572 0038 00000000 		.4byte	0
 573 003c 00000000 		.4byte	0
 574              		.section	.debug_ranges,"",%progbits
 575              	.Ldebug_ranges0:
 576 0000 00000000 		.4byte	.LFB0
 577 0004 0C000000 		.4byte	.LFE0
 578 0008 00000000 		.4byte	.LFB1
 579 000c 1C000000 		.4byte	.LFE1
 580 0010 00000000 		.4byte	.LFB2
 581 0014 1C000000 		.4byte	.LFE2
 582 0018 00000000 		.4byte	.LFB3
 583 001c 0C000000 		.4byte	.LFE3
 584 0020 00000000 		.4byte	.LFB4
 585 0024 0C000000 		.4byte	.LFE4
 586 0028 00000000 		.4byte	0
 587 002c 00000000 		.4byte	0
 588              		.section	.debug_line,"",%progbits
 589              	.Ldebug_line0:
 590 0000 B5000000 		.section	.debug_str,"MS",%progbits,1
 590      02005600 
 590      00000201 
 590      FB0E0D00 
 590      01010101 
 591              	.LASF6:
 592 0000 6C6F6E67 		.ascii	"long long int\000"
 592      206C6F6E 
 592      6720696E 
 592      7400
 593              	.LASF16:
 594 000e 53746174 		.ascii	"Status_Reg_2_InterruptDisable\000"
 594      75735F52 
 594      65675F32 
 594      5F496E74 
 594      65727275 
 595              	.LASF18:
 596 002c 53746174 		.ascii	"Status_Reg_2_WriteMask\000"
 596      75735F52 
 596      65675F32 
 596      5F577269 
 596      74654D61 
 597              	.LASF15:
ARM GAS  C:\Users\lilu1\AppData\Local\Temp\ccWRTpv3.s 			page 14


 598 0043 53746174 		.ascii	"Status_Reg_2_InterruptEnable\000"
 598      75735F52 
 598      65675F32 
 598      5F496E74 
 598      65727275 
 599              	.LASF25:
 600 0060 4379456E 		.ascii	"CyEnterCriticalSection\000"
 600      74657243 
 600      72697469 
 600      63616C53 
 600      65637469 
 601              	.LASF12:
 602 0077 75696E74 		.ascii	"uint8\000"
 602      3800
 603              	.LASF20:
 604 007d 53746174 		.ascii	"Status_Reg_2_ReadMask\000"
 604      75735F52 
 604      65675F32 
 604      5F526561 
 604      644D6173 
 605              	.LASF7:
 606 0093 6C6F6E67 		.ascii	"long long unsigned int\000"
 606      206C6F6E 
 606      6720756E 
 606      7369676E 
 606      65642069 
 607              	.LASF22:
 608 00aa 2E5C4765 		.ascii	".\\Generated_Source\\PSoC5\\Status_Reg_2.c\000"
 608      6E657261 
 608      7465645F 
 608      536F7572 
 608      63655C50 
 609              	.LASF21:
 610 00d2 474E5520 		.ascii	"GNU C 4.9.3 20150303 (release) [ARM/embedded-4_9-br"
 610      4320342E 
 610      392E3320 
 610      32303135 
 610      30333033 
 611 0105 616E6368 		.ascii	"anch revision 221220] -mcpu=cortex-m3 -mthumb -g -O"
 611      20726576 
 611      6973696F 
 611      6E203232 
 611      31323230 
 612 0138 67202D66 		.ascii	"g -ffunction-sections -ffat-lto-objects\000"
 612      66756E63 
 612      74696F6E 
 612      2D736563 
 612      74696F6E 
 613              	.LASF24:
 614 0160 6D61736B 		.ascii	"mask\000"
 614      00
 615              	.LASF1:
 616 0165 756E7369 		.ascii	"unsigned char\000"
 616      676E6564 
 616      20636861 
 616      7200
 617              	.LASF11:
ARM GAS  C:\Users\lilu1\AppData\Local\Temp\ccWRTpv3.s 			page 15


 618 0173 63686172 		.ascii	"char\000"
 618      00
 619              	.LASF23:
 620 0178 443A5C4D 		.ascii	"D:\\MyPSoC\\HNP3_ECB_WS\\Basic_Setup.cydsn\000"
 620      7950536F 
 620      435C484E 
 620      50335F45 
 620      43425F57 
 621              	.LASF4:
 622 01a0 6C6F6E67 		.ascii	"long int\000"
 622      20696E74 
 622      00
 623              	.LASF5:
 624 01a9 6C6F6E67 		.ascii	"long unsigned int\000"
 624      20756E73 
 624      69676E65 
 624      6420696E 
 624      7400
 625              	.LASF10:
 626 01bb 646F7562 		.ascii	"double\000"
 626      6C6500
 627              	.LASF3:
 628 01c2 73686F72 		.ascii	"short unsigned int\000"
 628      7420756E 
 628      7369676E 
 628      65642069 
 628      6E7400
 629              	.LASF0:
 630 01d5 7369676E 		.ascii	"signed char\000"
 630      65642063 
 630      68617200 
 631              	.LASF19:
 632 01e1 53746174 		.ascii	"Status_Reg_2_Read\000"
 632      75735F52 
 632      65675F32 
 632      5F526561 
 632      6400
 633              	.LASF26:
 634 01f3 43794578 		.ascii	"CyExitCriticalSection\000"
 634      69744372 
 634      69746963 
 634      616C5365 
 634      6374696F 
 635              	.LASF9:
 636 0209 666C6F61 		.ascii	"float\000"
 636      7400
 637              	.LASF2:
 638 020f 73686F72 		.ascii	"short int\000"
 638      7420696E 
 638      7400
 639              	.LASF13:
 640 0219 72656738 		.ascii	"reg8\000"
 640      00
 641              	.LASF8:
 642 021e 756E7369 		.ascii	"unsigned int\000"
 642      676E6564 
 642      20696E74 
ARM GAS  C:\Users\lilu1\AppData\Local\Temp\ccWRTpv3.s 			page 16


 642      00
 643              	.LASF14:
 644 022b 73697A65 		.ascii	"sizetype\000"
 644      74797065 
 644      00
 645              	.LASF17:
 646 0234 696E7465 		.ascii	"interruptState\000"
 646      72727570 
 646      74537461 
 646      746500
 647              		.ident	"GCC: (GNU Tools for ARM Embedded Processors) 4.9.3 20150303 (release) [ARM/embedded-4_9-br
